/usr/bin/mpicc -O3 -fPIC  -D_LARGEFILE64_SOURCE=1 -DHAVE_HIDDEN -I. -c -o example.o test/example.c
/usr/bin/mpicc -O3 -fPIC  -D_LARGEFILE64_SOURCE=1 -DHAVE_HIDDEN   -c -o adler32.o adler32.c
/usr/bin/mpicc -O3 -fPIC  -D_LARGEFILE64_SOURCE=1 -DHAVE_HIDDEN   -c -o crc32.o crc32.c
/usr/bin/mpicc -O3 -fPIC  -D_LARGEFILE64_SOURCE=1 -DHAVE_HIDDEN   -c -o deflate.o deflate.c
/usr/bin/mpicc -O3 -fPIC  -D_LARGEFILE64_SOURCE=1 -DHAVE_HIDDEN   -c -o infback.o infback.c
/usr/bin/mpicc -O3 -fPIC  -D_LARGEFILE64_SOURCE=1 -DHAVE_HIDDEN   -c -o inffast.o inffast.c
/usr/bin/mpicc -O3 -fPIC  -D_LARGEFILE64_SOURCE=1 -DHAVE_HIDDEN   -c -o inflate.o inflate.c
/usr/bin/mpicc -O3 -fPIC  -D_LARGEFILE64_SOURCE=1 -DHAVE_HIDDEN   -c -o inftrees.o inftrees.c
/usr/bin/mpicc -O3 -fPIC  -D_LARGEFILE64_SOURCE=1 -DHAVE_HIDDEN   -c -o trees.o trees.c
/usr/bin/mpicc -O3 -fPIC  -D_LARGEFILE64_SOURCE=1 -DHAVE_HIDDEN   -c -o zutil.o zutil.c
/usr/bin/mpicc -O3 -fPIC  -D_LARGEFILE64_SOURCE=1 -DHAVE_HIDDEN   -c -o compress.o compress.c
/usr/bin/mpicc -O3 -fPIC  -D_LARGEFILE64_SOURCE=1 -DHAVE_HIDDEN   -c -o uncompr.o uncompr.c
/usr/bin/mpicc -O3 -fPIC  -D_LARGEFILE64_SOURCE=1 -DHAVE_HIDDEN   -c -o gzclose.o gzclose.c
/usr/bin/mpicc -O3 -fPIC  -D_LARGEFILE64_SOURCE=1 -DHAVE_HIDDEN   -c -o gzlib.o gzlib.c
/usr/bin/mpicc -O3 -fPIC  -D_LARGEFILE64_SOURCE=1 -DHAVE_HIDDEN   -c -o gzread.o gzread.c
/usr/bin/mpicc -O3 -fPIC  -D_LARGEFILE64_SOURCE=1 -DHAVE_HIDDEN   -c -o gzwrite.o gzwrite.c
ar rc libz.a adler32.o crc32.o deflate.o infback.o inffast.o inflate.o inftrees.o trees.o zutil.o compress.o uncompr.o gzclose.o gzlib.o gzread.o gzwrite.o 
/usr/bin/mpicc -O3 -fPIC  -D_LARGEFILE64_SOURCE=1 -DHAVE_HIDDEN -o example example.o -L. libz.a
/usr/bin/mpicc -O3 -fPIC  -D_LARGEFILE64_SOURCE=1 -DHAVE_HIDDEN -I. -c -o minigzip.o test/minigzip.c
/usr/bin/mpicc -O3 -fPIC  -D_LARGEFILE64_SOURCE=1 -DHAVE_HIDDEN -o minigzip minigzip.o -L. libz.a
/usr/bin/mpicc -O3 -fPIC  -fPIC -D_LARGEFILE64_SOURCE=1 -DHAVE_HIDDEN -DPIC -c -o objs/adler32.o adler32.c
/usr/bin/mpicc -O3 -fPIC  -fPIC -D_LARGEFILE64_SOURCE=1 -DHAVE_HIDDEN -DPIC -c -o objs/crc32.o crc32.c
/usr/bin/mpicc -O3 -fPIC  -fPIC -D_LARGEFILE64_SOURCE=1 -DHAVE_HIDDEN -DPIC -c -o objs/deflate.o deflate.c
/usr/bin/mpicc -O3 -fPIC  -fPIC -D_LARGEFILE64_SOURCE=1 -DHAVE_HIDDEN -DPIC -c -o objs/infback.o infback.c
/usr/bin/mpicc -O3 -fPIC  -fPIC -D_LARGEFILE64_SOURCE=1 -DHAVE_HIDDEN -DPIC -c -o objs/inffast.o inffast.c
/usr/bin/mpicc -O3 -fPIC  -fPIC -D_LARGEFILE64_SOURCE=1 -DHAVE_HIDDEN -DPIC -c -o objs/inflate.o inflate.c
/usr/bin/mpicc -O3 -fPIC  -fPIC -D_LARGEFILE64_SOURCE=1 -DHAVE_HIDDEN -DPIC -c -o objs/inftrees.o inftrees.c
/usr/bin/mpicc -O3 -fPIC  -fPIC -D_LARGEFILE64_SOURCE=1 -DHAVE_HIDDEN -DPIC -c -o objs/trees.o trees.c
/usr/bin/mpicc -O3 -fPIC  -fPIC -D_LARGEFILE64_SOURCE=1 -DHAVE_HIDDEN -DPIC -c -o objs/zutil.o zutil.c
/usr/bin/mpicc -O3 -fPIC  -fPIC -D_LARGEFILE64_SOURCE=1 -DHAVE_HIDDEN -DPIC -c -o objs/compress.o compress.c
/usr/bin/mpicc -O3 -fPIC  -fPIC -D_LARGEFILE64_SOURCE=1 -DHAVE_HIDDEN -DPIC -c -o objs/uncompr.o uncompr.c
/usr/bin/mpicc -O3 -fPIC  -fPIC -D_LARGEFILE64_SOURCE=1 -DHAVE_HIDDEN -DPIC -c -o objs/gzclose.o gzclose.c
/usr/bin/mpicc -O3 -fPIC  -fPIC -D_LARGEFILE64_SOURCE=1 -DHAVE_HIDDEN -DPIC -c -o objs/gzlib.o gzlib.c
/usr/bin/mpicc -O3 -fPIC  -fPIC -D_LARGEFILE64_SOURCE=1 -DHAVE_HIDDEN -DPIC -c -o objs/gzread.o gzread.c
/usr/bin/mpicc -O3 -fPIC  -fPIC -D_LARGEFILE64_SOURCE=1 -DHAVE_HIDDEN -DPIC -c -o objs/gzwrite.o gzwrite.c
/usr/bin/mpicc -shared -Wl,-soname,libz.so.1,--version-script,zlib.map -O3 -fPIC  -fPIC -D_LARGEFILE64_SOURCE=1 -DHAVE_HIDDEN -o libz.so.1.2.8 adler32.lo crc32.lo deflate.lo infback.lo inffast.lo inflate.lo inftrees.lo trees.lo zutil.lo compress.lo uncompr.lo gzclose.lo gzlib.lo gzread.lo gzwrite.lo  -lc -O3 -fPIC  
rm -f libz.so libz.so.1
ln -s libz.so.1.2.8 libz.so
ln -s libz.so.1.2.8 libz.so.1
/usr/bin/mpicc -O3 -fPIC  -D_LARGEFILE64_SOURCE=1 -DHAVE_HIDDEN -o examplesh example.o -L. libz.so.1.2.8
/usr/bin/mpicc -O3 -fPIC  -D_LARGEFILE64_SOURCE=1 -DHAVE_HIDDEN -o minigzipsh minigzip.o -L. libz.so.1.2.8
/usr/bin/mpicc -O3 -fPIC  -D_LARGEFILE64_SOURCE=1 -DHAVE_HIDDEN -I. -D_FILE_OFFSET_BITS=64 -c -o example64.o test/example.c
/usr/bin/mpicc -O3 -fPIC  -D_LARGEFILE64_SOURCE=1 -DHAVE_HIDDEN -o example64 example64.o -L. libz.a
/usr/bin/mpicc -O3 -fPIC  -D_LARGEFILE64_SOURCE=1 -DHAVE_HIDDEN -I. -D_FILE_OFFSET_BITS=64 -c -o minigzip64.o test/minigzip.c
/usr/bin/mpicc -O3 -fPIC  -D_LARGEFILE64_SOURCE=1 -DHAVE_HIDDEN -o minigzip64 minigzip64.o -L. libz.a
