Making install in src
make[1]: Entering directory '/home/romain/NEMO_UTILS/sources/HDF5/hdf5-1.10.4/src'
make[2]: Entering directory '/home/romain/NEMO_UTILS/sources/HDF5/hdf5-1.10.4/src'
 /bin/mkdir -p '/home/romain/NEMO_UTILS/installs/lib'
 /bin/bash ../libtool   --mode=install /usr/bin/install -c   libhdf5.la '/home/romain/NEMO_UTILS/installs/lib'
libtool: install: /usr/bin/install -c .libs/libhdf5.so.103.0.0 /home/romain/NEMO_UTILS/installs/lib/libhdf5.so.103.0.0
libtool: install: (cd /home/romain/NEMO_UTILS/installs/lib && { ln -s -f libhdf5.so.103.0.0 libhdf5.so.103 || { rm -f libhdf5.so.103 && ln -s libhdf5.so.103.0.0 libhdf5.so.103; }; })
libtool: install: (cd /home/romain/NEMO_UTILS/installs/lib && { ln -s -f libhdf5.so.103.0.0 libhdf5.so || { rm -f libhdf5.so && ln -s libhdf5.so.103.0.0 libhdf5.so; }; })
libtool: install: /usr/bin/install -c .libs/libhdf5.lai /home/romain/NEMO_UTILS/installs/lib/libhdf5.la
libtool: install: /usr/bin/install -c .libs/libhdf5.a /home/romain/NEMO_UTILS/installs/lib/libhdf5.a
libtool: install: chmod 644 /home/romain/NEMO_UTILS/installs/lib/libhdf5.a
libtool: install: ranlib /home/romain/NEMO_UTILS/installs/lib/libhdf5.a
libtool: finish: PATH="/usr/local/sbin:/usr/local/bin:/usr/sbin:/usr/bin:/sbin:/bin:/snap/bin:/sbin" ldconfig -n /home/romain/NEMO_UTILS/installs/lib
----------------------------------------------------------------------
Libraries have been installed in:
   /home/romain/NEMO_UTILS/installs/lib

If you ever happen to want to link against installed libraries
in a given directory, LIBDIR, you must either use libtool, and
specify the full pathname of the library, or use the '-LLIBDIR'
flag during linking and do at least one of the following:
   - add LIBDIR to the 'LD_LIBRARY_PATH' environment variable
     during execution
   - add LIBDIR to the 'LD_RUN_PATH' environment variable
     during linking
   - use the '-Wl,-rpath -Wl,LIBDIR' linker flag
   - have your system administrator add LIBDIR to '/etc/ld.so.conf'

See any operating system documentation about shared libraries for
more information, such as the ld(1) and ld.so(8) manual pages.
----------------------------------------------------------------------
 /bin/mkdir -p '/home/romain/NEMO_UTILS/installs/include'
 /usr/bin/install -c -m 644 hdf5.h H5api_adpt.h H5overflow.h H5pubconf.h H5public.h H5version.h H5Apublic.h H5ACpublic.h H5Cpublic.h H5Dpublic.h H5Epubgen.h H5Epublic.h H5Fpublic.h H5FDpublic.h H5FDcore.h H5FDdirect.h H5FDfamily.h H5FDlog.h H5FDmpi.h H5FDmpio.h H5FDmulti.h H5FDsec2.h H5FDstdio.h H5Gpublic.h H5Ipublic.h H5Lpublic.h H5MMpublic.h H5Opublic.h H5Ppublic.h H5PLextern.h H5PLpublic.h H5Rpublic.h H5Spublic.h H5Tpublic.h H5Zpublic.h '/home/romain/NEMO_UTILS/installs/include'
 /bin/mkdir -p '/home/romain/NEMO_UTILS/installs/lib'
 /usr/bin/install -c -m 644 libhdf5.settings '/home/romain/NEMO_UTILS/installs/lib'
make[2]: Leaving directory '/home/romain/NEMO_UTILS/sources/HDF5/hdf5-1.10.4/src'
make[1]: Leaving directory '/home/romain/NEMO_UTILS/sources/HDF5/hdf5-1.10.4/src'
Making install in test
make[1]: Entering directory '/home/romain/NEMO_UTILS/sources/HDF5/hdf5-1.10.4/test'
make[2]: Entering directory '/home/romain/NEMO_UTILS/sources/HDF5/hdf5-1.10.4/test'
make[2]: Nothing to be done for 'install-exec-am'.
make[2]: Nothing to be done for 'install-data-am'.
make[2]: Leaving directory '/home/romain/NEMO_UTILS/sources/HDF5/hdf5-1.10.4/test'
make[1]: Leaving directory '/home/romain/NEMO_UTILS/sources/HDF5/hdf5-1.10.4/test'
Making install in testpar
make[1]: Entering directory '/home/romain/NEMO_UTILS/sources/HDF5/hdf5-1.10.4/testpar'
make[2]: Entering directory '/home/romain/NEMO_UTILS/sources/HDF5/hdf5-1.10.4/testpar'
make[2]: Nothing to be done for 'install-exec-am'.
make[2]: Nothing to be done for 'install-data-am'.
make[2]: Leaving directory '/home/romain/NEMO_UTILS/sources/HDF5/hdf5-1.10.4/testpar'
make[1]: Leaving directory '/home/romain/NEMO_UTILS/sources/HDF5/hdf5-1.10.4/testpar'
Making install in tools
make[1]: Entering directory '/home/romain/NEMO_UTILS/sources/HDF5/hdf5-1.10.4/tools'
Making install in lib
make[2]: Entering directory '/home/romain/NEMO_UTILS/sources/HDF5/hdf5-1.10.4/tools/lib'
make[3]: Entering directory '/home/romain/NEMO_UTILS/sources/HDF5/hdf5-1.10.4/tools/lib'
make[3]: Nothing to be done for 'install-exec-am'.
make[3]: Nothing to be done for 'install-data-am'.
make[3]: Leaving directory '/home/romain/NEMO_UTILS/sources/HDF5/hdf5-1.10.4/tools/lib'
make[2]: Leaving directory '/home/romain/NEMO_UTILS/sources/HDF5/hdf5-1.10.4/tools/lib'
Making install in src
make[2]: Entering directory '/home/romain/NEMO_UTILS/sources/HDF5/hdf5-1.10.4/tools/src'
Making install in h5diff
make[3]: Entering directory '/home/romain/NEMO_UTILS/sources/HDF5/hdf5-1.10.4/tools/src/h5diff'
make[4]: Entering directory '/home/romain/NEMO_UTILS/sources/HDF5/hdf5-1.10.4/tools/src/h5diff'
 /bin/mkdir -p '/home/romain/NEMO_UTILS/installs/bin'
  /bin/bash ../../../libtool   --mode=install /usr/bin/install -c h5diff ph5diff '/home/romain/NEMO_UTILS/installs/bin'
libtool: install: /usr/bin/install -c .libs/h5diff /home/romain/NEMO_UTILS/installs/bin/h5diff
libtool: install: /usr/bin/install -c .libs/ph5diff /home/romain/NEMO_UTILS/installs/bin/ph5diff
make[4]: Nothing to be done for 'install-data-am'.
make[4]: Leaving directory '/home/romain/NEMO_UTILS/sources/HDF5/hdf5-1.10.4/tools/src/h5diff'
make[3]: Leaving directory '/home/romain/NEMO_UTILS/sources/HDF5/hdf5-1.10.4/tools/src/h5diff'
Making install in h5ls
make[3]: Entering directory '/home/romain/NEMO_UTILS/sources/HDF5/hdf5-1.10.4/tools/src/h5ls'
make[4]: Entering directory '/home/romain/NEMO_UTILS/sources/HDF5/hdf5-1.10.4/tools/src/h5ls'
 /bin/mkdir -p '/home/romain/NEMO_UTILS/installs/bin'
  /bin/bash ../../../libtool   --mode=install /usr/bin/install -c h5ls '/home/romain/NEMO_UTILS/installs/bin'
libtool: install: /usr/bin/install -c .libs/h5ls /home/romain/NEMO_UTILS/installs/bin/h5ls
make[4]: Nothing to be done for 'install-data-am'.
make[4]: Leaving directory '/home/romain/NEMO_UTILS/sources/HDF5/hdf5-1.10.4/tools/src/h5ls'
make[3]: Leaving directory '/home/romain/NEMO_UTILS/sources/HDF5/hdf5-1.10.4/tools/src/h5ls'
Making install in h5dump
make[3]: Entering directory '/home/romain/NEMO_UTILS/sources/HDF5/hdf5-1.10.4/tools/src/h5dump'
make[4]: Entering directory '/home/romain/NEMO_UTILS/sources/HDF5/hdf5-1.10.4/tools/src/h5dump'
 /bin/mkdir -p '/home/romain/NEMO_UTILS/installs/bin'
  /bin/bash ../../../libtool   --mode=install /usr/bin/install -c h5dump '/home/romain/NEMO_UTILS/installs/bin'
libtool: install: /usr/bin/install -c .libs/h5dump /home/romain/NEMO_UTILS/installs/bin/h5dump
make[4]: Nothing to be done for 'install-data-am'.
make[4]: Leaving directory '/home/romain/NEMO_UTILS/sources/HDF5/hdf5-1.10.4/tools/src/h5dump'
make[3]: Leaving directory '/home/romain/NEMO_UTILS/sources/HDF5/hdf5-1.10.4/tools/src/h5dump'
Making install in misc
make[3]: Entering directory '/home/romain/NEMO_UTILS/sources/HDF5/hdf5-1.10.4/tools/src/misc'
make[4]: Entering directory '/home/romain/NEMO_UTILS/sources/HDF5/hdf5-1.10.4/tools/src/misc'
 /bin/mkdir -p '/home/romain/NEMO_UTILS/installs/bin'
  /bin/bash ../../../libtool   --mode=install /usr/bin/install -c h5debug h5repart h5mkgrp h5clear '/home/romain/NEMO_UTILS/installs/bin'
libtool: install: /usr/bin/install -c .libs/h5debug /home/romain/NEMO_UTILS/installs/bin/h5debug
libtool: install: /usr/bin/install -c .libs/h5repart /home/romain/NEMO_UTILS/installs/bin/h5repart
libtool: install: /usr/bin/install -c .libs/h5mkgrp /home/romain/NEMO_UTILS/installs/bin/h5mkgrp
libtool: install: /usr/bin/install -c .libs/h5clear /home/romain/NEMO_UTILS/installs/bin/h5clear
 /bin/mkdir -p '/home/romain/NEMO_UTILS/installs/bin'
 /usr/bin/install -c h5redeploy '/home/romain/NEMO_UTILS/installs/bin'
make[4]: Nothing to be done for 'install-data-am'.
make[4]: Leaving directory '/home/romain/NEMO_UTILS/sources/HDF5/hdf5-1.10.4/tools/src/misc'
make[3]: Leaving directory '/home/romain/NEMO_UTILS/sources/HDF5/hdf5-1.10.4/tools/src/misc'
Making install in h5import
make[3]: Entering directory '/home/romain/NEMO_UTILS/sources/HDF5/hdf5-1.10.4/tools/src/h5import'
make[4]: Entering directory '/home/romain/NEMO_UTILS/sources/HDF5/hdf5-1.10.4/tools/src/h5import'
 /bin/mkdir -p '/home/romain/NEMO_UTILS/installs/bin'
  /bin/bash ../../../libtool   --mode=install /usr/bin/install -c h5import '/home/romain/NEMO_UTILS/installs/bin'
libtool: install: /usr/bin/install -c .libs/h5import /home/romain/NEMO_UTILS/installs/bin/h5import
make[4]: Nothing to be done for 'install-data-am'.
make[4]: Leaving directory '/home/romain/NEMO_UTILS/sources/HDF5/hdf5-1.10.4/tools/src/h5import'
make[3]: Leaving directory '/home/romain/NEMO_UTILS/sources/HDF5/hdf5-1.10.4/tools/src/h5import'
Making install in h5repack
make[3]: Entering directory '/home/romain/NEMO_UTILS/sources/HDF5/hdf5-1.10.4/tools/src/h5repack'
make[4]: Entering directory '/home/romain/NEMO_UTILS/sources/HDF5/hdf5-1.10.4/tools/src/h5repack'
 /bin/mkdir -p '/home/romain/NEMO_UTILS/installs/bin'
  /bin/bash ../../../libtool   --mode=install /usr/bin/install -c h5repack '/home/romain/NEMO_UTILS/installs/bin'
libtool: install: /usr/bin/install -c .libs/h5repack /home/romain/NEMO_UTILS/installs/bin/h5repack
make[4]: Nothing to be done for 'install-data-am'.
make[4]: Leaving directory '/home/romain/NEMO_UTILS/sources/HDF5/hdf5-1.10.4/tools/src/h5repack'
make[3]: Leaving directory '/home/romain/NEMO_UTILS/sources/HDF5/hdf5-1.10.4/tools/src/h5repack'
Making install in h5jam
make[3]: Entering directory '/home/romain/NEMO_UTILS/sources/HDF5/hdf5-1.10.4/tools/src/h5jam'
make[4]: Entering directory '/home/romain/NEMO_UTILS/sources/HDF5/hdf5-1.10.4/tools/src/h5jam'
 /bin/mkdir -p '/home/romain/NEMO_UTILS/installs/bin'
  /bin/bash ../../../libtool   --mode=install /usr/bin/install -c h5jam h5unjam '/home/romain/NEMO_UTILS/installs/bin'
libtool: install: /usr/bin/install -c .libs/h5jam /home/romain/NEMO_UTILS/installs/bin/h5jam
libtool: install: /usr/bin/install -c .libs/h5unjam /home/romain/NEMO_UTILS/installs/bin/h5unjam
make[4]: Nothing to be done for 'install-data-am'.
make[4]: Leaving directory '/home/romain/NEMO_UTILS/sources/HDF5/hdf5-1.10.4/tools/src/h5jam'
make[3]: Leaving directory '/home/romain/NEMO_UTILS/sources/HDF5/hdf5-1.10.4/tools/src/h5jam'
Making install in h5copy
make[3]: Entering directory '/home/romain/NEMO_UTILS/sources/HDF5/hdf5-1.10.4/tools/src/h5copy'
make[4]: Entering directory '/home/romain/NEMO_UTILS/sources/HDF5/hdf5-1.10.4/tools/src/h5copy'
 /bin/mkdir -p '/home/romain/NEMO_UTILS/installs/bin'
  /bin/bash ../../../libtool   --mode=install /usr/bin/install -c h5copy '/home/romain/NEMO_UTILS/installs/bin'
libtool: install: /usr/bin/install -c .libs/h5copy /home/romain/NEMO_UTILS/installs/bin/h5copy
make[4]: Nothing to be done for 'install-data-am'.
make[4]: Leaving directory '/home/romain/NEMO_UTILS/sources/HDF5/hdf5-1.10.4/tools/src/h5copy'
make[3]: Leaving directory '/home/romain/NEMO_UTILS/sources/HDF5/hdf5-1.10.4/tools/src/h5copy'
Making install in h5format_convert
make[3]: Entering directory '/home/romain/NEMO_UTILS/sources/HDF5/hdf5-1.10.4/tools/src/h5format_convert'
make[4]: Entering directory '/home/romain/NEMO_UTILS/sources/HDF5/hdf5-1.10.4/tools/src/h5format_convert'
 /bin/mkdir -p '/home/romain/NEMO_UTILS/installs/bin'
  /bin/bash ../../../libtool   --mode=install /usr/bin/install -c h5format_convert '/home/romain/NEMO_UTILS/installs/bin'
libtool: install: /usr/bin/install -c .libs/h5format_convert /home/romain/NEMO_UTILS/installs/bin/h5format_convert
make[4]: Nothing to be done for 'install-data-am'.
make[4]: Leaving directory '/home/romain/NEMO_UTILS/sources/HDF5/hdf5-1.10.4/tools/src/h5format_convert'
make[3]: Leaving directory '/home/romain/NEMO_UTILS/sources/HDF5/hdf5-1.10.4/tools/src/h5format_convert'
Making install in h5stat
make[3]: Entering directory '/home/romain/NEMO_UTILS/sources/HDF5/hdf5-1.10.4/tools/src/h5stat'
make[4]: Entering directory '/home/romain/NEMO_UTILS/sources/HDF5/hdf5-1.10.4/tools/src/h5stat'
 /bin/mkdir -p '/home/romain/NEMO_UTILS/installs/bin'
  /bin/bash ../../../libtool   --mode=install /usr/bin/install -c h5stat '/home/romain/NEMO_UTILS/installs/bin'
libtool: install: /usr/bin/install -c .libs/h5stat /home/romain/NEMO_UTILS/installs/bin/h5stat
make[4]: Nothing to be done for 'install-data-am'.
make[4]: Leaving directory '/home/romain/NEMO_UTILS/sources/HDF5/hdf5-1.10.4/tools/src/h5stat'
make[3]: Leaving directory '/home/romain/NEMO_UTILS/sources/HDF5/hdf5-1.10.4/tools/src/h5stat'
make[3]: Entering directory '/home/romain/NEMO_UTILS/sources/HDF5/hdf5-1.10.4/tools/src'
make[4]: Entering directory '/home/romain/NEMO_UTILS/sources/HDF5/hdf5-1.10.4/tools/src'
make[4]: Nothing to be done for 'install-exec-am'.
make[4]: Nothing to be done for 'install-data-am'.
make[4]: Leaving directory '/home/romain/NEMO_UTILS/sources/HDF5/hdf5-1.10.4/tools/src'
make[3]: Leaving directory '/home/romain/NEMO_UTILS/sources/HDF5/hdf5-1.10.4/tools/src'
make[2]: Leaving directory '/home/romain/NEMO_UTILS/sources/HDF5/hdf5-1.10.4/tools/src'
Making install in test
make[2]: Entering directory '/home/romain/NEMO_UTILS/sources/HDF5/hdf5-1.10.4/tools/test'
Making install in h5diff
make[3]: Entering directory '/home/romain/NEMO_UTILS/sources/HDF5/hdf5-1.10.4/tools/test/h5diff'
make[4]: Entering directory '/home/romain/NEMO_UTILS/sources/HDF5/hdf5-1.10.4/tools/test/h5diff'
make[4]: Nothing to be done for 'install-exec-am'.
make[4]: Nothing to be done for 'install-data-am'.
make[4]: Leaving directory '/home/romain/NEMO_UTILS/sources/HDF5/hdf5-1.10.4/tools/test/h5diff'
make[3]: Leaving directory '/home/romain/NEMO_UTILS/sources/HDF5/hdf5-1.10.4/tools/test/h5diff'
Making install in h5ls
make[3]: Entering directory '/home/romain/NEMO_UTILS/sources/HDF5/hdf5-1.10.4/tools/test/h5ls'
make[4]: Entering directory '/home/romain/NEMO_UTILS/sources/HDF5/hdf5-1.10.4/tools/test/h5ls'
make[4]: Nothing to be done for 'install-exec-am'.
make[4]: Nothing to be done for 'install-data-am'.
make[4]: Leaving directory '/home/romain/NEMO_UTILS/sources/HDF5/hdf5-1.10.4/tools/test/h5ls'
make[3]: Leaving directory '/home/romain/NEMO_UTILS/sources/HDF5/hdf5-1.10.4/tools/test/h5ls'
Making install in h5dump
make[3]: Entering directory '/home/romain/NEMO_UTILS/sources/HDF5/hdf5-1.10.4/tools/test/h5dump'
make[4]: Entering directory '/home/romain/NEMO_UTILS/sources/HDF5/hdf5-1.10.4/tools/test/h5dump'
make[4]: Nothing to be done for 'install-exec-am'.
make[4]: Nothing to be done for 'install-data-am'.
make[4]: Leaving directory '/home/romain/NEMO_UTILS/sources/HDF5/hdf5-1.10.4/tools/test/h5dump'
make[3]: Leaving directory '/home/romain/NEMO_UTILS/sources/HDF5/hdf5-1.10.4/tools/test/h5dump'
Making install in misc
make[3]: Entering directory '/home/romain/NEMO_UTILS/sources/HDF5/hdf5-1.10.4/tools/test/misc'
Making install in vds
make[4]: Entering directory '/home/romain/NEMO_UTILS/sources/HDF5/hdf5-1.10.4/tools/test/misc/vds'
make[5]: Entering directory '/home/romain/NEMO_UTILS/sources/HDF5/hdf5-1.10.4/tools/test/misc/vds'
make[5]: Nothing to be done for 'install-exec-am'.
make[5]: Nothing to be done for 'install-data-am'.
make[5]: Leaving directory '/home/romain/NEMO_UTILS/sources/HDF5/hdf5-1.10.4/tools/test/misc/vds'
make[4]: Leaving directory '/home/romain/NEMO_UTILS/sources/HDF5/hdf5-1.10.4/tools/test/misc/vds'
make[4]: Entering directory '/home/romain/NEMO_UTILS/sources/HDF5/hdf5-1.10.4/tools/test/misc'
make[5]: Entering directory '/home/romain/NEMO_UTILS/sources/HDF5/hdf5-1.10.4/tools/test/misc'
make[5]: Nothing to be done for 'install-exec-am'.
make[5]: Nothing to be done for 'install-data-am'.
make[5]: Leaving directory '/home/romain/NEMO_UTILS/sources/HDF5/hdf5-1.10.4/tools/test/misc'
make[4]: Leaving directory '/home/romain/NEMO_UTILS/sources/HDF5/hdf5-1.10.4/tools/test/misc'
make[3]: Leaving directory '/home/romain/NEMO_UTILS/sources/HDF5/hdf5-1.10.4/tools/test/misc'
Making install in h5import
make[3]: Entering directory '/home/romain/NEMO_UTILS/sources/HDF5/hdf5-1.10.4/tools/test/h5import'
make[4]: Entering directory '/home/romain/NEMO_UTILS/sources/HDF5/hdf5-1.10.4/tools/test/h5import'
make[4]: Nothing to be done for 'install-exec-am'.
make[4]: Nothing to be done for 'install-data-am'.
make[4]: Leaving directory '/home/romain/NEMO_UTILS/sources/HDF5/hdf5-1.10.4/tools/test/h5import'
make[3]: Leaving directory '/home/romain/NEMO_UTILS/sources/HDF5/hdf5-1.10.4/tools/test/h5import'
Making install in h5repack
make[3]: Entering directory '/home/romain/NEMO_UTILS/sources/HDF5/hdf5-1.10.4/tools/test/h5repack'
make[4]: Entering directory '/home/romain/NEMO_UTILS/sources/HDF5/hdf5-1.10.4/tools/test/h5repack'
make[4]: Nothing to be done for 'install-exec-am'.
make[4]: Nothing to be done for 'install-data-am'.
make[4]: Leaving directory '/home/romain/NEMO_UTILS/sources/HDF5/hdf5-1.10.4/tools/test/h5repack'
make[3]: Leaving directory '/home/romain/NEMO_UTILS/sources/HDF5/hdf5-1.10.4/tools/test/h5repack'
Making install in h5jam
make[3]: Entering directory '/home/romain/NEMO_UTILS/sources/HDF5/hdf5-1.10.4/tools/test/h5jam'
make[4]: Entering directory '/home/romain/NEMO_UTILS/sources/HDF5/hdf5-1.10.4/tools/test/h5jam'
make[4]: Nothing to be done for 'install-exec-am'.
make[4]: Nothing to be done for 'install-data-am'.
make[4]: Leaving directory '/home/romain/NEMO_UTILS/sources/HDF5/hdf5-1.10.4/tools/test/h5jam'
make[3]: Leaving directory '/home/romain/NEMO_UTILS/sources/HDF5/hdf5-1.10.4/tools/test/h5jam'
Making install in h5copy
make[3]: Entering directory '/home/romain/NEMO_UTILS/sources/HDF5/hdf5-1.10.4/tools/test/h5copy'
make[4]: Entering directory '/home/romain/NEMO_UTILS/sources/HDF5/hdf5-1.10.4/tools/test/h5copy'
make[4]: Nothing to be done for 'install-exec-am'.
make[4]: Nothing to be done for 'install-data-am'.
make[4]: Leaving directory '/home/romain/NEMO_UTILS/sources/HDF5/hdf5-1.10.4/tools/test/h5copy'
make[3]: Leaving directory '/home/romain/NEMO_UTILS/sources/HDF5/hdf5-1.10.4/tools/test/h5copy'
Making install in h5format_convert
make[3]: Entering directory '/home/romain/NEMO_UTILS/sources/HDF5/hdf5-1.10.4/tools/test/h5format_convert'
make[4]: Entering directory '/home/romain/NEMO_UTILS/sources/HDF5/hdf5-1.10.4/tools/test/h5format_convert'
make[4]: Nothing to be done for 'install-exec-am'.
make[4]: Nothing to be done for 'install-data-am'.
make[4]: Leaving directory '/home/romain/NEMO_UTILS/sources/HDF5/hdf5-1.10.4/tools/test/h5format_convert'
make[3]: Leaving directory '/home/romain/NEMO_UTILS/sources/HDF5/hdf5-1.10.4/tools/test/h5format_convert'
Making install in h5stat
make[3]: Entering directory '/home/romain/NEMO_UTILS/sources/HDF5/hdf5-1.10.4/tools/test/h5stat'
make[4]: Entering directory '/home/romain/NEMO_UTILS/sources/HDF5/hdf5-1.10.4/tools/test/h5stat'
make[4]: Nothing to be done for 'install-exec-am'.
make[4]: Nothing to be done for 'install-data-am'.
make[4]: Leaving directory '/home/romain/NEMO_UTILS/sources/HDF5/hdf5-1.10.4/tools/test/h5stat'
make[3]: Leaving directory '/home/romain/NEMO_UTILS/sources/HDF5/hdf5-1.10.4/tools/test/h5stat'
Making install in perform
make[3]: Entering directory '/home/romain/NEMO_UTILS/sources/HDF5/hdf5-1.10.4/tools/test/perform'
make[4]: Entering directory '/home/romain/NEMO_UTILS/sources/HDF5/hdf5-1.10.4/tools/test/perform'
 /bin/mkdir -p '/home/romain/NEMO_UTILS/installs/bin'
  /bin/bash ../../../libtool   --mode=install /usr/bin/install -c h5perf_serial h5perf '/home/romain/NEMO_UTILS/installs/bin'
libtool: install: /usr/bin/install -c .libs/h5perf_serial /home/romain/NEMO_UTILS/installs/bin/h5perf_serial
libtool: install: /usr/bin/install -c .libs/h5perf /home/romain/NEMO_UTILS/installs/bin/h5perf
make[4]: Nothing to be done for 'install-data-am'.
make[4]: Leaving directory '/home/romain/NEMO_UTILS/sources/HDF5/hdf5-1.10.4/tools/test/perform'
make[3]: Leaving directory '/home/romain/NEMO_UTILS/sources/HDF5/hdf5-1.10.4/tools/test/perform'
make[3]: Entering directory '/home/romain/NEMO_UTILS/sources/HDF5/hdf5-1.10.4/tools/test'
make[4]: Entering directory '/home/romain/NEMO_UTILS/sources/HDF5/hdf5-1.10.4/tools/test'
make[4]: Nothing to be done for 'install-exec-am'.
make[4]: Nothing to be done for 'install-data-am'.
make[4]: Leaving directory '/home/romain/NEMO_UTILS/sources/HDF5/hdf5-1.10.4/tools/test'
make[3]: Leaving directory '/home/romain/NEMO_UTILS/sources/HDF5/hdf5-1.10.4/tools/test'
make[2]: Leaving directory '/home/romain/NEMO_UTILS/sources/HDF5/hdf5-1.10.4/tools/test'
make[2]: Entering directory '/home/romain/NEMO_UTILS/sources/HDF5/hdf5-1.10.4/tools'
make[3]: Entering directory '/home/romain/NEMO_UTILS/sources/HDF5/hdf5-1.10.4/tools'
make[3]: Nothing to be done for 'install-exec-am'.
make[3]: Nothing to be done for 'install-data-am'.
make[3]: Leaving directory '/home/romain/NEMO_UTILS/sources/HDF5/hdf5-1.10.4/tools'
make[2]: Leaving directory '/home/romain/NEMO_UTILS/sources/HDF5/hdf5-1.10.4/tools'
make[1]: Leaving directory '/home/romain/NEMO_UTILS/sources/HDF5/hdf5-1.10.4/tools'
Making install in .
make[1]: Entering directory '/home/romain/NEMO_UTILS/sources/HDF5/hdf5-1.10.4'
make[2]: Entering directory '/home/romain/NEMO_UTILS/sources/HDF5/hdf5-1.10.4'
make[2]: Nothing to be done for 'install-exec-am'.
make[2]: Nothing to be done for 'install-data-am'.
make[2]: Leaving directory '/home/romain/NEMO_UTILS/sources/HDF5/hdf5-1.10.4'
make[1]: Leaving directory '/home/romain/NEMO_UTILS/sources/HDF5/hdf5-1.10.4'
Making install in fortran
make[1]: Entering directory '/home/romain/NEMO_UTILS/sources/HDF5/hdf5-1.10.4/fortran'
Making install in src
make[2]: Entering directory '/home/romain/NEMO_UTILS/sources/HDF5/hdf5-1.10.4/fortran/src'
make  install-am
make[3]: Entering directory '/home/romain/NEMO_UTILS/sources/HDF5/hdf5-1.10.4/fortran/src'
make[4]: Entering directory '/home/romain/NEMO_UTILS/sources/HDF5/hdf5-1.10.4/fortran/src'
 /bin/mkdir -p '/home/romain/NEMO_UTILS/installs/lib'
 /bin/bash ../../libtool   --mode=install /usr/bin/install -c   libhdf5_fortran.la '/home/romain/NEMO_UTILS/installs/lib'
libtool: warning: relinking 'libhdf5_fortran.la'
libtool: install: (cd /home/romain/NEMO_UTILS/sources/HDF5/hdf5-1.10.4/fortran/src; /bin/bash "/home/romain/NEMO_UTILS/sources/HDF5/hdf5-1.10.4/libtool"  --silent --tag FC --mode=relink /usr/bin/mpif90 -pedantic -Wall -Wextra -Wunderflow -Wimplicit-interface -Wsurprising -Wno-c-binding-type -s -O2 -I../../src -I../../fortran/src -O3 -fPIC -version-info 101:2:1 -L/home/romain/NEMO_UTILS/installs/lib -O3 -fPIC -o libhdf5_fortran.la -rpath /home/romain/NEMO_UTILS/installs/lib H5f90global.lo H5fortran_types.lo H5_ff.lo H5Aff.lo H5Dff.lo H5Eff.lo H5Fff.lo H5Gff.lo H5Iff.lo H5Lff.lo H5Off.lo H5Pff.lo H5Rff.lo H5Sff.lo H5Tff.lo H5Zff.lo H5_gen.lo H5fortkit.lo H5f90kit.lo H5_f.lo H5Af.lo H5Df.lo H5Ef.lo H5Ff.lo H5Gf.lo H5If.lo H5Lf.lo H5Of.lo H5Pf.lo H5Rf.lo H5Sf.lo H5Tf.lo H5Zf.lo HDF5.lo ../../src/libhdf5.la -lz -ldl -lm )
libtool: install: /usr/bin/install -c .libs/libhdf5_fortran.so.100.1.2T /home/romain/NEMO_UTILS/installs/lib/libhdf5_fortran.so.100.1.2
libtool: install: (cd /home/romain/NEMO_UTILS/installs/lib && { ln -s -f libhdf5_fortran.so.100.1.2 libhdf5_fortran.so.100 || { rm -f libhdf5_fortran.so.100 && ln -s libhdf5_fortran.so.100.1.2 libhdf5_fortran.so.100; }; })
libtool: install: (cd /home/romain/NEMO_UTILS/installs/lib && { ln -s -f libhdf5_fortran.so.100.1.2 libhdf5_fortran.so || { rm -f libhdf5_fortran.so && ln -s libhdf5_fortran.so.100.1.2 libhdf5_fortran.so; }; })
libtool: install: /usr/bin/install -c .libs/libhdf5_fortran.lai /home/romain/NEMO_UTILS/installs/lib/libhdf5_fortran.la
libtool: install: /usr/bin/install -c .libs/libhdf5_fortran.a /home/romain/NEMO_UTILS/installs/lib/libhdf5_fortran.a
libtool: install: chmod 644 /home/romain/NEMO_UTILS/installs/lib/libhdf5_fortran.a
libtool: install: ranlib /home/romain/NEMO_UTILS/installs/lib/libhdf5_fortran.a
libtool: finish: PATH="/usr/local/sbin:/usr/local/bin:/usr/sbin:/usr/bin:/sbin:/bin:/snap/bin:/sbin" ldconfig -n /home/romain/NEMO_UTILS/installs/lib
----------------------------------------------------------------------
Libraries have been installed in:
   /home/romain/NEMO_UTILS/installs/lib

If you ever happen to want to link against installed libraries
in a given directory, LIBDIR, you must either use libtool, and
specify the full pathname of the library, or use the '-LLIBDIR'
flag during linking and do at least one of the following:
   - add LIBDIR to the 'LD_LIBRARY_PATH' environment variable
     during execution
   - add LIBDIR to the 'LD_RUN_PATH' environment variable
     during linking
   - use the '-Wl,-rpath -Wl,LIBDIR' linker flag
   - have your system administrator add LIBDIR to '/etc/ld.so.conf'

See any operating system documentation about shared libraries for
more information, such as the ld(1) and ld.so(8) manual pages.
----------------------------------------------------------------------
cp ../../fortran/src/H5f90i_gen.h /home/romain/NEMO_UTILS/installs/include/.
cp ../../fortran/src/H5f90i.h /home/romain/NEMO_UTILS/installs/include/.
make[4]: Leaving directory '/home/romain/NEMO_UTILS/sources/HDF5/hdf5-1.10.4/fortran/src'
make[3]: Leaving directory '/home/romain/NEMO_UTILS/sources/HDF5/hdf5-1.10.4/fortran/src'
make[2]: Leaving directory '/home/romain/NEMO_UTILS/sources/HDF5/hdf5-1.10.4/fortran/src'
Making install in test
make[2]: Entering directory '/home/romain/NEMO_UTILS/sources/HDF5/hdf5-1.10.4/fortran/test'
make[3]: Entering directory '/home/romain/NEMO_UTILS/sources/HDF5/hdf5-1.10.4/fortran/test'
make[3]: Nothing to be done for 'install-exec-am'.
make[3]: Nothing to be done for 'install-data-am'.
make[3]: Leaving directory '/home/romain/NEMO_UTILS/sources/HDF5/hdf5-1.10.4/fortran/test'
make[2]: Leaving directory '/home/romain/NEMO_UTILS/sources/HDF5/hdf5-1.10.4/fortran/test'
Making install in testpar
make[2]: Entering directory '/home/romain/NEMO_UTILS/sources/HDF5/hdf5-1.10.4/fortran/testpar'
make[3]: Entering directory '/home/romain/NEMO_UTILS/sources/HDF5/hdf5-1.10.4/fortran/testpar'
make[3]: Nothing to be done for 'install-exec-am'.
make[3]: Nothing to be done for 'install-data-am'.
make[3]: Leaving directory '/home/romain/NEMO_UTILS/sources/HDF5/hdf5-1.10.4/fortran/testpar'
make[2]: Leaving directory '/home/romain/NEMO_UTILS/sources/HDF5/hdf5-1.10.4/fortran/testpar'
make[2]: Entering directory '/home/romain/NEMO_UTILS/sources/HDF5/hdf5-1.10.4/fortran'
make[3]: Entering directory '/home/romain/NEMO_UTILS/sources/HDF5/hdf5-1.10.4/fortran'
make[3]: Nothing to be done for 'install-exec-am'.
make[3]: Nothing to be done for 'install-data-am'.
make[3]: Leaving directory '/home/romain/NEMO_UTILS/sources/HDF5/hdf5-1.10.4/fortran'
make[2]: Leaving directory '/home/romain/NEMO_UTILS/sources/HDF5/hdf5-1.10.4/fortran'
make[1]: Leaving directory '/home/romain/NEMO_UTILS/sources/HDF5/hdf5-1.10.4/fortran'
Making install in hl
make[1]: Entering directory '/home/romain/NEMO_UTILS/sources/HDF5/hdf5-1.10.4/hl'
Making install in src
make[2]: Entering directory '/home/romain/NEMO_UTILS/sources/HDF5/hdf5-1.10.4/hl/src'
make[3]: Entering directory '/home/romain/NEMO_UTILS/sources/HDF5/hdf5-1.10.4/hl/src'
 /bin/mkdir -p '/home/romain/NEMO_UTILS/installs/lib'
 /bin/bash ../../libtool   --mode=install /usr/bin/install -c   libhdf5_hl.la '/home/romain/NEMO_UTILS/installs/lib'
libtool: warning: relinking 'libhdf5_hl.la'
libtool: install: (cd /home/romain/NEMO_UTILS/sources/HDF5/hdf5-1.10.4/hl/src; /bin/bash "/home/romain/NEMO_UTILS/sources/HDF5/hdf5-1.10.4/libtool"  --silent --tag CC --mode=relink /usr/bin/mpicc -std=c99 -pedantic -Wall -Wextra -Wbad-function-cast -Wc++-compat -Wcast-align -Wcast-qual -Wconversion -Wdeclaration-after-statement -Wdisabled-optimization -Wfloat-equal -Wformat=2 -Winit-self -Winvalid-pch -Wmissing-declarations -Wmissing-include-dirs -Wmissing-prototypes -Wnested-externs -Wold-style-definition -Wpacked -Wpointer-arith -Wredundant-decls -Wshadow -Wstrict-prototypes -Wswitch-default -Wswitch-enum -Wundef -Wunused-macros -Wunsafe-loop-optimizations -Wwrite-strings -finline-functions -s -Wno-inline -Wno-aggregate-return -Wno-missing-format-attribute -Wno-missing-noreturn -O -O3 -fPIC -version-info 101:1:1 -L/home/romain/NEMO_UTILS/installs/lib -O3 -fPIC -o libhdf5_hl.la -rpath /home/romain/NEMO_UTILS/installs/lib H5DO.lo H5DS.lo H5IM.lo H5LT.lo H5LTanalyze.lo H5LTparse.lo H5PT.lo H5TB.lo H5LD.lo ../../src/libhdf5.la -lz -ldl -lm )
libtool: install: /usr/bin/install -c .libs/libhdf5_hl.so.100.1.1T /home/romain/NEMO_UTILS/installs/lib/libhdf5_hl.so.100.1.1
libtool: install: (cd /home/romain/NEMO_UTILS/installs/lib && { ln -s -f libhdf5_hl.so.100.1.1 libhdf5_hl.so.100 || { rm -f libhdf5_hl.so.100 && ln -s libhdf5_hl.so.100.1.1 libhdf5_hl.so.100; }; })
libtool: install: (cd /home/romain/NEMO_UTILS/installs/lib && { ln -s -f libhdf5_hl.so.100.1.1 libhdf5_hl.so || { rm -f libhdf5_hl.so && ln -s libhdf5_hl.so.100.1.1 libhdf5_hl.so; }; })
libtool: install: /usr/bin/install -c .libs/libhdf5_hl.lai /home/romain/NEMO_UTILS/installs/lib/libhdf5_hl.la
libtool: install: /usr/bin/install -c .libs/libhdf5_hl.a /home/romain/NEMO_UTILS/installs/lib/libhdf5_hl.a
libtool: install: chmod 644 /home/romain/NEMO_UTILS/installs/lib/libhdf5_hl.a
libtool: install: ranlib /home/romain/NEMO_UTILS/installs/lib/libhdf5_hl.a
libtool: finish: PATH="/usr/local/sbin:/usr/local/bin:/usr/sbin:/usr/bin:/sbin:/bin:/snap/bin:/sbin" ldconfig -n /home/romain/NEMO_UTILS/installs/lib
----------------------------------------------------------------------
Libraries have been installed in:
   /home/romain/NEMO_UTILS/installs/lib

If you ever happen to want to link against installed libraries
in a given directory, LIBDIR, you must either use libtool, and
specify the full pathname of the library, or use the '-LLIBDIR'
flag during linking and do at least one of the following:
   - add LIBDIR to the 'LD_LIBRARY_PATH' environment variable
     during execution
   - add LIBDIR to the 'LD_RUN_PATH' environment variable
     during linking
   - use the '-Wl,-rpath -Wl,LIBDIR' linker flag
   - have your system administrator add LIBDIR to '/etc/ld.so.conf'

See any operating system documentation about shared libraries for
more information, such as the ld(1) and ld.so(8) manual pages.
----------------------------------------------------------------------
 /bin/mkdir -p '/home/romain/NEMO_UTILS/installs/include'
 /usr/bin/install -c -m 644 hdf5_hl.h H5DOpublic.h H5IMpublic.h H5LTpublic.h H5TBpublic.h H5DSpublic.h H5PTpublic.h H5LDpublic.h '/home/romain/NEMO_UTILS/installs/include'
make[3]: Leaving directory '/home/romain/NEMO_UTILS/sources/HDF5/hdf5-1.10.4/hl/src'
make[2]: Leaving directory '/home/romain/NEMO_UTILS/sources/HDF5/hdf5-1.10.4/hl/src'
Making install in test
make[2]: Entering directory '/home/romain/NEMO_UTILS/sources/HDF5/hdf5-1.10.4/hl/test'
make[3]: Entering directory '/home/romain/NEMO_UTILS/sources/HDF5/hdf5-1.10.4/hl/test'
make[3]: Nothing to be done for 'install-exec-am'.
make[3]: Nothing to be done for 'install-data-am'.
make[3]: Leaving directory '/home/romain/NEMO_UTILS/sources/HDF5/hdf5-1.10.4/hl/test'
make[2]: Leaving directory '/home/romain/NEMO_UTILS/sources/HDF5/hdf5-1.10.4/hl/test'
Making install in tools
make[2]: Entering directory '/home/romain/NEMO_UTILS/sources/HDF5/hdf5-1.10.4/hl/tools'
Making install in gif2h5
make[3]: Entering directory '/home/romain/NEMO_UTILS/sources/HDF5/hdf5-1.10.4/hl/tools/gif2h5'
make[4]: Entering directory '/home/romain/NEMO_UTILS/sources/HDF5/hdf5-1.10.4/hl/tools/gif2h5'
 /bin/mkdir -p '/home/romain/NEMO_UTILS/installs/bin'
  /bin/bash ../../../libtool   --mode=install /usr/bin/install -c gif2h5 h52gif '/home/romain/NEMO_UTILS/installs/bin'
libtool: install: /usr/bin/install -c .libs/gif2h5 /home/romain/NEMO_UTILS/installs/bin/gif2h5
libtool: install: /usr/bin/install -c .libs/h52gif /home/romain/NEMO_UTILS/installs/bin/h52gif
make[4]: Nothing to be done for 'install-data-am'.
make[4]: Leaving directory '/home/romain/NEMO_UTILS/sources/HDF5/hdf5-1.10.4/hl/tools/gif2h5'
make[3]: Leaving directory '/home/romain/NEMO_UTILS/sources/HDF5/hdf5-1.10.4/hl/tools/gif2h5'
Making install in h5watch
make[3]: Entering directory '/home/romain/NEMO_UTILS/sources/HDF5/hdf5-1.10.4/hl/tools/h5watch'
make[4]: Entering directory '/home/romain/NEMO_UTILS/sources/HDF5/hdf5-1.10.4/hl/tools/h5watch'
 /bin/mkdir -p '/home/romain/NEMO_UTILS/installs/bin'
  /bin/bash ../../../libtool   --mode=install /usr/bin/install -c h5watch '/home/romain/NEMO_UTILS/installs/bin'
libtool: install: /usr/bin/install -c .libs/h5watch /home/romain/NEMO_UTILS/installs/bin/h5watch
make[4]: Nothing to be done for 'install-data-am'.
make[4]: Leaving directory '/home/romain/NEMO_UTILS/sources/HDF5/hdf5-1.10.4/hl/tools/h5watch'
make[3]: Leaving directory '/home/romain/NEMO_UTILS/sources/HDF5/hdf5-1.10.4/hl/tools/h5watch'
make[3]: Entering directory '/home/romain/NEMO_UTILS/sources/HDF5/hdf5-1.10.4/hl/tools'
make[4]: Entering directory '/home/romain/NEMO_UTILS/sources/HDF5/hdf5-1.10.4/hl/tools'
make[4]: Nothing to be done for 'install-exec-am'.
make[4]: Nothing to be done for 'install-data-am'.
make[4]: Leaving directory '/home/romain/NEMO_UTILS/sources/HDF5/hdf5-1.10.4/hl/tools'
make[3]: Leaving directory '/home/romain/NEMO_UTILS/sources/HDF5/hdf5-1.10.4/hl/tools'
make[2]: Leaving directory '/home/romain/NEMO_UTILS/sources/HDF5/hdf5-1.10.4/hl/tools'
Making install in fortran
make[2]: Entering directory '/home/romain/NEMO_UTILS/sources/HDF5/hdf5-1.10.4/hl/fortran'
Making install in src
make[3]: Entering directory '/home/romain/NEMO_UTILS/sources/HDF5/hdf5-1.10.4/hl/fortran/src'
make[4]: Entering directory '/home/romain/NEMO_UTILS/sources/HDF5/hdf5-1.10.4/hl/fortran/src'
 /bin/mkdir -p '/home/romain/NEMO_UTILS/installs/lib'
 /bin/bash ../../../libtool   --mode=install /usr/bin/install -c   libhdf5hl_fortran.la '/home/romain/NEMO_UTILS/installs/lib'
libtool: warning: relinking 'libhdf5hl_fortran.la'
libtool: install: (cd /home/romain/NEMO_UTILS/sources/HDF5/hdf5-1.10.4/hl/fortran/src; /bin/bash "/home/romain/NEMO_UTILS/sources/HDF5/hdf5-1.10.4/libtool"  --silent --tag FC --mode=relink /usr/bin/mpif90 -pedantic -Wall -Wextra -Wunderflow -Wimplicit-interface -Wsurprising -Wno-c-binding-type -s -O2 -I../../../fortran/src -I../../../fortran/src -O3 -fPIC -version-info 100:3:0 -L/home/romain/NEMO_UTILS/installs/lib -O3 -fPIC -o libhdf5hl_fortran.la -rpath /home/romain/NEMO_UTILS/installs/lib H5DSfc.lo H5LTfc.lo H5IMfc.lo H5IMcc.lo H5TBfc.lo H5DSff.lo H5LTff.lo H5TBff.lo H5IMff.lo H5LTff_gen.lo H5TBff_gen.lo ../../../hl/src/libhdf5_hl.la ../../../fortran/src/libhdf5_fortran.la -lz -ldl -lm )
libtool: install: /usr/bin/install -c .libs/libhdf5hl_fortran.so.100.0.3T /home/romain/NEMO_UTILS/installs/lib/libhdf5hl_fortran.so.100.0.3
libtool: install: (cd /home/romain/NEMO_UTILS/installs/lib && { ln -s -f libhdf5hl_fortran.so.100.0.3 libhdf5hl_fortran.so.100 || { rm -f libhdf5hl_fortran.so.100 && ln -s libhdf5hl_fortran.so.100.0.3 libhdf5hl_fortran.so.100; }; })
libtool: install: (cd /home/romain/NEMO_UTILS/installs/lib && { ln -s -f libhdf5hl_fortran.so.100.0.3 libhdf5hl_fortran.so || { rm -f libhdf5hl_fortran.so && ln -s libhdf5hl_fortran.so.100.0.3 libhdf5hl_fortran.so; }; })
libtool: install: /usr/bin/install -c .libs/libhdf5hl_fortran.lai /home/romain/NEMO_UTILS/installs/lib/libhdf5hl_fortran.la
libtool: install: /usr/bin/install -c .libs/libhdf5hl_fortran.a /home/romain/NEMO_UTILS/installs/lib/libhdf5hl_fortran.a
libtool: install: chmod 644 /home/romain/NEMO_UTILS/installs/lib/libhdf5hl_fortran.a
libtool: install: ranlib /home/romain/NEMO_UTILS/installs/lib/libhdf5hl_fortran.a
libtool: finish: PATH="/usr/local/sbin:/usr/local/bin:/usr/sbin:/usr/bin:/sbin:/bin:/snap/bin:/sbin" ldconfig -n /home/romain/NEMO_UTILS/installs/lib
----------------------------------------------------------------------
Libraries have been installed in:
   /home/romain/NEMO_UTILS/installs/lib

If you ever happen to want to link against installed libraries
in a given directory, LIBDIR, you must either use libtool, and
specify the full pathname of the library, or use the '-LLIBDIR'
flag during linking and do at least one of the following:
   - add LIBDIR to the 'LD_LIBRARY_PATH' environment variable
     during execution
   - add LIBDIR to the 'LD_RUN_PATH' environment variable
     during linking
   - use the '-Wl,-rpath -Wl,LIBDIR' linker flag
   - have your system administrator add LIBDIR to '/etc/ld.so.conf'

See any operating system documentation about shared libraries for
more information, such as the ld(1) and ld.so(8) manual pages.
----------------------------------------------------------------------
make[4]: Leaving directory '/home/romain/NEMO_UTILS/sources/HDF5/hdf5-1.10.4/hl/fortran/src'
make[3]: Leaving directory '/home/romain/NEMO_UTILS/sources/HDF5/hdf5-1.10.4/hl/fortran/src'
Making install in test
make[3]: Entering directory '/home/romain/NEMO_UTILS/sources/HDF5/hdf5-1.10.4/hl/fortran/test'
make[4]: Entering directory '/home/romain/NEMO_UTILS/sources/HDF5/hdf5-1.10.4/hl/fortran/test'
make[4]: Nothing to be done for 'install-exec-am'.
make[4]: Leaving directory '/home/romain/NEMO_UTILS/sources/HDF5/hdf5-1.10.4/hl/fortran/test'
make[3]: Leaving directory '/home/romain/NEMO_UTILS/sources/HDF5/hdf5-1.10.4/hl/fortran/test'
make[3]: Entering directory '/home/romain/NEMO_UTILS/sources/HDF5/hdf5-1.10.4/hl/fortran'
make[4]: Entering directory '/home/romain/NEMO_UTILS/sources/HDF5/hdf5-1.10.4/hl/fortran'
make[4]: Nothing to be done for 'install-exec-am'.
make[4]: Nothing to be done for 'install-data-am'.
make[4]: Leaving directory '/home/romain/NEMO_UTILS/sources/HDF5/hdf5-1.10.4/hl/fortran'
make[3]: Leaving directory '/home/romain/NEMO_UTILS/sources/HDF5/hdf5-1.10.4/hl/fortran'
make[2]: Leaving directory '/home/romain/NEMO_UTILS/sources/HDF5/hdf5-1.10.4/hl/fortran'
make[2]: Entering directory '/home/romain/NEMO_UTILS/sources/HDF5/hdf5-1.10.4/hl'
make[3]: Entering directory '/home/romain/NEMO_UTILS/sources/HDF5/hdf5-1.10.4/hl'
make[3]: Nothing to be done for 'install-exec-am'.
make[3]: Nothing to be done for 'install-data-am'.
make[3]: Leaving directory '/home/romain/NEMO_UTILS/sources/HDF5/hdf5-1.10.4/hl'
make[2]: Leaving directory '/home/romain/NEMO_UTILS/sources/HDF5/hdf5-1.10.4/hl'
make[1]: Leaving directory '/home/romain/NEMO_UTILS/sources/HDF5/hdf5-1.10.4/hl'
for d in examples fortran hl; do               \
    (cd $d && make  install-examples) || exit 1;           \
done
make[1]: Entering directory '/home/romain/NEMO_UTILS/sources/HDF5/hdf5-1.10.4/examples'
../bin/mkdirs /home/romain/NEMO_UTILS/installs/share/hdf5_examples/c
+ /usr/bin/install -c ./h5_write.c /home/romain/NEMO_UTILS/installs/share/hdf5_examples/c/.
+ /usr/bin/install -c ./h5_read.c /home/romain/NEMO_UTILS/installs/share/hdf5_examples/c/.
+ /usr/bin/install -c ./h5_extend_write.c /home/romain/NEMO_UTILS/installs/share/hdf5_examples/c/.
+ /usr/bin/install -c ./h5_chunk_read.c /home/romain/NEMO_UTILS/installs/share/hdf5_examples/c/.
+ /usr/bin/install -c ./h5_crtgrpd.c /home/romain/NEMO_UTILS/installs/share/hdf5_examples/c/.
+ /usr/bin/install -c ./h5_subset.c /home/romain/NEMO_UTILS/installs/share/hdf5_examples/c/.
+ /usr/bin/install -c ./h5_cmprss.c /home/romain/NEMO_UTILS/installs/share/hdf5_examples/c/.
+ /usr/bin/install -c ./h5_rdwt.c /home/romain/NEMO_UTILS/installs/share/hdf5_examples/c/.
+ /usr/bin/install -c ./h5_crtgrpar.c /home/romain/NEMO_UTILS/installs/share/hdf5_examples/c/.
+ /usr/bin/install -c ./h5_extend.c /home/romain/NEMO_UTILS/installs/share/hdf5_examples/c/.
+ /usr/bin/install -c ./h5_crtatt.c /home/romain/NEMO_UTILS/installs/share/hdf5_examples/c/.
+ /usr/bin/install -c ./h5_crtgrp.c /home/romain/NEMO_UTILS/installs/share/hdf5_examples/c/.
+ /usr/bin/install -c ./h5_crtdat.c /home/romain/NEMO_UTILS/installs/share/hdf5_examples/c/.
+ /usr/bin/install -c ./h5_compound.c /home/romain/NEMO_UTILS/installs/share/hdf5_examples/c/.
+ /usr/bin/install -c ./h5_group.c /home/romain/NEMO_UTILS/installs/share/hdf5_examples/c/.
+ /usr/bin/install -c ./h5_select.c /home/romain/NEMO_UTILS/installs/share/hdf5_examples/c/.
+ /usr/bin/install -c ./h5_attribute.c /home/romain/NEMO_UTILS/installs/share/hdf5_examples/c/.
+ /usr/bin/install -c ./h5_mount.c /home/romain/NEMO_UTILS/installs/share/hdf5_examples/c/.
+ /usr/bin/install -c ./h5_reference.c /home/romain/NEMO_UTILS/installs/share/hdf5_examples/c/.
+ /usr/bin/install -c ./h5_drivers.c /home/romain/NEMO_UTILS/installs/share/hdf5_examples/c/.
+ /usr/bin/install -c ./h5_extlink.c /home/romain/NEMO_UTILS/installs/share/hdf5_examples/c/.
+ /usr/bin/install -c ./h5_elink_unix2win.c /home/romain/NEMO_UTILS/installs/share/hdf5_examples/c/.
+ /usr/bin/install -c ./h5_ref2reg.c /home/romain/NEMO_UTILS/installs/share/hdf5_examples/c/.
+ /usr/bin/install -c ./h5_shared_mesg.c /home/romain/NEMO_UTILS/installs/share/hdf5_examples/c/.
+ /usr/bin/install -c ./ph5example.c /home/romain/NEMO_UTILS/installs/share/hdf5_examples/c/.
+ /usr/bin/install -c ./h5_vds.c /home/romain/NEMO_UTILS/installs/share/hdf5_examples/c/.
+ /usr/bin/install -c ./h5_vds-exc.c /home/romain/NEMO_UTILS/installs/share/hdf5_examples/c/.
+ /usr/bin/install -c ./h5_vds-exclim.c /home/romain/NEMO_UTILS/installs/share/hdf5_examples/c/.
+ /usr/bin/install -c ./h5_vds-eiger.c /home/romain/NEMO_UTILS/installs/share/hdf5_examples/c/.
+ /usr/bin/install -c ./h5_vds-simpleIO.c /home/romain/NEMO_UTILS/installs/share/hdf5_examples/c/.
+ /usr/bin/install -c ./h5_vds-percival.c /home/romain/NEMO_UTILS/installs/share/hdf5_examples/c/.
+ /usr/bin/install -c ./h5_vds-percival-unlim.c /home/romain/NEMO_UTILS/installs/share/hdf5_examples/c/.
+ /usr/bin/install -c ./h5_vds-percival-unlim-maxmin.c /home/romain/NEMO_UTILS/installs/share/hdf5_examples/c/.
+ /usr/bin/install -c run-c-ex.sh /home/romain/NEMO_UTILS/installs/share/hdf5_examples/c/.
+ /usr/bin/install -c ./README /home/romain/NEMO_UTILS/installs/share/hdf5_examples/.
+ /usr/bin/install -c ./run-all-ex.sh /home/romain/NEMO_UTILS/installs/share/hdf5_examples/.
make[1]: Leaving directory '/home/romain/NEMO_UTILS/sources/HDF5/hdf5-1.10.4/examples'
make[1]: Entering directory '/home/romain/NEMO_UTILS/sources/HDF5/hdf5-1.10.4/fortran'
make[2]: Entering directory '/home/romain/NEMO_UTILS/sources/HDF5/hdf5-1.10.4/fortran/examples'
../../bin/mkdirs /home/romain/NEMO_UTILS/installs/share/hdf5_examples/fortran
+ /usr/bin/install -c ./h5_crtdat.f90 /home/romain/NEMO_UTILS/installs/share/hdf5_examples/fortran/.
+ /usr/bin/install -c ./h5_rdwt.f90 /home/romain/NEMO_UTILS/installs/share/hdf5_examples/fortran/.
+ /usr/bin/install -c ./h5_crtatt.f90 /home/romain/NEMO_UTILS/installs/share/hdf5_examples/fortran/.
+ /usr/bin/install -c ./h5_crtgrp.f90 /home/romain/NEMO_UTILS/installs/share/hdf5_examples/fortran/.
+ /usr/bin/install -c ./h5_crtgrpar.f90 /home/romain/NEMO_UTILS/installs/share/hdf5_examples/fortran/.
+ /usr/bin/install -c ./h5_crtgrpd.f90 /home/romain/NEMO_UTILS/installs/share/hdf5_examples/fortran/.
+ /usr/bin/install -c ./h5_extend.f90 /home/romain/NEMO_UTILS/installs/share/hdf5_examples/fortran/.
+ /usr/bin/install -c ./h5_subset.f90 /home/romain/NEMO_UTILS/installs/share/hdf5_examples/fortran/.
+ /usr/bin/install -c ./h5_cmprss.f90 /home/romain/NEMO_UTILS/installs/share/hdf5_examples/fortran/.
+ /usr/bin/install -c ./hyperslab.f90 /home/romain/NEMO_UTILS/installs/share/hdf5_examples/fortran/.
+ /usr/bin/install -c ./selectele.f90 /home/romain/NEMO_UTILS/installs/share/hdf5_examples/fortran/.
+ /usr/bin/install -c ./refobjexample.f90 /home/romain/NEMO_UTILS/installs/share/hdf5_examples/fortran/.
+ /usr/bin/install -c ./refregexample.f90 /home/romain/NEMO_UTILS/installs/share/hdf5_examples/fortran/.
+ /usr/bin/install -c ./mountexample.f90 /home/romain/NEMO_UTILS/installs/share/hdf5_examples/fortran/.
+ /usr/bin/install -c ./compound.f90 /home/romain/NEMO_UTILS/installs/share/hdf5_examples/fortran/.
+ /usr/bin/install -c ./ph5example.f90 /home/romain/NEMO_UTILS/installs/share/hdf5_examples/fortran/.
+ /usr/bin/install -c ./rwdset_fortran2003.f90 /home/romain/NEMO_UTILS/installs/share/hdf5_examples/fortran/.
+ /usr/bin/install -c ./nested_derived_type.f90 /home/romain/NEMO_UTILS/installs/share/hdf5_examples/fortran/.
+ /usr/bin/install -c ./compound_fortran2003.f90 /home/romain/NEMO_UTILS/installs/share/hdf5_examples/fortran/.
+ /usr/bin/install -c ./compound_complex_fortran2003.f90 /home/romain/NEMO_UTILS/installs/share/hdf5_examples/fortran/.
+ /usr/bin/install -c run-fortran-ex.sh /home/romain/NEMO_UTILS/installs/share/hdf5_examples/fortran/.
make[2]: Leaving directory '/home/romain/NEMO_UTILS/sources/HDF5/hdf5-1.10.4/fortran/examples'
make[1]: Leaving directory '/home/romain/NEMO_UTILS/sources/HDF5/hdf5-1.10.4/fortran'
make[1]: Entering directory '/home/romain/NEMO_UTILS/sources/HDF5/hdf5-1.10.4/hl'
for d in examples fortran; do               \
    (cd $d && make  install-examples) || exit 1;           \
done
make[2]: Entering directory '/home/romain/NEMO_UTILS/sources/HDF5/hdf5-1.10.4/hl/examples'
../../bin/mkdirs /home/romain/NEMO_UTILS/installs/share/hdf5_examples/hl/c
+ /usr/bin/install -c ./ex_lite1.c /home/romain/NEMO_UTILS/installs/share/hdf5_examples/hl/c/.
+ /usr/bin/install -c ./ex_lite2.c /home/romain/NEMO_UTILS/installs/share/hdf5_examples/hl/c/.
+ /usr/bin/install -c ./ex_lite3.c /home/romain/NEMO_UTILS/installs/share/hdf5_examples/hl/c/.
+ /usr/bin/install -c ./ptExampleFL.c /home/romain/NEMO_UTILS/installs/share/hdf5_examples/hl/c/.
+ /usr/bin/install -c ./ex_image1.c /home/romain/NEMO_UTILS/installs/share/hdf5_examples/hl/c/.
+ /usr/bin/install -c ./ex_image2.c /home/romain/NEMO_UTILS/installs/share/hdf5_examples/hl/c/.
+ /usr/bin/install -c ./ex_table_01.c /home/romain/NEMO_UTILS/installs/share/hdf5_examples/hl/c/.
+ /usr/bin/install -c ./ex_table_02.c /home/romain/NEMO_UTILS/installs/share/hdf5_examples/hl/c/.
+ /usr/bin/install -c ./ex_table_03.c /home/romain/NEMO_UTILS/installs/share/hdf5_examples/hl/c/.
+ /usr/bin/install -c ./ex_table_04.c /home/romain/NEMO_UTILS/installs/share/hdf5_examples/hl/c/.
+ /usr/bin/install -c ./ex_table_05.c /home/romain/NEMO_UTILS/installs/share/hdf5_examples/hl/c/.
+ /usr/bin/install -c ./ex_table_06.c /home/romain/NEMO_UTILS/installs/share/hdf5_examples/hl/c/.
+ /usr/bin/install -c ./ex_table_07.c /home/romain/NEMO_UTILS/installs/share/hdf5_examples/hl/c/.
+ /usr/bin/install -c ./ex_table_08.c /home/romain/NEMO_UTILS/installs/share/hdf5_examples/hl/c/.
+ /usr/bin/install -c ./ex_table_09.c /home/romain/NEMO_UTILS/installs/share/hdf5_examples/hl/c/.
+ /usr/bin/install -c ./ex_table_10.c /home/romain/NEMO_UTILS/installs/share/hdf5_examples/hl/c/.
+ /usr/bin/install -c ./ex_table_11.c /home/romain/NEMO_UTILS/installs/share/hdf5_examples/hl/c/.
+ /usr/bin/install -c ./ex_table_12.c /home/romain/NEMO_UTILS/installs/share/hdf5_examples/hl/c/.
+ /usr/bin/install -c ./ex_ds1.c /home/romain/NEMO_UTILS/installs/share/hdf5_examples/hl/c/.
+ /usr/bin/install -c ./image24pixel.txt /home/romain/NEMO_UTILS/installs/share/hdf5_examples/hl/c/.
+ /usr/bin/install -c ./image8.txt /home/romain/NEMO_UTILS/installs/share/hdf5_examples/hl/c/.
+ /usr/bin/install -c ./pal_rgb.h /home/romain/NEMO_UTILS/installs/share/hdf5_examples/hl/c/.
+ /usr/bin/install -c run-hlc-ex.sh /home/romain/NEMO_UTILS/installs/share/hdf5_examples/hl/c/.
+ /usr/bin/install -c ./run-hl-ex.sh /home/romain/NEMO_UTILS/installs/share/hdf5_examples/hl/.
make[2]: Leaving directory '/home/romain/NEMO_UTILS/sources/HDF5/hdf5-1.10.4/hl/examples'
make[2]: Entering directory '/home/romain/NEMO_UTILS/sources/HDF5/hdf5-1.10.4/hl/fortran'
make[3]: Entering directory '/home/romain/NEMO_UTILS/sources/HDF5/hdf5-1.10.4/hl/fortran/examples'
../../../bin/mkdirs /home/romain/NEMO_UTILS/installs/share/hdf5_examples/hl/fortran
+ /usr/bin/install -c ./exlite.f90 /home/romain/NEMO_UTILS/installs/share/hdf5_examples/hl/fortran/.
+ /usr/bin/install -c ./ex_ds1.f90 /home/romain/NEMO_UTILS/installs/share/hdf5_examples/hl/fortran/.
+ /usr/bin/install -c run-hlfortran-ex.sh /home/romain/NEMO_UTILS/installs/share/hdf5_examples/hl/fortran/.
make[3]: Leaving directory '/home/romain/NEMO_UTILS/sources/HDF5/hdf5-1.10.4/hl/fortran/examples'
make[2]: Leaving directory '/home/romain/NEMO_UTILS/sources/HDF5/hdf5-1.10.4/hl/fortran'
make[1]: Leaving directory '/home/romain/NEMO_UTILS/sources/HDF5/hdf5-1.10.4/hl'
