configure: WARNING: unrecognized options: --enable-parallel
configure: netCDF-Fortran 4.4.6-development
checking build system type... x86_64-pc-linux-gnu
checking host system type... x86_64-pc-linux-gnu
checking target system type... x86_64-pc-linux-gnu
checking for a BSD-compatible install... /usr/bin/install -c
checking whether build environment is sane... yes
checking for a thread-safe mkdir -p... /bin/mkdir -p
checking for gawk... gawk
checking whether make sets $(MAKE)... yes
checking whether make supports nested variables... yes
checking whether to enable maintainer-specific portions of Makefiles... no
configure: checking user options
checking whether make supports the include directive... yes (GNU style)
checking for gcc... /usr/bin/mpicc
checking whether the C compiler works... yes
checking for C compiler default output file name... a.out
checking for suffix of executables... 
checking whether we are cross compiling... no
checking for suffix of object files... o
checking whether we are using the GNU C compiler... yes
checking whether /usr/bin/mpicc accepts -g... yes
checking for /usr/bin/mpicc option to accept ISO C89... none needed
checking whether /usr/bin/mpicc understands -c and -o together... yes
checking dependency style of /usr/bin/mpicc... gcc3
checking whether extra valgrind tests should be run... no
checking whether parallel IO tests should be run... yes
checking whether netCDF extra tests should be run (developers only)... no
checking whether netCDF documentation should be generated)... no
checking for doxygen... no
configure: WARNING: Doxygen not found - documentation will not be built
checking for dot... no
configure: WARNING: dot not found - will use simple charts in documentation
configure: finding C compiler
checking for gcc... (cached) /usr/bin/mpicc
checking whether we are using the GNU C compiler... (cached) yes
checking whether /usr/bin/mpicc accepts -g... (cached) yes
checking for /usr/bin/mpicc option to accept ISO C89... (cached) none needed
checking whether /usr/bin/mpicc understands -c and -o together... (cached) yes
checking dependency style of /usr/bin/mpicc... (cached) gcc3
checking for an ANSI C-conforming const... yes
configure: finding Fortran compiler
checking whether we are using the GNU Fortran compiler... yes
checking whether /usr/bin/mpif90 accepts -g... yes
checking whether we are using the GNU Fortran 77 compiler... yes
checking whether /usr/bin/mpif77 accepts -g... yes
checking whether Fortran compiler is checked for ISO_C_BINDING support... yes
checking for Fortran flag to compile .f90 files... none
checking fortran 90 modules inclusion flag... -I
checking if Fortran compiler supports Fortran 2003 ISO_C_BINDING... yes
checking if Fortran compiler supports Fortran 2008 ISO_FORTRAN_ENV additions... yes
checking if Fortran compiler supports TS29113 standard extension... yes
checking whether F03 native code is desired... yes
checking whether fortran type sizes should be checked... yes
checking whether large file (> 2GB) tests should be run... no
checking whether benchmarks should be run (experimental)... yes
checking where to put large temp files if large file tests are run... .
configure: setting up libtool
checking how to print strings... printf
checking for a sed that does not truncate output... /bin/sed
checking for grep that handles long lines and -e... /bin/grep
checking for egrep... /bin/grep -E
checking for fgrep... /bin/grep -F
checking for ld used by /usr/bin/mpicc... /usr/bin/ld
checking if the linker (/usr/bin/ld) is GNU ld... yes
checking for BSD- or MS-compatible name lister (nm)... /usr/bin/nm -B
checking the name lister (/usr/bin/nm -B) interface... BSD nm
checking whether ln -s works... yes
checking the maximum length of command line arguments... 1572864
checking how to convert x86_64-pc-linux-gnu file names to x86_64-pc-linux-gnu format... func_convert_file_noop
checking how to convert x86_64-pc-linux-gnu file names to toolchain format... func_convert_file_noop
checking for /usr/bin/ld option to reload object files... -r
checking for objdump... objdump
checking how to recognize dependent libraries... pass_all
checking for dlltool... no
checking how to associate runtime and link libraries... printf %s\n
checking for ar... ar
checking for archiver @FILE support... @
checking for strip... strip
checking for ranlib... ranlib
checking command to parse /usr/bin/nm -B output from /usr/bin/mpicc object... ok
checking for sysroot... no
checking for a working dd... /bin/dd
checking how to truncate binary pipes... /bin/dd bs=4096 count=1
checking for mt... mt
checking if mt is a manifest tool... no
checking how to run the C preprocessor... /usr/bin/mpicc -E
checking for ANSI C header files... yes
checking for sys/types.h... yes
checking for sys/stat.h... yes
checking for stdlib.h... yes
checking for string.h... yes
checking for memory.h... yes
checking for strings.h... yes
checking for inttypes.h... yes
checking for stdint.h... yes
checking for unistd.h... yes
checking for dlfcn.h... yes
checking for objdir... .libs
checking if /usr/bin/mpicc supports -fno-rtti -fno-exceptions... no
checking for /usr/bin/mpicc option to produce PIC... -fPIC -DPIC
checking if /usr/bin/mpicc PIC flag -fPIC -DPIC works... yes
checking if /usr/bin/mpicc static flag -static works... no
checking if /usr/bin/mpicc supports -c -o file.o... yes
checking if /usr/bin/mpicc supports -c -o file.o... (cached) yes
checking whether the /usr/bin/mpicc linker (/usr/bin/ld -m elf_x86_64) supports shared libraries... yes
checking whether -lc should be explicitly linked in... no
checking dynamic linker characteristics... GNU/Linux ld.so
checking how to hardcode library paths into programs... immediate
checking whether stripping libraries is possible... yes
checking if libtool supports shared libraries... yes
checking whether to build shared libraries... yes
checking whether to build static libraries... yes
checking if libtool supports shared libraries... yes
checking whether to build shared libraries... yes
checking whether to build static libraries... yes
checking for /usr/bin/mpif77 option to produce PIC... -fPIC
checking if /usr/bin/mpif77 PIC flag -fPIC works... yes
checking if /usr/bin/mpif77 static flag -static works... no
checking if /usr/bin/mpif77 supports -c -o file.o... yes
checking if /usr/bin/mpif77 supports -c -o file.o... (cached) yes
checking whether the /usr/bin/mpif77 linker (/usr/bin/ld -m elf_x86_64) supports shared libraries... yes
checking dynamic linker characteristics... (cached) GNU/Linux ld.so
checking how to hardcode library paths into programs... immediate
checking if libtool supports shared libraries... yes
checking whether to build shared libraries... yes
checking whether to build static libraries... yes
checking for /usr/bin/mpif90 option to produce PIC... -fPIC
checking if /usr/bin/mpif90 PIC flag -fPIC works... yes
checking if /usr/bin/mpif90 static flag -static works... no
checking if /usr/bin/mpif90 supports -c -o file.o... yes
checking if /usr/bin/mpif90 supports -c -o file.o... (cached) yes
checking whether the /usr/bin/mpif90 linker (/usr/bin/ld -m elf_x86_64) supports shared libraries... yes
checking dynamic linker characteristics... (cached) GNU/Linux ld.so
checking how to hardcode library paths into programs... immediate
configure: finding other utilities
configure: trying to set fortran flags for this platform
checking what FC is set to... /usr/bin/mpif90
checking for special C compiler options needed for large files... no
checking for _FILE_OFFSET_BITS value needed for large files... no
checking for /usr/bin/nm... /usr/bin/nm -B
checking nm flags... 
checking for C-equivalent to Fortran routine "SUB"... sub_
checking for Fortran "byte"... yes
checking for Fortran "integer*2"... yes
checking if Fortran "byte" is C "signed char"... yes
checking if Fortran "byte" is C "short"... no
checking if Fortran "byte" is C "int"... no
checking if Fortran "byte" is C "long"... no
checking if Fortran "integer*2" is C "short"... yes
checking if Fortran "integer*2" is C "int"... no
checking if Fortran "integer*2" is C "long"... no
checking if Fortran "integer" is C "int"... yes
checking if Fortran "real" is C "float"... yes
checking if Fortran "doubleprecision" is C "double"... yes
checking for Fortran-equivalent to netCDF "byte"... byte
checking for Fortran-equivalent to netCDF "short"... integer*2
checking whether extra example tests should be run... no
checking whether a win32 DLL is desired... no
configure: checking types, headers, and functions
checking for floor in -lm... yes
checking for curl_easy_setopt in -lcurl... yes
checking for library containing deflate... -lz
checking for library containing SZ_Compress... no
checking for library containing dlopen... -ldl
checking for library containing H5Fflush... -lhdf5
checking for library containing H5DSis_scale... -lhdf5_hl
checking netcdf.h usability... yes
checking netcdf.h presence... yes
checking for netcdf.h... yes
checking for library containing nc_open... -lnetcdf
checking for nc_def_opaque... yes
checking for nccreate... yes
checking for nc_set_log_level... yes
checking for oc_open... yes
checking for nc_def_opaque... (cached) yes
checking netCDF logging present... yes
checking netCDF v2 API present... yes
checking netCDF-4 present... yes
checking whether to test the filter API... no
checking for stdlib.h... (cached) yes
checking for sys/types.h... (cached) yes
checking sys/param.h usability... yes
checking sys/param.h presence... yes
checking for sys/param.h... yes
checking locale.h usability... yes
checking locale.h presence... yes
checking for locale.h... yes
checking stdio.h usability... yes
checking stdio.h presence... yes
checking for stdio.h... yes
checking stdarg.h usability... yes
checking stdarg.h presence... yes
checking for stdarg.h... yes
checking errno.h usability... yes
checking errno.h presence... yes
checking for errno.h... yes
checking ctype.h usability... yes
checking ctype.h presence... yes
checking for ctype.h... yes
checking fcntl.h usability... yes
checking fcntl.h presence... yes
checking for fcntl.h... yes
checking malloc.h usability... yes
checking malloc.h presence... yes
checking for malloc.h... yes
checking for stdlib.h... (cached) yes
checking for string.h... (cached) yes
checking for strings.h... (cached) yes
checking for unistd.h... (cached) yes
checking for sys/stat.h... (cached) yes
checking getopt.h usability... yes
checking getopt.h presence... yes
checking for getopt.h... yes
checking sys/time.h usability... yes
checking sys/time.h presence... yes
checking for sys/time.h... yes
checking sys/resource.h usability... yes
checking sys/resource.h presence... yes
checking for sys/resource.h... yes
checking for dirent.h that defines DIR... yes
checking for library containing opendir... none required
checking for ANSI C header files... (cached) yes
checking for sys/wait.h that is POSIX.1 compatible... yes
checking whether time.h and sys/time.h may both be included... yes
checking for vprintf... yes
checking for _doprnt... no
checking for stdbool.h that conforms to C99... yes
checking for _Bool... yes
checking for size_t... yes
checking for working alloca.h... yes
checking for alloca... yes
checking for size_t... (cached) yes
checking for off_t... yes
checking for ssize_t... yes
checking for ptrdiff_t... yes
checking for uchar... no
checking for longlong... no
checking whether char is unsigned... no
checking size of short... 2
checking size of int... 4
checking size of long... 8
checking size of float... 4
checking size of double... 8
checking size of off_t... 8
checking size of size_t... 8
checking size of ptrdiff_t... 8
configure: generating header files and makefiles
checking that generated files are newer than configure... done
configure: creating ./config.status
config.status: creating Makefile
config.status: creating nf-config
config.status: creating netcdf-fortran.pc
config.status: creating docs/Makefile
config.status: creating libsrc/Makefile
config.status: creating fortran/Makefile
config.status: creating nf_test/Makefile
config.status: creating nf03_test/Makefile
config.status: creating CMakeExtras/Makefile
config.status: creating examples/Makefile
config.status: creating examples/F90/Makefile
config.status: creating examples/F77/Makefile
config.status: creating config.h
config.status: creating libsrc/nfconfig1.inc
config.status: executing depfiles commands
config.status: executing libtool commands
configure: WARNING: unrecognized options: --enable-parallel
