Making install in include
make[1]: Entering directory '/home/romain/NEMO_UTILS/sources/NetCDF-c/netcdf-c-4.6.2/include'
make[2]: Entering directory '/home/romain/NEMO_UTILS/sources/NetCDF-c/netcdf-c-4.6.2/include'
make[2]: Nothing to be done for 'install-exec-am'.
 /bin/mkdir -p '/home/romain/NEMO_UTILS/installs/include'
 /usr/bin/install -c -m 644 netcdf.h netcdf_meta.h netcdf_par.h netcdf_mem.h netcdf_aux.h '/home/romain/NEMO_UTILS/installs/include'
make[2]: Leaving directory '/home/romain/NEMO_UTILS/sources/NetCDF-c/netcdf-c-4.6.2/include'
make[1]: Leaving directory '/home/romain/NEMO_UTILS/sources/NetCDF-c/netcdf-c-4.6.2/include'
Making install in h5_test
make[1]: Entering directory '/home/romain/NEMO_UTILS/sources/NetCDF-c/netcdf-c-4.6.2/h5_test'
make[2]: Entering directory '/home/romain/NEMO_UTILS/sources/NetCDF-c/netcdf-c-4.6.2/h5_test'
make[2]: Nothing to be done for 'install-exec-am'.
make[2]: Nothing to be done for 'install-data-am'.
make[2]: Leaving directory '/home/romain/NEMO_UTILS/sources/NetCDF-c/netcdf-c-4.6.2/h5_test'
make[1]: Leaving directory '/home/romain/NEMO_UTILS/sources/NetCDF-c/netcdf-c-4.6.2/h5_test'
Making install in libdispatch
make[1]: Entering directory '/home/romain/NEMO_UTILS/sources/NetCDF-c/netcdf-c-4.6.2/libdispatch'
make[2]: Entering directory '/home/romain/NEMO_UTILS/sources/NetCDF-c/netcdf-c-4.6.2/libdispatch'
make[2]: Nothing to be done for 'install-exec-am'.
make[2]: Nothing to be done for 'install-data-am'.
make[2]: Leaving directory '/home/romain/NEMO_UTILS/sources/NetCDF-c/netcdf-c-4.6.2/libdispatch'
make[1]: Leaving directory '/home/romain/NEMO_UTILS/sources/NetCDF-c/netcdf-c-4.6.2/libdispatch'
Making install in libsrc
make[1]: Entering directory '/home/romain/NEMO_UTILS/sources/NetCDF-c/netcdf-c-4.6.2/libsrc'
make[2]: Entering directory '/home/romain/NEMO_UTILS/sources/NetCDF-c/netcdf-c-4.6.2/libsrc'
make[2]: Nothing to be done for 'install-exec-am'.
 /bin/mkdir -p '/home/romain/NEMO_UTILS/installs/share/man/man3'
 /usr/bin/install -c -m 644 netcdf.3 '/home/romain/NEMO_UTILS/installs/share/man/man3'
make[2]: Leaving directory '/home/romain/NEMO_UTILS/sources/NetCDF-c/netcdf-c-4.6.2/libsrc'
make[1]: Leaving directory '/home/romain/NEMO_UTILS/sources/NetCDF-c/netcdf-c-4.6.2/libsrc'
Making install in libsrc4
make[1]: Entering directory '/home/romain/NEMO_UTILS/sources/NetCDF-c/netcdf-c-4.6.2/libsrc4'
make[2]: Entering directory '/home/romain/NEMO_UTILS/sources/NetCDF-c/netcdf-c-4.6.2/libsrc4'
make[2]: Nothing to be done for 'install-exec-am'.
make[2]: Nothing to be done for 'install-data-am'.
make[2]: Leaving directory '/home/romain/NEMO_UTILS/sources/NetCDF-c/netcdf-c-4.6.2/libsrc4'
make[1]: Leaving directory '/home/romain/NEMO_UTILS/sources/NetCDF-c/netcdf-c-4.6.2/libsrc4'
Making install in libhdf5
make[1]: Entering directory '/home/romain/NEMO_UTILS/sources/NetCDF-c/netcdf-c-4.6.2/libhdf5'
make[2]: Entering directory '/home/romain/NEMO_UTILS/sources/NetCDF-c/netcdf-c-4.6.2/libhdf5'
make[2]: Nothing to be done for 'install-exec-am'.
make[2]: Nothing to be done for 'install-data-am'.
make[2]: Leaving directory '/home/romain/NEMO_UTILS/sources/NetCDF-c/netcdf-c-4.6.2/libhdf5'
make[1]: Leaving directory '/home/romain/NEMO_UTILS/sources/NetCDF-c/netcdf-c-4.6.2/libhdf5'
Making install in oc2
make[1]: Entering directory '/home/romain/NEMO_UTILS/sources/NetCDF-c/netcdf-c-4.6.2/oc2'
make[2]: Entering directory '/home/romain/NEMO_UTILS/sources/NetCDF-c/netcdf-c-4.6.2/oc2'
make[2]: Nothing to be done for 'install-exec-am'.
make[2]: Nothing to be done for 'install-data-am'.
make[2]: Leaving directory '/home/romain/NEMO_UTILS/sources/NetCDF-c/netcdf-c-4.6.2/oc2'
make[1]: Leaving directory '/home/romain/NEMO_UTILS/sources/NetCDF-c/netcdf-c-4.6.2/oc2'
Making install in libdap2
make[1]: Entering directory '/home/romain/NEMO_UTILS/sources/NetCDF-c/netcdf-c-4.6.2/libdap2'
make[2]: Entering directory '/home/romain/NEMO_UTILS/sources/NetCDF-c/netcdf-c-4.6.2/libdap2'
make[2]: Nothing to be done for 'install-exec-am'.
make[2]: Nothing to be done for 'install-data-am'.
make[2]: Leaving directory '/home/romain/NEMO_UTILS/sources/NetCDF-c/netcdf-c-4.6.2/libdap2'
make[1]: Leaving directory '/home/romain/NEMO_UTILS/sources/NetCDF-c/netcdf-c-4.6.2/libdap2'
Making install in libdap4
make[1]: Entering directory '/home/romain/NEMO_UTILS/sources/NetCDF-c/netcdf-c-4.6.2/libdap4'
make[2]: Entering directory '/home/romain/NEMO_UTILS/sources/NetCDF-c/netcdf-c-4.6.2/libdap4'
make[2]: Nothing to be done for 'install-exec-am'.
make[2]: Nothing to be done for 'install-data-am'.
make[2]: Leaving directory '/home/romain/NEMO_UTILS/sources/NetCDF-c/netcdf-c-4.6.2/libdap4'
make[1]: Leaving directory '/home/romain/NEMO_UTILS/sources/NetCDF-c/netcdf-c-4.6.2/libdap4'
Making install in liblib
make[1]: Entering directory '/home/romain/NEMO_UTILS/sources/NetCDF-c/netcdf-c-4.6.2/liblib'
make[2]: Entering directory '/home/romain/NEMO_UTILS/sources/NetCDF-c/netcdf-c-4.6.2/liblib'
 /bin/mkdir -p '/home/romain/NEMO_UTILS/installs/lib'
 /bin/bash ../libtool   --mode=install /usr/bin/install -c   libnetcdf.la '/home/romain/NEMO_UTILS/installs/lib'
libtool: install: /usr/bin/install -c .libs/libnetcdf.so.13.1.1 /home/romain/NEMO_UTILS/installs/lib/libnetcdf.so.13.1.1
libtool: install: (cd /home/romain/NEMO_UTILS/installs/lib && { ln -s -f libnetcdf.so.13.1.1 libnetcdf.so.13 || { rm -f libnetcdf.so.13 && ln -s libnetcdf.so.13.1.1 libnetcdf.so.13; }; })
libtool: install: (cd /home/romain/NEMO_UTILS/installs/lib && { ln -s -f libnetcdf.so.13.1.1 libnetcdf.so || { rm -f libnetcdf.so && ln -s libnetcdf.so.13.1.1 libnetcdf.so; }; })
libtool: install: /usr/bin/install -c .libs/libnetcdf.lai /home/romain/NEMO_UTILS/installs/lib/libnetcdf.la
libtool: install: /usr/bin/install -c .libs/libnetcdf.a /home/romain/NEMO_UTILS/installs/lib/libnetcdf.a
libtool: install: chmod 644 /home/romain/NEMO_UTILS/installs/lib/libnetcdf.a
libtool: install: ranlib /home/romain/NEMO_UTILS/installs/lib/libnetcdf.a
libtool: finish: PATH="/usr/local/sbin:/usr/local/bin:/usr/sbin:/usr/bin:/sbin:/bin:/snap/bin:/sbin" ldconfig -n /home/romain/NEMO_UTILS/installs/lib
----------------------------------------------------------------------
Libraries have been installed in:
   /home/romain/NEMO_UTILS/installs/lib

If you ever happen to want to link against installed libraries
in a given directory, LIBDIR, you must either use libtool, and
specify the full pathname of the library, or use the '-LLIBDIR'
flag during linking and do at least one of the following:
   - add LIBDIR to the 'LD_LIBRARY_PATH' environment variable
     during execution
   - add LIBDIR to the 'LD_RUN_PATH' environment variable
     during linking
   - use the '-Wl,-rpath -Wl,LIBDIR' linker flag
   - have your system administrator add LIBDIR to '/etc/ld.so.conf'

See any operating system documentation about shared libraries for
more information, such as the ld(1) and ld.so(8) manual pages.
----------------------------------------------------------------------
make[2]: Nothing to be done for 'install-data-am'.
make[2]: Leaving directory '/home/romain/NEMO_UTILS/sources/NetCDF-c/netcdf-c-4.6.2/liblib'
make[1]: Leaving directory '/home/romain/NEMO_UTILS/sources/NetCDF-c/netcdf-c-4.6.2/liblib'
Making install in ncgen3
make[1]: Entering directory '/home/romain/NEMO_UTILS/sources/NetCDF-c/netcdf-c-4.6.2/ncgen3'
make[2]: Entering directory '/home/romain/NEMO_UTILS/sources/NetCDF-c/netcdf-c-4.6.2/ncgen3'
 /bin/mkdir -p '/home/romain/NEMO_UTILS/installs/bin'
  /bin/bash ../libtool   --mode=install /usr/bin/install -c ncgen3 '/home/romain/NEMO_UTILS/installs/bin'
libtool: install: /usr/bin/install -c .libs/ncgen3 /home/romain/NEMO_UTILS/installs/bin/ncgen3
 /bin/mkdir -p '/home/romain/NEMO_UTILS/installs/share/man/man1'
 /usr/bin/install -c -m 644 ncgen3.1 '/home/romain/NEMO_UTILS/installs/share/man/man1'
make[2]: Leaving directory '/home/romain/NEMO_UTILS/sources/NetCDF-c/netcdf-c-4.6.2/ncgen3'
make[1]: Leaving directory '/home/romain/NEMO_UTILS/sources/NetCDF-c/netcdf-c-4.6.2/ncgen3'
Making install in ncgen
make[1]: Entering directory '/home/romain/NEMO_UTILS/sources/NetCDF-c/netcdf-c-4.6.2/ncgen'
make[2]: Entering directory '/home/romain/NEMO_UTILS/sources/NetCDF-c/netcdf-c-4.6.2/ncgen'
 /bin/mkdir -p '/home/romain/NEMO_UTILS/installs/bin'
  /bin/bash ../libtool   --mode=install /usr/bin/install -c ncgen '/home/romain/NEMO_UTILS/installs/bin'
libtool: install: /usr/bin/install -c .libs/ncgen /home/romain/NEMO_UTILS/installs/bin/ncgen
 /bin/mkdir -p '/home/romain/NEMO_UTILS/installs/share/man/man1'
 /usr/bin/install -c -m 644 ncgen.1 '/home/romain/NEMO_UTILS/installs/share/man/man1'
make[2]: Leaving directory '/home/romain/NEMO_UTILS/sources/NetCDF-c/netcdf-c-4.6.2/ncgen'
make[1]: Leaving directory '/home/romain/NEMO_UTILS/sources/NetCDF-c/netcdf-c-4.6.2/ncgen'
Making install in ncdump
make[1]: Entering directory '/home/romain/NEMO_UTILS/sources/NetCDF-c/netcdf-c-4.6.2/ncdump'
Making install in cdl
make[2]: Entering directory '/home/romain/NEMO_UTILS/sources/NetCDF-c/netcdf-c-4.6.2/ncdump/cdl'
make[3]: Entering directory '/home/romain/NEMO_UTILS/sources/NetCDF-c/netcdf-c-4.6.2/ncdump/cdl'
make[3]: Nothing to be done for 'install-exec-am'.
make[3]: Nothing to be done for 'install-data-am'.
make[3]: Leaving directory '/home/romain/NEMO_UTILS/sources/NetCDF-c/netcdf-c-4.6.2/ncdump/cdl'
make[2]: Leaving directory '/home/romain/NEMO_UTILS/sources/NetCDF-c/netcdf-c-4.6.2/ncdump/cdl'
Making install in expected
make[2]: Entering directory '/home/romain/NEMO_UTILS/sources/NetCDF-c/netcdf-c-4.6.2/ncdump/expected'
make[3]: Entering directory '/home/romain/NEMO_UTILS/sources/NetCDF-c/netcdf-c-4.6.2/ncdump/expected'
make[3]: Nothing to be done for 'install-exec-am'.
make[3]: Nothing to be done for 'install-data-am'.
make[3]: Leaving directory '/home/romain/NEMO_UTILS/sources/NetCDF-c/netcdf-c-4.6.2/ncdump/expected'
make[2]: Leaving directory '/home/romain/NEMO_UTILS/sources/NetCDF-c/netcdf-c-4.6.2/ncdump/expected'
make[2]: Entering directory '/home/romain/NEMO_UTILS/sources/NetCDF-c/netcdf-c-4.6.2/ncdump'
make[3]: Entering directory '/home/romain/NEMO_UTILS/sources/NetCDF-c/netcdf-c-4.6.2/ncdump'
 /bin/mkdir -p '/home/romain/NEMO_UTILS/installs/bin'
  /bin/bash ../libtool   --mode=install /usr/bin/install -c ncdump nccopy '/home/romain/NEMO_UTILS/installs/bin'
libtool: install: /usr/bin/install -c .libs/ncdump /home/romain/NEMO_UTILS/installs/bin/ncdump
libtool: install: /usr/bin/install -c .libs/nccopy /home/romain/NEMO_UTILS/installs/bin/nccopy
 /bin/mkdir -p '/home/romain/NEMO_UTILS/installs/share/man/man1'
 /usr/bin/install -c -m 644 ncdump.1 nccopy.1 '/home/romain/NEMO_UTILS/installs/share/man/man1'
make[3]: Leaving directory '/home/romain/NEMO_UTILS/sources/NetCDF-c/netcdf-c-4.6.2/ncdump'
make[2]: Leaving directory '/home/romain/NEMO_UTILS/sources/NetCDF-c/netcdf-c-4.6.2/ncdump'
make[1]: Leaving directory '/home/romain/NEMO_UTILS/sources/NetCDF-c/netcdf-c-4.6.2/ncdump'
Making install in plugins
make[1]: Entering directory '/home/romain/NEMO_UTILS/sources/NetCDF-c/netcdf-c-4.6.2/plugins'
make[2]: Entering directory '/home/romain/NEMO_UTILS/sources/NetCDF-c/netcdf-c-4.6.2/plugins'
 /bin/mkdir -p '/home/romain/NEMO_UTILS/installs/lib'
 /bin/bash ../libtool   --mode=install /usr/bin/install -c   libbzip2.la libmisc.la '/home/romain/NEMO_UTILS/installs/lib'
libtool: install: /usr/bin/install -c .libs/libbzip2.so /home/romain/NEMO_UTILS/installs/lib/libbzip2.so
libtool: install: /usr/bin/install -c .libs/libbzip2.lai /home/romain/NEMO_UTILS/installs/lib/libbzip2.la
libtool: install: /usr/bin/install -c .libs/libmisc.so /home/romain/NEMO_UTILS/installs/lib/libmisc.so
libtool: install: /usr/bin/install -c .libs/libmisc.lai /home/romain/NEMO_UTILS/installs/lib/libmisc.la
libtool: warning: remember to run 'libtool --finish /home/romain/NEMO_UTILS/sources/NetCDF-c/netcdf-c-4.6.2/plugins'
libtool: finish: PATH="/usr/local/sbin:/usr/local/bin:/usr/sbin:/usr/bin:/sbin:/bin:/snap/bin:/sbin" ldconfig -n /home/romain/NEMO_UTILS/installs/lib
----------------------------------------------------------------------
Libraries have been installed in:
   /home/romain/NEMO_UTILS/installs/lib

If you ever happen to want to link against installed libraries
in a given directory, LIBDIR, you must either use libtool, and
specify the full pathname of the library, or use the '-LLIBDIR'
flag during linking and do at least one of the following:
   - add LIBDIR to the 'LD_LIBRARY_PATH' environment variable
     during execution
   - add LIBDIR to the 'LD_RUN_PATH' environment variable
     during linking
   - use the '-Wl,-rpath -Wl,LIBDIR' linker flag
   - have your system administrator add LIBDIR to '/etc/ld.so.conf'

See any operating system documentation about shared libraries for
more information, such as the ld(1) and ld.so(8) manual pages.
----------------------------------------------------------------------
make[2]: Nothing to be done for 'install-data-am'.
make[2]: Leaving directory '/home/romain/NEMO_UTILS/sources/NetCDF-c/netcdf-c-4.6.2/plugins'
make[1]: Leaving directory '/home/romain/NEMO_UTILS/sources/NetCDF-c/netcdf-c-4.6.2/plugins'
Making install in nctest
make[1]: Entering directory '/home/romain/NEMO_UTILS/sources/NetCDF-c/netcdf-c-4.6.2/nctest'
make[2]: Entering directory '/home/romain/NEMO_UTILS/sources/NetCDF-c/netcdf-c-4.6.2/nctest'
make[2]: Nothing to be done for 'install-exec-am'.
make[2]: Nothing to be done for 'install-data-am'.
make[2]: Leaving directory '/home/romain/NEMO_UTILS/sources/NetCDF-c/netcdf-c-4.6.2/nctest'
make[1]: Leaving directory '/home/romain/NEMO_UTILS/sources/NetCDF-c/netcdf-c-4.6.2/nctest'
Making install in nc_test
make[1]: Entering directory '/home/romain/NEMO_UTILS/sources/NetCDF-c/netcdf-c-4.6.2/nc_test'
make[2]: Entering directory '/home/romain/NEMO_UTILS/sources/NetCDF-c/netcdf-c-4.6.2/nc_test'
make[2]: Nothing to be done for 'install-exec-am'.
make[2]: Nothing to be done for 'install-data-am'.
make[2]: Leaving directory '/home/romain/NEMO_UTILS/sources/NetCDF-c/netcdf-c-4.6.2/nc_test'
make[1]: Leaving directory '/home/romain/NEMO_UTILS/sources/NetCDF-c/netcdf-c-4.6.2/nc_test'
Making install in nc_test4
make[1]: Entering directory '/home/romain/NEMO_UTILS/sources/NetCDF-c/netcdf-c-4.6.2/nc_test4'
make[2]: Entering directory '/home/romain/NEMO_UTILS/sources/NetCDF-c/netcdf-c-4.6.2/nc_test4'
make[2]: Nothing to be done for 'install-exec-am'.
make[2]: Leaving directory '/home/romain/NEMO_UTILS/sources/NetCDF-c/netcdf-c-4.6.2/nc_test4'
make[1]: Leaving directory '/home/romain/NEMO_UTILS/sources/NetCDF-c/netcdf-c-4.6.2/nc_test4'
Making install in ncdap_test
make[1]: Entering directory '/home/romain/NEMO_UTILS/sources/NetCDF-c/netcdf-c-4.6.2/ncdap_test'
make  install-recursive
make[2]: Entering directory '/home/romain/NEMO_UTILS/sources/NetCDF-c/netcdf-c-4.6.2/ncdap_test'
Making install in testdata3
make[3]: Entering directory '/home/romain/NEMO_UTILS/sources/NetCDF-c/netcdf-c-4.6.2/ncdap_test/testdata3'
make[4]: Entering directory '/home/romain/NEMO_UTILS/sources/NetCDF-c/netcdf-c-4.6.2/ncdap_test/testdata3'
make[4]: Nothing to be done for 'install-exec-am'.
make[4]: Nothing to be done for 'install-data-am'.
make[4]: Leaving directory '/home/romain/NEMO_UTILS/sources/NetCDF-c/netcdf-c-4.6.2/ncdap_test/testdata3'
make[3]: Leaving directory '/home/romain/NEMO_UTILS/sources/NetCDF-c/netcdf-c-4.6.2/ncdap_test/testdata3'
Making install in expected3
make[3]: Entering directory '/home/romain/NEMO_UTILS/sources/NetCDF-c/netcdf-c-4.6.2/ncdap_test/expected3'
make[4]: Entering directory '/home/romain/NEMO_UTILS/sources/NetCDF-c/netcdf-c-4.6.2/ncdap_test/expected3'
make[4]: Nothing to be done for 'install-exec-am'.
make[4]: Nothing to be done for 'install-data-am'.
make[4]: Leaving directory '/home/romain/NEMO_UTILS/sources/NetCDF-c/netcdf-c-4.6.2/ncdap_test/expected3'
make[3]: Leaving directory '/home/romain/NEMO_UTILS/sources/NetCDF-c/netcdf-c-4.6.2/ncdap_test/expected3'
Making install in expectremote3
make[3]: Entering directory '/home/romain/NEMO_UTILS/sources/NetCDF-c/netcdf-c-4.6.2/ncdap_test/expectremote3'
make[4]: Entering directory '/home/romain/NEMO_UTILS/sources/NetCDF-c/netcdf-c-4.6.2/ncdap_test/expectremote3'
make[4]: Nothing to be done for 'install-exec-am'.
make[4]: Nothing to be done for 'install-data-am'.
make[4]: Leaving directory '/home/romain/NEMO_UTILS/sources/NetCDF-c/netcdf-c-4.6.2/ncdap_test/expectremote3'
make[3]: Leaving directory '/home/romain/NEMO_UTILS/sources/NetCDF-c/netcdf-c-4.6.2/ncdap_test/expectremote3'
make[3]: Entering directory '/home/romain/NEMO_UTILS/sources/NetCDF-c/netcdf-c-4.6.2/ncdap_test'
make[4]: Entering directory '/home/romain/NEMO_UTILS/sources/NetCDF-c/netcdf-c-4.6.2/ncdap_test'
make[4]: Nothing to be done for 'install-exec-am'.
make[4]: Nothing to be done for 'install-data-am'.
make[4]: Leaving directory '/home/romain/NEMO_UTILS/sources/NetCDF-c/netcdf-c-4.6.2/ncdap_test'
make[3]: Leaving directory '/home/romain/NEMO_UTILS/sources/NetCDF-c/netcdf-c-4.6.2/ncdap_test'
make[2]: Leaving directory '/home/romain/NEMO_UTILS/sources/NetCDF-c/netcdf-c-4.6.2/ncdap_test'
make[1]: Leaving directory '/home/romain/NEMO_UTILS/sources/NetCDF-c/netcdf-c-4.6.2/ncdap_test'
Making install in dap4_test
make[1]: Entering directory '/home/romain/NEMO_UTILS/sources/NetCDF-c/netcdf-c-4.6.2/dap4_test'
make  install-am
make[2]: Entering directory '/home/romain/NEMO_UTILS/sources/NetCDF-c/netcdf-c-4.6.2/dap4_test'
make[3]: Entering directory '/home/romain/NEMO_UTILS/sources/NetCDF-c/netcdf-c-4.6.2/dap4_test'
make[3]: Nothing to be done for 'install-exec-am'.
make[3]: Nothing to be done for 'install-data-am'.
make[3]: Leaving directory '/home/romain/NEMO_UTILS/sources/NetCDF-c/netcdf-c-4.6.2/dap4_test'
make[2]: Leaving directory '/home/romain/NEMO_UTILS/sources/NetCDF-c/netcdf-c-4.6.2/dap4_test'
make[1]: Leaving directory '/home/romain/NEMO_UTILS/sources/NetCDF-c/netcdf-c-4.6.2/dap4_test'
Making install in docs
make[1]: Entering directory '/home/romain/NEMO_UTILS/sources/NetCDF-c/netcdf-c-4.6.2/docs'
Making install in images
make[2]: Entering directory '/home/romain/NEMO_UTILS/sources/NetCDF-c/netcdf-c-4.6.2/docs/images'
make[3]: Entering directory '/home/romain/NEMO_UTILS/sources/NetCDF-c/netcdf-c-4.6.2/docs/images'
make[3]: Nothing to be done for 'install-exec-am'.
make[3]: Nothing to be done for 'install-data-am'.
make[3]: Leaving directory '/home/romain/NEMO_UTILS/sources/NetCDF-c/netcdf-c-4.6.2/docs/images'
make[2]: Leaving directory '/home/romain/NEMO_UTILS/sources/NetCDF-c/netcdf-c-4.6.2/docs/images'
make[2]: Entering directory '/home/romain/NEMO_UTILS/sources/NetCDF-c/netcdf-c-4.6.2/docs'
make[3]: Entering directory '/home/romain/NEMO_UTILS/sources/NetCDF-c/netcdf-c-4.6.2/docs'
make[3]: Nothing to be done for 'install-exec-am'.
make[3]: Nothing to be done for 'install-data-am'.
make[3]: Leaving directory '/home/romain/NEMO_UTILS/sources/NetCDF-c/netcdf-c-4.6.2/docs'
make[2]: Leaving directory '/home/romain/NEMO_UTILS/sources/NetCDF-c/netcdf-c-4.6.2/docs'
make[1]: Leaving directory '/home/romain/NEMO_UTILS/sources/NetCDF-c/netcdf-c-4.6.2/docs'
Making install in examples
make[1]: Entering directory '/home/romain/NEMO_UTILS/sources/NetCDF-c/netcdf-c-4.6.2/examples'
Making install in C
make[2]: Entering directory '/home/romain/NEMO_UTILS/sources/NetCDF-c/netcdf-c-4.6.2/examples/C'
make[3]: Entering directory '/home/romain/NEMO_UTILS/sources/NetCDF-c/netcdf-c-4.6.2/examples/C'
make[3]: Nothing to be done for 'install-exec-am'.
make[3]: Nothing to be done for 'install-data-am'.
make[3]: Leaving directory '/home/romain/NEMO_UTILS/sources/NetCDF-c/netcdf-c-4.6.2/examples/C'
make[2]: Leaving directory '/home/romain/NEMO_UTILS/sources/NetCDF-c/netcdf-c-4.6.2/examples/C'
Making install in CDL
make[2]: Entering directory '/home/romain/NEMO_UTILS/sources/NetCDF-c/netcdf-c-4.6.2/examples/CDL'
make[3]: Entering directory '/home/romain/NEMO_UTILS/sources/NetCDF-c/netcdf-c-4.6.2/examples/CDL'
make[3]: Nothing to be done for 'install-exec-am'.
make[3]: Nothing to be done for 'install-data-am'.
make[3]: Leaving directory '/home/romain/NEMO_UTILS/sources/NetCDF-c/netcdf-c-4.6.2/examples/CDL'
make[2]: Leaving directory '/home/romain/NEMO_UTILS/sources/NetCDF-c/netcdf-c-4.6.2/examples/CDL'
make[2]: Entering directory '/home/romain/NEMO_UTILS/sources/NetCDF-c/netcdf-c-4.6.2/examples'
make[3]: Entering directory '/home/romain/NEMO_UTILS/sources/NetCDF-c/netcdf-c-4.6.2/examples'
make[3]: Nothing to be done for 'install-exec-am'.
make[3]: Nothing to be done for 'install-data-am'.
make[3]: Leaving directory '/home/romain/NEMO_UTILS/sources/NetCDF-c/netcdf-c-4.6.2/examples'
make[2]: Leaving directory '/home/romain/NEMO_UTILS/sources/NetCDF-c/netcdf-c-4.6.2/examples'
make[1]: Leaving directory '/home/romain/NEMO_UTILS/sources/NetCDF-c/netcdf-c-4.6.2/examples'
make[1]: Entering directory '/home/romain/NEMO_UTILS/sources/NetCDF-c/netcdf-c-4.6.2'
make[2]: Entering directory '/home/romain/NEMO_UTILS/sources/NetCDF-c/netcdf-c-4.6.2'
 /bin/mkdir -p '/home/romain/NEMO_UTILS/installs/bin'
 /usr/bin/install -c nc-config '/home/romain/NEMO_UTILS/installs/bin'
 /bin/mkdir -p '/home/romain/NEMO_UTILS/installs/lib/pkgconfig'
 /usr/bin/install -c -m 644 netcdf.pc '/home/romain/NEMO_UTILS/installs/lib/pkgconfig'
 /bin/mkdir -p '/home/romain/NEMO_UTILS/installs/lib'
 /usr/bin/install -c -m 644 libnetcdf.settings '/home/romain/NEMO_UTILS/installs/lib'
make  install-data-hook
make[3]: Entering directory '/home/romain/NEMO_UTILS/sources/NetCDF-c/netcdf-c-4.6.2'

+-------------------------------------------------------------+
| Congratulations! You have successfully installed netCDF!    |
|                                                             |
| You can use script "nc-config" to find out the relevant     |
| compiler options to build your application. Enter           |
|                                                             |
|     nc-config --help                                        |
|                                                             |
| for additional information.                                 |
|                                                             |
| CAUTION:                                                    |
|                                                             |
| If you have not already run "make check", then we strongly  |
| recommend you do so. It does not take very long.            |
|                                                             |
| Before using netCDF to store important data, test your      |
| build with "make check".                                    |
|                                                             |
| NetCDF is tested nightly on many platforms at Unidata       |
| but your platform is probably different in some ways.       |
|                                                             |
| If any tests fail, please see the netCDF web site:          |
| http://www.unidata.ucar.edu/software/netcdf/                |
|                                                             |
| NetCDF is developed and maintained at the Unidata Program   |
| Center. Unidata provides a broad array of data and software |
| tools for use in geoscience education and research.         |
| http://www.unidata.ucar.edu                                 |
+-------------------------------------------------------------+

make[3]: Leaving directory '/home/romain/NEMO_UTILS/sources/NetCDF-c/netcdf-c-4.6.2'
make[2]: Leaving directory '/home/romain/NEMO_UTILS/sources/NetCDF-c/netcdf-c-4.6.2'
make[1]: Leaving directory '/home/romain/NEMO_UTILS/sources/NetCDF-c/netcdf-c-4.6.2'
