Making check in fortran
make[1]: Entering directory '/home/romain/NEMO_UTILS/sources/NetCDF-fortran/netcdf-fortran-4.4.5/fortran'
make  check-am
make[2]: Entering directory '/home/romain/NEMO_UTILS/sources/NetCDF-fortran/netcdf-fortran-4.4.5/fortran'
make[2]: Nothing to be done for 'check-am'.
make[2]: Leaving directory '/home/romain/NEMO_UTILS/sources/NetCDF-fortran/netcdf-fortran-4.4.5/fortran'
make[1]: Leaving directory '/home/romain/NEMO_UTILS/sources/NetCDF-fortran/netcdf-fortran-4.4.5/fortran'
Making check in .
make[1]: Entering directory '/home/romain/NEMO_UTILS/sources/NetCDF-fortran/netcdf-fortran-4.4.5'
make[1]: Leaving directory '/home/romain/NEMO_UTILS/sources/NetCDF-fortran/netcdf-fortran-4.4.5'
Making check in nf_test
make[1]: Entering directory '/home/romain/NEMO_UTILS/sources/NetCDF-fortran/netcdf-fortran-4.4.5/nf_test'
make  nf_test tst_f77_v2 ftst_vars ftst_vars2 ftst_vars3 ftst_vars4 ftst_vars5 ftst_vars6 ftst_types ftst_types2 ftst_types3 ftst_groups ftst_path ftst_rengrps f90tst_vars tst_types tst_types2 f90tst_vars_vlen tst_f90_nc4 f90tst_grps f90tst_fill f90tst_fill2 f90tst_vars3 f90tst_vars4 f90tst_vars2 f90tst_path f90tst_rengrps ftst_v2  tst_io f90tst_parallel f90tst_parallel2 f90tst_parallel3 f90tst_nc4_par ftst_parallel ftst_parallel_nasa  ftest tst_f90
make[2]: Entering directory '/home/romain/NEMO_UTILS/sources/NetCDF-fortran/netcdf-fortran-4.4.5/nf_test'
/usr/bin/mpif90 -I../fortran  -O3 -fPIC -c -o f03lib_f_interfaces.o  f03lib_f_interfaces.f90
/usr/bin/mpif77 -DHAVE_CONFIG_H -I. -I.. -I../libsrc  -I../fortran -I../fortran -I/home/romain/NEMO_UTILS/installs/include -DpgiFortran -I../fortran  -O3 -fPIC -c -o test_get.o test_get.F
/usr/bin/mpif77 -DHAVE_CONFIG_H -I. -I.. -I../libsrc  -I../fortran -I../fortran -I/home/romain/NEMO_UTILS/installs/include -DpgiFortran -I../fortran  -O3 -fPIC -c -o test_put.o test_put.F
/usr/bin/mpif77 -DHAVE_CONFIG_H -I. -I.. -I../libsrc  -I../fortran -I../fortran -I/home/romain/NEMO_UTILS/installs/include -DpgiFortran -I../fortran  -O3 -fPIC -c -o nf_error.o nf_error.F
/usr/bin/mpif77 -DHAVE_CONFIG_H -I. -I.. -I../libsrc  -I../fortran -I../fortran -I/home/romain/NEMO_UTILS/installs/include -DpgiFortran -I../fortran  -O3 -fPIC -c -o nf_test.o nf_test.F
/usr/bin/mpif77 -DHAVE_CONFIG_H -I. -I.. -I../libsrc  -I../fortran -I../fortran -I/home/romain/NEMO_UTILS/installs/include -DpgiFortran -I../fortran  -O3 -fPIC -c -o test_read.o test_read.F
/usr/bin/mpif77 -DHAVE_CONFIG_H -I. -I.. -I../libsrc  -I../fortran -I../fortran -I/home/romain/NEMO_UTILS/installs/include -DpgiFortran -I../fortran  -O3 -fPIC -c -o test_write.o test_write.F
/usr/bin/mpif77 -DHAVE_CONFIG_H -I. -I.. -I../libsrc  -I../fortran -I../fortran -I/home/romain/NEMO_UTILS/installs/include -DpgiFortran -I../fortran  -O3 -fPIC -c -o util.o util.F
depbase=`echo f03lib.o | sed 's|[^/]*$|.deps/&|;s|\.o$||'`;\
/usr/bin/mpicc -DHAVE_CONFIG_H -I. -I.. -I../libsrc  -I../fortran -I../fortran -I/home/romain/NEMO_UTILS/installs/include -DpgiFortran  -O3 -fPIC -DLONGLONG_IS_LONG -MT f03lib.o -MD -MP -MF $depbase.Tpo -c -o f03lib.o f03lib.c &&\
mv -f $depbase.Tpo $depbase.Po
/bin/bash ../libtool  --tag=F77   --mode=link /usr/bin/mpif77 -I../fortran  -O3 -fPIC  -L/home/romain/NEMO_UTILS/installs/lib -lnetcdf -lhdf5_hl -lhdf5 -lz -lcurl -o nf_test f03lib_f_interfaces.o test_get.o test_put.o nf_error.o nf_test.o test_read.o test_write.o util.o f03lib.o ../fortran/libnetcdff.la -lnetcdf -lhdf5_hl -lhdf5 -ldl -lz -lcurl -lm -lmpi
libtool: link: /usr/bin/mpif77 -I../fortran -O3 -fPIC -o .libs/nf_test f03lib_f_interfaces.o test_get.o test_put.o nf_error.o nf_test.o test_read.o test_write.o util.o f03lib.o  -L/home/romain/NEMO_UTILS/installs/lib ../fortran/.libs/libnetcdff.so /home/romain/NEMO_UTILS/installs/lib/libnetcdf.so /home/romain/NEMO_UTILS/installs/lib/libhdf5_hl.so /home/romain/NEMO_UTILS/installs/lib/libhdf5.so -ldl -lz /usr/lib/x86_64-linux-gnu/libcurl.so -lm -lmpi -pthread -Wl,-rpath -Wl,/home/romain/NEMO_UTILS/installs/lib
/usr/bin/mpif77 -DHAVE_CONFIG_H -I. -I.. -I../libsrc  -I../fortran -I../fortran -I/home/romain/NEMO_UTILS/installs/include -DpgiFortran -I../fortran  -O3 -fPIC -c -o tst_f77_v2.o tst_f77_v2.F
/bin/bash ../libtool  --tag=F77   --mode=link /usr/bin/mpif77 -I../fortran  -O3 -fPIC  -L/home/romain/NEMO_UTILS/installs/lib -lnetcdf -lhdf5_hl -lhdf5 -lz -lcurl -o tst_f77_v2 tst_f77_v2.o ../fortran/libnetcdff.la -lnetcdf -lhdf5_hl -lhdf5 -ldl -lz -lcurl -lm -lmpi
libtool: link: /usr/bin/mpif77 -I../fortran -O3 -fPIC -o .libs/tst_f77_v2 tst_f77_v2.o  -L/home/romain/NEMO_UTILS/installs/lib ../fortran/.libs/libnetcdff.so /home/romain/NEMO_UTILS/installs/lib/libnetcdf.so /home/romain/NEMO_UTILS/installs/lib/libhdf5_hl.so /home/romain/NEMO_UTILS/installs/lib/libhdf5.so -ldl -lz /usr/lib/x86_64-linux-gnu/libcurl.so -lm -lmpi -pthread -Wl,-rpath -Wl,/home/romain/NEMO_UTILS/installs/lib
/usr/bin/mpif77 -DHAVE_CONFIG_H -I. -I.. -I../libsrc  -I../fortran -I../fortran -I/home/romain/NEMO_UTILS/installs/include -DpgiFortran -I../fortran  -O3 -fPIC -c -o ftst_vars.o ftst_vars.F
ftst_vars.F:48:0:

             data_out(y, x) = 2147483646 + x * y
 
Warning: iteration 1 invokes undefined behavior [-Waggressive-loop-optimizations]
ftst_vars.F:46:0:

       do x = 1, NX
 
note: within this loop
/usr/bin/mpif77 -DHAVE_CONFIG_H -I. -I.. -I../libsrc  -I../fortran -I../fortran -I/home/romain/NEMO_UTILS/installs/include -DpgiFortran -I../fortran  -O3 -fPIC -c -o handle_err.o handle_err.F
/bin/bash ../libtool  --tag=F77   --mode=link /usr/bin/mpif77 -I../fortran  -O3 -fPIC  -L/home/romain/NEMO_UTILS/installs/lib -lnetcdf -lhdf5_hl -lhdf5 -lz -lcurl -o ftst_vars ftst_vars.o f03lib_f_interfaces.o f03lib.o handle_err.o ../fortran/libnetcdff.la -lnetcdf -lhdf5_hl -lhdf5 -ldl -lz -lcurl -lm -lmpi
libtool: link: /usr/bin/mpif77 -I../fortran -O3 -fPIC -o .libs/ftst_vars ftst_vars.o f03lib_f_interfaces.o f03lib.o handle_err.o  -L/home/romain/NEMO_UTILS/installs/lib ../fortran/.libs/libnetcdff.so /home/romain/NEMO_UTILS/installs/lib/libnetcdf.so /home/romain/NEMO_UTILS/installs/lib/libhdf5_hl.so /home/romain/NEMO_UTILS/installs/lib/libhdf5.so -ldl -lz /usr/lib/x86_64-linux-gnu/libcurl.so -lm -lmpi -pthread -Wl,-rpath -Wl,/home/romain/NEMO_UTILS/installs/lib
/usr/bin/mpif77 -DHAVE_CONFIG_H -I. -I.. -I../libsrc  -I../fortran -I../fortran -I/home/romain/NEMO_UTILS/installs/include -DpgiFortran -I../fortran  -O3 -fPIC -c -o ftst_vars2.o ftst_vars2.F
/bin/bash ../libtool  --tag=F77   --mode=link /usr/bin/mpif77 -I../fortran  -O3 -fPIC  -L/home/romain/NEMO_UTILS/installs/lib -lnetcdf -lhdf5_hl -lhdf5 -lz -lcurl -o ftst_vars2 ftst_vars2.o f03lib_f_interfaces.o f03lib.o handle_err.o ../fortran/libnetcdff.la -lnetcdf -lhdf5_hl -lhdf5 -ldl -lz -lcurl -lm -lmpi
libtool: link: /usr/bin/mpif77 -I../fortran -O3 -fPIC -o .libs/ftst_vars2 ftst_vars2.o f03lib_f_interfaces.o f03lib.o handle_err.o  -L/home/romain/NEMO_UTILS/installs/lib ../fortran/.libs/libnetcdff.so /home/romain/NEMO_UTILS/installs/lib/libnetcdf.so /home/romain/NEMO_UTILS/installs/lib/libhdf5_hl.so /home/romain/NEMO_UTILS/installs/lib/libhdf5.so -ldl -lz /usr/lib/x86_64-linux-gnu/libcurl.so -lm -lmpi -pthread -Wl,-rpath -Wl,/home/romain/NEMO_UTILS/installs/lib
/usr/bin/mpif77 -DHAVE_CONFIG_H -I. -I.. -I../libsrc  -I../fortran -I../fortran -I/home/romain/NEMO_UTILS/installs/include -DpgiFortran -I../fortran  -O3 -fPIC -c -o ftst_vars3.o ftst_vars3.F
/bin/bash ../libtool  --tag=F77   --mode=link /usr/bin/mpif77 -I../fortran  -O3 -fPIC  -L/home/romain/NEMO_UTILS/installs/lib -lnetcdf -lhdf5_hl -lhdf5 -lz -lcurl -o ftst_vars3 ftst_vars3.o f03lib_f_interfaces.o f03lib.o handle_err.o ../fortran/libnetcdff.la -lnetcdf -lhdf5_hl -lhdf5 -ldl -lz -lcurl -lm -lmpi
libtool: link: /usr/bin/mpif77 -I../fortran -O3 -fPIC -o .libs/ftst_vars3 ftst_vars3.o f03lib_f_interfaces.o f03lib.o handle_err.o  -L/home/romain/NEMO_UTILS/installs/lib ../fortran/.libs/libnetcdff.so /home/romain/NEMO_UTILS/installs/lib/libnetcdf.so /home/romain/NEMO_UTILS/installs/lib/libhdf5_hl.so /home/romain/NEMO_UTILS/installs/lib/libhdf5.so -ldl -lz /usr/lib/x86_64-linux-gnu/libcurl.so -lm -lmpi -pthread -Wl,-rpath -Wl,/home/romain/NEMO_UTILS/installs/lib
/usr/bin/mpif77 -DHAVE_CONFIG_H -I. -I.. -I../libsrc  -I../fortran -I../fortran -I/home/romain/NEMO_UTILS/installs/include -DpgiFortran -I../fortran  -O3 -fPIC -c -o ftst_vars4.o ftst_vars4.F
/bin/bash ../libtool  --tag=F77   --mode=link /usr/bin/mpif77 -I../fortran  -O3 -fPIC  -L/home/romain/NEMO_UTILS/installs/lib -lnetcdf -lhdf5_hl -lhdf5 -lz -lcurl -o ftst_vars4 ftst_vars4.o f03lib_f_interfaces.o f03lib.o handle_err.o ../fortran/libnetcdff.la -lnetcdf -lhdf5_hl -lhdf5 -ldl -lz -lcurl -lm -lmpi
libtool: link: /usr/bin/mpif77 -I../fortran -O3 -fPIC -o .libs/ftst_vars4 ftst_vars4.o f03lib_f_interfaces.o f03lib.o handle_err.o  -L/home/romain/NEMO_UTILS/installs/lib ../fortran/.libs/libnetcdff.so /home/romain/NEMO_UTILS/installs/lib/libnetcdf.so /home/romain/NEMO_UTILS/installs/lib/libhdf5_hl.so /home/romain/NEMO_UTILS/installs/lib/libhdf5.so -ldl -lz /usr/lib/x86_64-linux-gnu/libcurl.so -lm -lmpi -pthread -Wl,-rpath -Wl,/home/romain/NEMO_UTILS/installs/lib
/usr/bin/mpif77 -DHAVE_CONFIG_H -I. -I.. -I../libsrc  -I../fortran -I../fortran -I/home/romain/NEMO_UTILS/installs/include -DpgiFortran -I../fortran  -O3 -fPIC -c -o ftst_vars5.o ftst_vars5.F
/bin/bash ../libtool  --tag=F77   --mode=link /usr/bin/mpif77 -I../fortran  -O3 -fPIC  -L/home/romain/NEMO_UTILS/installs/lib -lnetcdf -lhdf5_hl -lhdf5 -lz -lcurl -o ftst_vars5 ftst_vars5.o f03lib_f_interfaces.o f03lib.o handle_err.o ../fortran/libnetcdff.la -lnetcdf -lhdf5_hl -lhdf5 -ldl -lz -lcurl -lm -lmpi
libtool: link: /usr/bin/mpif77 -I../fortran -O3 -fPIC -o .libs/ftst_vars5 ftst_vars5.o f03lib_f_interfaces.o f03lib.o handle_err.o  -L/home/romain/NEMO_UTILS/installs/lib ../fortran/.libs/libnetcdff.so /home/romain/NEMO_UTILS/installs/lib/libnetcdf.so /home/romain/NEMO_UTILS/installs/lib/libhdf5_hl.so /home/romain/NEMO_UTILS/installs/lib/libhdf5.so -ldl -lz /usr/lib/x86_64-linux-gnu/libcurl.so -lm -lmpi -pthread -Wl,-rpath -Wl,/home/romain/NEMO_UTILS/installs/lib
/usr/bin/mpif77 -DHAVE_CONFIG_H -I. -I.. -I../libsrc  -I../fortran -I../fortran -I/home/romain/NEMO_UTILS/installs/include -DpgiFortran -I../fortran  -O3 -fPIC -c -o ftst_vars6.o ftst_vars6.F
/bin/bash ../libtool  --tag=F77   --mode=link /usr/bin/mpif77 -I../fortran  -O3 -fPIC  -L/home/romain/NEMO_UTILS/installs/lib -lnetcdf -lhdf5_hl -lhdf5 -lz -lcurl -o ftst_vars6 ftst_vars6.o f03lib_f_interfaces.o f03lib.o handle_err.o ../fortran/libnetcdff.la -lnetcdf -lhdf5_hl -lhdf5 -ldl -lz -lcurl -lm -lmpi
libtool: link: /usr/bin/mpif77 -I../fortran -O3 -fPIC -o .libs/ftst_vars6 ftst_vars6.o f03lib_f_interfaces.o f03lib.o handle_err.o  -L/home/romain/NEMO_UTILS/installs/lib ../fortran/.libs/libnetcdff.so /home/romain/NEMO_UTILS/installs/lib/libnetcdf.so /home/romain/NEMO_UTILS/installs/lib/libhdf5_hl.so /home/romain/NEMO_UTILS/installs/lib/libhdf5.so -ldl -lz /usr/lib/x86_64-linux-gnu/libcurl.so -lm -lmpi -pthread -Wl,-rpath -Wl,/home/romain/NEMO_UTILS/installs/lib
/usr/bin/mpif77 -DHAVE_CONFIG_H -I. -I.. -I../libsrc  -I../fortran -I../fortran -I/home/romain/NEMO_UTILS/installs/include -DpgiFortran -I../fortran  -O3 -fPIC -c -o ftst_types.o ftst_types.F
/bin/bash ../libtool  --tag=F77   --mode=link /usr/bin/mpif77 -I../fortran  -O3 -fPIC  -L/home/romain/NEMO_UTILS/installs/lib -lnetcdf -lhdf5_hl -lhdf5 -lz -lcurl -o ftst_types ftst_types.o f03lib_f_interfaces.o f03lib.o handle_err.o ../fortran/libnetcdff.la -lnetcdf -lhdf5_hl -lhdf5 -ldl -lz -lcurl -lm -lmpi
libtool: link: /usr/bin/mpif77 -I../fortran -O3 -fPIC -o .libs/ftst_types ftst_types.o f03lib_f_interfaces.o f03lib.o handle_err.o  -L/home/romain/NEMO_UTILS/installs/lib ../fortran/.libs/libnetcdff.so /home/romain/NEMO_UTILS/installs/lib/libnetcdf.so /home/romain/NEMO_UTILS/installs/lib/libhdf5_hl.so /home/romain/NEMO_UTILS/installs/lib/libhdf5.so -ldl -lz /usr/lib/x86_64-linux-gnu/libcurl.so -lm -lmpi -pthread -Wl,-rpath -Wl,/home/romain/NEMO_UTILS/installs/lib
/usr/bin/mpif77 -DHAVE_CONFIG_H -I. -I.. -I../libsrc  -I../fortran -I../fortran -I/home/romain/NEMO_UTILS/installs/include -DpgiFortran -I../fortran  -O3 -fPIC -c -o ftst_types2.o ftst_types2.F
/bin/bash ../libtool  --tag=F77   --mode=link /usr/bin/mpif77 -I../fortran  -O3 -fPIC  -L/home/romain/NEMO_UTILS/installs/lib -lnetcdf -lhdf5_hl -lhdf5 -lz -lcurl -o ftst_types2 ftst_types2.o f03lib_f_interfaces.o f03lib.o handle_err.o ../fortran/libnetcdff.la -lnetcdf -lhdf5_hl -lhdf5 -ldl -lz -lcurl -lm -lmpi
libtool: link: /usr/bin/mpif77 -I../fortran -O3 -fPIC -o .libs/ftst_types2 ftst_types2.o f03lib_f_interfaces.o f03lib.o handle_err.o  -L/home/romain/NEMO_UTILS/installs/lib ../fortran/.libs/libnetcdff.so /home/romain/NEMO_UTILS/installs/lib/libnetcdf.so /home/romain/NEMO_UTILS/installs/lib/libhdf5_hl.so /home/romain/NEMO_UTILS/installs/lib/libhdf5.so -ldl -lz /usr/lib/x86_64-linux-gnu/libcurl.so -lm -lmpi -pthread -Wl,-rpath -Wl,/home/romain/NEMO_UTILS/installs/lib
/usr/bin/mpif77 -DHAVE_CONFIG_H -I. -I.. -I../libsrc  -I../fortran -I../fortran -I/home/romain/NEMO_UTILS/installs/include -DpgiFortran -I../fortran  -O3 -fPIC -c -o ftst_types3.o ftst_types3.F
/bin/bash ../libtool  --tag=F77   --mode=link /usr/bin/mpif77 -I../fortran  -O3 -fPIC  -L/home/romain/NEMO_UTILS/installs/lib -lnetcdf -lhdf5_hl -lhdf5 -lz -lcurl -o ftst_types3 ftst_types3.o f03lib_f_interfaces.o f03lib.o handle_err.o ../fortran/libnetcdff.la -lnetcdf -lhdf5_hl -lhdf5 -ldl -lz -lcurl -lm -lmpi
libtool: link: /usr/bin/mpif77 -I../fortran -O3 -fPIC -o .libs/ftst_types3 ftst_types3.o f03lib_f_interfaces.o f03lib.o handle_err.o  -L/home/romain/NEMO_UTILS/installs/lib ../fortran/.libs/libnetcdff.so /home/romain/NEMO_UTILS/installs/lib/libnetcdf.so /home/romain/NEMO_UTILS/installs/lib/libhdf5_hl.so /home/romain/NEMO_UTILS/installs/lib/libhdf5.so -ldl -lz /usr/lib/x86_64-linux-gnu/libcurl.so -lm -lmpi -pthread -Wl,-rpath -Wl,/home/romain/NEMO_UTILS/installs/lib
/usr/bin/mpif77 -DHAVE_CONFIG_H -I. -I.. -I../libsrc  -I../fortran -I../fortran -I/home/romain/NEMO_UTILS/installs/include -DpgiFortran -I../fortran  -O3 -fPIC -c -o ftst_groups.o ftst_groups.F
/bin/bash ../libtool  --tag=F77   --mode=link /usr/bin/mpif77 -I../fortran  -O3 -fPIC  -L/home/romain/NEMO_UTILS/installs/lib -lnetcdf -lhdf5_hl -lhdf5 -lz -lcurl -o ftst_groups ftst_groups.o f03lib_f_interfaces.o f03lib.o handle_err.o ../fortran/libnetcdff.la -lnetcdf -lhdf5_hl -lhdf5 -ldl -lz -lcurl -lm -lmpi
libtool: link: /usr/bin/mpif77 -I../fortran -O3 -fPIC -o .libs/ftst_groups ftst_groups.o f03lib_f_interfaces.o f03lib.o handle_err.o  -L/home/romain/NEMO_UTILS/installs/lib ../fortran/.libs/libnetcdff.so /home/romain/NEMO_UTILS/installs/lib/libnetcdf.so /home/romain/NEMO_UTILS/installs/lib/libhdf5_hl.so /home/romain/NEMO_UTILS/installs/lib/libhdf5.so -ldl -lz /usr/lib/x86_64-linux-gnu/libcurl.so -lm -lmpi -pthread -Wl,-rpath -Wl,/home/romain/NEMO_UTILS/installs/lib
/usr/bin/mpif77 -DHAVE_CONFIG_H -I. -I.. -I../libsrc  -I../fortran -I../fortran -I/home/romain/NEMO_UTILS/installs/include -DpgiFortran -I../fortran  -O3 -fPIC -c -o ftst_path.o ftst_path.F
/bin/bash ../libtool  --tag=F77   --mode=link /usr/bin/mpif77 -I../fortran  -O3 -fPIC  -L/home/romain/NEMO_UTILS/installs/lib -lnetcdf -lhdf5_hl -lhdf5 -lz -lcurl -o ftst_path ftst_path.o f03lib_f_interfaces.o f03lib.o handle_err.o ../fortran/libnetcdff.la -lnetcdf -lhdf5_hl -lhdf5 -ldl -lz -lcurl -lm -lmpi
libtool: link: /usr/bin/mpif77 -I../fortran -O3 -fPIC -o .libs/ftst_path ftst_path.o f03lib_f_interfaces.o f03lib.o handle_err.o  -L/home/romain/NEMO_UTILS/installs/lib ../fortran/.libs/libnetcdff.so /home/romain/NEMO_UTILS/installs/lib/libnetcdf.so /home/romain/NEMO_UTILS/installs/lib/libhdf5_hl.so /home/romain/NEMO_UTILS/installs/lib/libhdf5.so -ldl -lz /usr/lib/x86_64-linux-gnu/libcurl.so -lm -lmpi -pthread -Wl,-rpath -Wl,/home/romain/NEMO_UTILS/installs/lib
/usr/bin/mpif77 -DHAVE_CONFIG_H -I. -I.. -I../libsrc  -I../fortran -I../fortran -I/home/romain/NEMO_UTILS/installs/include -DpgiFortran -I../fortran  -O3 -fPIC -c -o ftst_rengrps.o ftst_rengrps.F
/bin/bash ../libtool  --tag=F77   --mode=link /usr/bin/mpif77 -I../fortran  -O3 -fPIC  -L/home/romain/NEMO_UTILS/installs/lib -lnetcdf -lhdf5_hl -lhdf5 -lz -lcurl -o ftst_rengrps ftst_rengrps.o f03lib_f_interfaces.o f03lib.o handle_err.o ../fortran/libnetcdff.la -lnetcdf -lhdf5_hl -lhdf5 -ldl -lz -lcurl -lm -lmpi
libtool: link: /usr/bin/mpif77 -I../fortran -O3 -fPIC -o .libs/ftst_rengrps ftst_rengrps.o f03lib_f_interfaces.o f03lib.o handle_err.o  -L/home/romain/NEMO_UTILS/installs/lib ../fortran/.libs/libnetcdff.so /home/romain/NEMO_UTILS/installs/lib/libnetcdf.so /home/romain/NEMO_UTILS/installs/lib/libhdf5_hl.so /home/romain/NEMO_UTILS/installs/lib/libhdf5.so -ldl -lz /usr/lib/x86_64-linux-gnu/libcurl.so -lm -lmpi -pthread -Wl,-rpath -Wl,/home/romain/NEMO_UTILS/installs/lib
/usr/bin/mpif90 -I../fortran  -O3 -fPIC -c -o f90tst_vars.o  f90tst_vars.f90
/bin/bash ../libtool  --tag=FC   --mode=link /usr/bin/mpif90 -I../fortran  -O3 -fPIC  -L/home/romain/NEMO_UTILS/installs/lib -lnetcdf -lhdf5_hl -lhdf5 -lz -lcurl -o f90tst_vars f90tst_vars.o ../fortran/libnetcdff.la -lnetcdf -lhdf5_hl -lhdf5 -ldl -lz -lcurl -lm -lmpi
libtool: link: /usr/bin/mpif90 -I../fortran -O3 -fPIC -o .libs/f90tst_vars f90tst_vars.o  -L/home/romain/NEMO_UTILS/installs/lib ../fortran/.libs/libnetcdff.so /home/romain/NEMO_UTILS/installs/lib/libnetcdf.so /home/romain/NEMO_UTILS/installs/lib/libhdf5_hl.so /home/romain/NEMO_UTILS/installs/lib/libhdf5.so -ldl -lz /usr/lib/x86_64-linux-gnu/libcurl.so -lm -lmpi -pthread -Wl,-rpath -Wl,/home/romain/NEMO_UTILS/installs/lib
/usr/bin/mpif90 -I../fortran  -O3 -fPIC -c -o tst_types.o  tst_types.f90
/bin/bash ../libtool  --tag=FC   --mode=link /usr/bin/mpif90 -I../fortran  -O3 -fPIC  -L/home/romain/NEMO_UTILS/installs/lib -lnetcdf -lhdf5_hl -lhdf5 -lz -lcurl -o tst_types tst_types.o ../fortran/libnetcdff.la -lnetcdf -lhdf5_hl -lhdf5 -ldl -lz -lcurl -lm -lmpi
libtool: link: /usr/bin/mpif90 -I../fortran -O3 -fPIC -o .libs/tst_types tst_types.o  -L/home/romain/NEMO_UTILS/installs/lib ../fortran/.libs/libnetcdff.so /home/romain/NEMO_UTILS/installs/lib/libnetcdf.so /home/romain/NEMO_UTILS/installs/lib/libhdf5_hl.so /home/romain/NEMO_UTILS/installs/lib/libhdf5.so -ldl -lz /usr/lib/x86_64-linux-gnu/libcurl.so -lm -lmpi -pthread -Wl,-rpath -Wl,/home/romain/NEMO_UTILS/installs/lib
/usr/bin/mpif90 -I../fortran  -O3 -fPIC -c -o tst_types2.o  tst_types2.f90
/bin/bash ../libtool  --tag=FC   --mode=link /usr/bin/mpif90 -I../fortran  -O3 -fPIC  -L/home/romain/NEMO_UTILS/installs/lib -lnetcdf -lhdf5_hl -lhdf5 -lz -lcurl -o tst_types2 tst_types2.o ../fortran/libnetcdff.la -lnetcdf -lhdf5_hl -lhdf5 -ldl -lz -lcurl -lm -lmpi
libtool: link: /usr/bin/mpif90 -I../fortran -O3 -fPIC -o .libs/tst_types2 tst_types2.o  -L/home/romain/NEMO_UTILS/installs/lib ../fortran/.libs/libnetcdff.so /home/romain/NEMO_UTILS/installs/lib/libnetcdf.so /home/romain/NEMO_UTILS/installs/lib/libhdf5_hl.so /home/romain/NEMO_UTILS/installs/lib/libhdf5.so -ldl -lz /usr/lib/x86_64-linux-gnu/libcurl.so -lm -lmpi -pthread -Wl,-rpath -Wl,/home/romain/NEMO_UTILS/installs/lib
/usr/bin/mpif90 -I../fortran  -O3 -fPIC -c -o f90tst_vars_vlen.o  f90tst_vars_vlen.f90
/bin/bash ../libtool  --tag=FC   --mode=link /usr/bin/mpif90 -I../fortran  -O3 -fPIC  -L/home/romain/NEMO_UTILS/installs/lib -lnetcdf -lhdf5_hl -lhdf5 -lz -lcurl -o f90tst_vars_vlen f90tst_vars_vlen.o ../fortran/libnetcdff.la -lnetcdf -lhdf5_hl -lhdf5 -ldl -lz -lcurl -lm -lmpi
libtool: link: /usr/bin/mpif90 -I../fortran -O3 -fPIC -o .libs/f90tst_vars_vlen f90tst_vars_vlen.o  -L/home/romain/NEMO_UTILS/installs/lib ../fortran/.libs/libnetcdff.so /home/romain/NEMO_UTILS/installs/lib/libnetcdf.so /home/romain/NEMO_UTILS/installs/lib/libhdf5_hl.so /home/romain/NEMO_UTILS/installs/lib/libhdf5.so -ldl -lz /usr/lib/x86_64-linux-gnu/libcurl.so -lm -lmpi -pthread -Wl,-rpath -Wl,/home/romain/NEMO_UTILS/installs/lib
/usr/bin/mpif90 -I../fortran  -O3 -fPIC -c -o tst_f90_nc4.o  tst_f90_nc4.f90
/bin/bash ../libtool  --tag=FC   --mode=link /usr/bin/mpif90 -I../fortran  -O3 -fPIC  -L/home/romain/NEMO_UTILS/installs/lib -lnetcdf -lhdf5_hl -lhdf5 -lz -lcurl -o tst_f90_nc4 tst_f90_nc4.o ../fortran/libnetcdff.la -lnetcdf -lhdf5_hl -lhdf5 -ldl -lz -lcurl -lm -lmpi
libtool: link: /usr/bin/mpif90 -I../fortran -O3 -fPIC -o .libs/tst_f90_nc4 tst_f90_nc4.o  -L/home/romain/NEMO_UTILS/installs/lib ../fortran/.libs/libnetcdff.so /home/romain/NEMO_UTILS/installs/lib/libnetcdf.so /home/romain/NEMO_UTILS/installs/lib/libhdf5_hl.so /home/romain/NEMO_UTILS/installs/lib/libhdf5.so -ldl -lz /usr/lib/x86_64-linux-gnu/libcurl.so -lm -lmpi -pthread -Wl,-rpath -Wl,/home/romain/NEMO_UTILS/installs/lib
/usr/bin/mpif90 -I../fortran  -O3 -fPIC -c -o f90tst_grps.o  f90tst_grps.f90
/bin/bash ../libtool  --tag=FC   --mode=link /usr/bin/mpif90 -I../fortran  -O3 -fPIC  -L/home/romain/NEMO_UTILS/installs/lib -lnetcdf -lhdf5_hl -lhdf5 -lz -lcurl -o f90tst_grps f90tst_grps.o ../fortran/libnetcdff.la -lnetcdf -lhdf5_hl -lhdf5 -ldl -lz -lcurl -lm -lmpi
libtool: link: /usr/bin/mpif90 -I../fortran -O3 -fPIC -o .libs/f90tst_grps f90tst_grps.o  -L/home/romain/NEMO_UTILS/installs/lib ../fortran/.libs/libnetcdff.so /home/romain/NEMO_UTILS/installs/lib/libnetcdf.so /home/romain/NEMO_UTILS/installs/lib/libhdf5_hl.so /home/romain/NEMO_UTILS/installs/lib/libhdf5.so -ldl -lz /usr/lib/x86_64-linux-gnu/libcurl.so -lm -lmpi -pthread -Wl,-rpath -Wl,/home/romain/NEMO_UTILS/installs/lib
/usr/bin/mpif90 -I../fortran  -O3 -fPIC -c -o f90tst_fill.o  f90tst_fill.f90
/bin/bash ../libtool  --tag=FC   --mode=link /usr/bin/mpif90 -I../fortran  -O3 -fPIC  -L/home/romain/NEMO_UTILS/installs/lib -lnetcdf -lhdf5_hl -lhdf5 -lz -lcurl -o f90tst_fill f90tst_fill.o ../fortran/libnetcdff.la -lnetcdf -lhdf5_hl -lhdf5 -ldl -lz -lcurl -lm -lmpi
libtool: link: /usr/bin/mpif90 -I../fortran -O3 -fPIC -o .libs/f90tst_fill f90tst_fill.o  -L/home/romain/NEMO_UTILS/installs/lib ../fortran/.libs/libnetcdff.so /home/romain/NEMO_UTILS/installs/lib/libnetcdf.so /home/romain/NEMO_UTILS/installs/lib/libhdf5_hl.so /home/romain/NEMO_UTILS/installs/lib/libhdf5.so -ldl -lz /usr/lib/x86_64-linux-gnu/libcurl.so -lm -lmpi -pthread -Wl,-rpath -Wl,/home/romain/NEMO_UTILS/installs/lib
/usr/bin/mpif90 -I../fortran  -O3 -fPIC -c -o f90tst_fill2.o  f90tst_fill2.f90
/bin/bash ../libtool  --tag=FC   --mode=link /usr/bin/mpif90 -I../fortran  -O3 -fPIC  -L/home/romain/NEMO_UTILS/installs/lib -lnetcdf -lhdf5_hl -lhdf5 -lz -lcurl -o f90tst_fill2 f90tst_fill2.o ../fortran/libnetcdff.la -lnetcdf -lhdf5_hl -lhdf5 -ldl -lz -lcurl -lm -lmpi
libtool: link: /usr/bin/mpif90 -I../fortran -O3 -fPIC -o .libs/f90tst_fill2 f90tst_fill2.o  -L/home/romain/NEMO_UTILS/installs/lib ../fortran/.libs/libnetcdff.so /home/romain/NEMO_UTILS/installs/lib/libnetcdf.so /home/romain/NEMO_UTILS/installs/lib/libhdf5_hl.so /home/romain/NEMO_UTILS/installs/lib/libhdf5.so -ldl -lz /usr/lib/x86_64-linux-gnu/libcurl.so -lm -lmpi -pthread -Wl,-rpath -Wl,/home/romain/NEMO_UTILS/installs/lib
/usr/bin/mpif90 -I../fortran  -O3 -fPIC -c -o f90tst_vars3.o  f90tst_vars3.f90
/bin/bash ../libtool  --tag=FC   --mode=link /usr/bin/mpif90 -I../fortran  -O3 -fPIC  -L/home/romain/NEMO_UTILS/installs/lib -lnetcdf -lhdf5_hl -lhdf5 -lz -lcurl -o f90tst_vars3 f90tst_vars3.o ../fortran/libnetcdff.la -lnetcdf -lhdf5_hl -lhdf5 -ldl -lz -lcurl -lm -lmpi
libtool: link: /usr/bin/mpif90 -I../fortran -O3 -fPIC -o .libs/f90tst_vars3 f90tst_vars3.o  -L/home/romain/NEMO_UTILS/installs/lib ../fortran/.libs/libnetcdff.so /home/romain/NEMO_UTILS/installs/lib/libnetcdf.so /home/romain/NEMO_UTILS/installs/lib/libhdf5_hl.so /home/romain/NEMO_UTILS/installs/lib/libhdf5.so -ldl -lz /usr/lib/x86_64-linux-gnu/libcurl.so -lm -lmpi -pthread -Wl,-rpath -Wl,/home/romain/NEMO_UTILS/installs/lib
/usr/bin/mpif90 -I../fortran  -O3 -fPIC -c -o f90tst_vars4.o  f90tst_vars4.f90
/bin/bash ../libtool  --tag=FC   --mode=link /usr/bin/mpif90 -I../fortran  -O3 -fPIC  -L/home/romain/NEMO_UTILS/installs/lib -lnetcdf -lhdf5_hl -lhdf5 -lz -lcurl -o f90tst_vars4 f90tst_vars4.o ../fortran/libnetcdff.la -lnetcdf -lhdf5_hl -lhdf5 -ldl -lz -lcurl -lm -lmpi
libtool: link: /usr/bin/mpif90 -I../fortran -O3 -fPIC -o .libs/f90tst_vars4 f90tst_vars4.o  -L/home/romain/NEMO_UTILS/installs/lib ../fortran/.libs/libnetcdff.so /home/romain/NEMO_UTILS/installs/lib/libnetcdf.so /home/romain/NEMO_UTILS/installs/lib/libhdf5_hl.so /home/romain/NEMO_UTILS/installs/lib/libhdf5.so -ldl -lz /usr/lib/x86_64-linux-gnu/libcurl.so -lm -lmpi -pthread -Wl,-rpath -Wl,/home/romain/NEMO_UTILS/installs/lib
/usr/bin/mpif90 -I../fortran  -O3 -fPIC -c -o f90tst_vars2.o  f90tst_vars2.f90
/bin/bash ../libtool  --tag=FC   --mode=link /usr/bin/mpif90 -I../fortran  -O3 -fPIC  -L/home/romain/NEMO_UTILS/installs/lib -lnetcdf -lhdf5_hl -lhdf5 -lz -lcurl -o f90tst_vars2 f90tst_vars2.o ../fortran/libnetcdff.la -lnetcdf -lhdf5_hl -lhdf5 -ldl -lz -lcurl -lm -lmpi
libtool: link: /usr/bin/mpif90 -I../fortran -O3 -fPIC -o .libs/f90tst_vars2 f90tst_vars2.o  -L/home/romain/NEMO_UTILS/installs/lib ../fortran/.libs/libnetcdff.so /home/romain/NEMO_UTILS/installs/lib/libnetcdf.so /home/romain/NEMO_UTILS/installs/lib/libhdf5_hl.so /home/romain/NEMO_UTILS/installs/lib/libhdf5.so -ldl -lz /usr/lib/x86_64-linux-gnu/libcurl.so -lm -lmpi -pthread -Wl,-rpath -Wl,/home/romain/NEMO_UTILS/installs/lib
/usr/bin/mpif90 -I../fortran  -O3 -fPIC -c -o f90tst_path.o  f90tst_path.f90
/bin/bash ../libtool  --tag=FC   --mode=link /usr/bin/mpif90 -I../fortran  -O3 -fPIC  -L/home/romain/NEMO_UTILS/installs/lib -lnetcdf -lhdf5_hl -lhdf5 -lz -lcurl -o f90tst_path f90tst_path.o ../fortran/libnetcdff.la -lnetcdf -lhdf5_hl -lhdf5 -ldl -lz -lcurl -lm -lmpi
libtool: link: /usr/bin/mpif90 -I../fortran -O3 -fPIC -o .libs/f90tst_path f90tst_path.o  -L/home/romain/NEMO_UTILS/installs/lib ../fortran/.libs/libnetcdff.so /home/romain/NEMO_UTILS/installs/lib/libnetcdf.so /home/romain/NEMO_UTILS/installs/lib/libhdf5_hl.so /home/romain/NEMO_UTILS/installs/lib/libhdf5.so -ldl -lz /usr/lib/x86_64-linux-gnu/libcurl.so -lm -lmpi -pthread -Wl,-rpath -Wl,/home/romain/NEMO_UTILS/installs/lib
/usr/bin/mpif90 -I../fortran  -O3 -fPIC -c -o f90tst_rengrps.o  f90tst_rengrps.f90
/bin/bash ../libtool  --tag=FC   --mode=link /usr/bin/mpif90 -I../fortran  -O3 -fPIC  -L/home/romain/NEMO_UTILS/installs/lib -lnetcdf -lhdf5_hl -lhdf5 -lz -lcurl -o f90tst_rengrps f90tst_rengrps.o ../fortran/libnetcdff.la -lnetcdf -lhdf5_hl -lhdf5 -ldl -lz -lcurl -lm -lmpi
libtool: link: /usr/bin/mpif90 -I../fortran -O3 -fPIC -o .libs/f90tst_rengrps f90tst_rengrps.o  -L/home/romain/NEMO_UTILS/installs/lib ../fortran/.libs/libnetcdff.so /home/romain/NEMO_UTILS/installs/lib/libnetcdf.so /home/romain/NEMO_UTILS/installs/lib/libhdf5_hl.so /home/romain/NEMO_UTILS/installs/lib/libhdf5.so -ldl -lz /usr/lib/x86_64-linux-gnu/libcurl.so -lm -lmpi -pthread -Wl,-rpath -Wl,/home/romain/NEMO_UTILS/installs/lib
/usr/bin/mpif77 -DHAVE_CONFIG_H -I. -I.. -I../libsrc  -I../fortran -I../fortran -I/home/romain/NEMO_UTILS/installs/include -DpgiFortran -I../fortran  -O3 -fPIC -c -o ftst_v2.o ftst_v2.F
/bin/bash ../libtool  --tag=F77   --mode=link /usr/bin/mpif77 -I../fortran  -O3 -fPIC  -L/home/romain/NEMO_UTILS/installs/lib -lnetcdf -lhdf5_hl -lhdf5 -lz -lcurl -o ftst_v2 ftst_v2.o ../fortran/libnetcdff.la -lnetcdf -lhdf5_hl -lhdf5 -ldl -lz -lcurl -lm -lmpi
libtool: link: /usr/bin/mpif77 -I../fortran -O3 -fPIC -o .libs/ftst_v2 ftst_v2.o  -L/home/romain/NEMO_UTILS/installs/lib ../fortran/.libs/libnetcdff.so /home/romain/NEMO_UTILS/installs/lib/libnetcdf.so /home/romain/NEMO_UTILS/installs/lib/libhdf5_hl.so /home/romain/NEMO_UTILS/installs/lib/libhdf5.so -ldl -lz /usr/lib/x86_64-linux-gnu/libcurl.so -lm -lmpi -pthread -Wl,-rpath -Wl,/home/romain/NEMO_UTILS/installs/lib
/usr/bin/mpif90 -I../fortran  -O3 -fPIC -c -o tst_io.o  tst_io.f90
/bin/bash ../libtool  --tag=FC   --mode=link /usr/bin/mpif90 -I../fortran  -O3 -fPIC  -L/home/romain/NEMO_UTILS/installs/lib -lnetcdf -lhdf5_hl -lhdf5 -lz -lcurl -o tst_io tst_io.o ../fortran/libnetcdff.la -lnetcdf -lhdf5_hl -lhdf5 -ldl -lz -lcurl -lm -lmpi
libtool: link: /usr/bin/mpif90 -I../fortran -O3 -fPIC -o .libs/tst_io tst_io.o  -L/home/romain/NEMO_UTILS/installs/lib ../fortran/.libs/libnetcdff.so /home/romain/NEMO_UTILS/installs/lib/libnetcdf.so /home/romain/NEMO_UTILS/installs/lib/libhdf5_hl.so /home/romain/NEMO_UTILS/installs/lib/libhdf5.so -ldl -lz /usr/lib/x86_64-linux-gnu/libcurl.so -lm -lmpi -pthread -Wl,-rpath -Wl,/home/romain/NEMO_UTILS/installs/lib
/usr/bin/mpif90 -DHAVE_CONFIG_H -I. -I.. -I../libsrc  -I../fortran -I../fortran -I/home/romain/NEMO_UTILS/installs/include -DpgiFortran -I../fortran  -O3 -fPIC -c -o f90tst_parallel.o f90tst_parallel.F90
/bin/bash ../libtool  --tag=FC   --mode=link /usr/bin/mpif90 -I../fortran  -O3 -fPIC  -L/home/romain/NEMO_UTILS/installs/lib -lnetcdf -lhdf5_hl -lhdf5 -lz -lcurl -o f90tst_parallel f90tst_parallel.o ../fortran/libnetcdff.la -lnetcdf -lhdf5_hl -lhdf5 -ldl -lz -lcurl -lm -lmpi
libtool: link: /usr/bin/mpif90 -I../fortran -O3 -fPIC -o .libs/f90tst_parallel f90tst_parallel.o  -L/home/romain/NEMO_UTILS/installs/lib ../fortran/.libs/libnetcdff.so /home/romain/NEMO_UTILS/installs/lib/libnetcdf.so /home/romain/NEMO_UTILS/installs/lib/libhdf5_hl.so /home/romain/NEMO_UTILS/installs/lib/libhdf5.so -ldl -lz /usr/lib/x86_64-linux-gnu/libcurl.so -lm -lmpi -pthread -Wl,-rpath -Wl,/home/romain/NEMO_UTILS/installs/lib
/usr/bin/mpif90 -DHAVE_CONFIG_H -I. -I.. -I../libsrc  -I../fortran -I../fortran -I/home/romain/NEMO_UTILS/installs/include -DpgiFortran -I../fortran  -O3 -fPIC -c -o f90tst_parallel2.o f90tst_parallel2.F90
/bin/bash ../libtool  --tag=FC   --mode=link /usr/bin/mpif90 -I../fortran  -O3 -fPIC  -L/home/romain/NEMO_UTILS/installs/lib -lnetcdf -lhdf5_hl -lhdf5 -lz -lcurl -o f90tst_parallel2 f90tst_parallel2.o ../fortran/libnetcdff.la -lnetcdf -lhdf5_hl -lhdf5 -ldl -lz -lcurl -lm -lmpi
libtool: link: /usr/bin/mpif90 -I../fortran -O3 -fPIC -o .libs/f90tst_parallel2 f90tst_parallel2.o  -L/home/romain/NEMO_UTILS/installs/lib ../fortran/.libs/libnetcdff.so /home/romain/NEMO_UTILS/installs/lib/libnetcdf.so /home/romain/NEMO_UTILS/installs/lib/libhdf5_hl.so /home/romain/NEMO_UTILS/installs/lib/libhdf5.so -ldl -lz /usr/lib/x86_64-linux-gnu/libcurl.so -lm -lmpi -pthread -Wl,-rpath -Wl,/home/romain/NEMO_UTILS/installs/lib
/usr/bin/mpif90 -DHAVE_CONFIG_H -I. -I.. -I../libsrc  -I../fortran -I../fortran -I/home/romain/NEMO_UTILS/installs/include -DpgiFortran -I../fortran  -O3 -fPIC -c -o f90tst_parallel3.o f90tst_parallel3.F90
/bin/bash ../libtool  --tag=FC   --mode=link /usr/bin/mpif90 -I../fortran  -O3 -fPIC  -L/home/romain/NEMO_UTILS/installs/lib -lnetcdf -lhdf5_hl -lhdf5 -lz -lcurl -o f90tst_parallel3 f90tst_parallel3.o ../fortran/libnetcdff.la -lnetcdf -lhdf5_hl -lhdf5 -ldl -lz -lcurl -lm -lmpi
libtool: link: /usr/bin/mpif90 -I../fortran -O3 -fPIC -o .libs/f90tst_parallel3 f90tst_parallel3.o  -L/home/romain/NEMO_UTILS/installs/lib ../fortran/.libs/libnetcdff.so /home/romain/NEMO_UTILS/installs/lib/libnetcdf.so /home/romain/NEMO_UTILS/installs/lib/libhdf5_hl.so /home/romain/NEMO_UTILS/installs/lib/libhdf5.so -ldl -lz /usr/lib/x86_64-linux-gnu/libcurl.so -lm -lmpi -pthread -Wl,-rpath -Wl,/home/romain/NEMO_UTILS/installs/lib
/usr/bin/mpif90 -DHAVE_CONFIG_H -I. -I.. -I../libsrc  -I../fortran -I../fortran -I/home/romain/NEMO_UTILS/installs/include -DpgiFortran -I../fortran  -O3 -fPIC -c -o f90tst_nc4_par.o f90tst_nc4_par.F90
/bin/bash ../libtool  --tag=FC   --mode=link /usr/bin/mpif90 -I../fortran  -O3 -fPIC  -L/home/romain/NEMO_UTILS/installs/lib -lnetcdf -lhdf5_hl -lhdf5 -lz -lcurl -o f90tst_nc4_par f90tst_nc4_par.o ../fortran/libnetcdff.la -lnetcdf -lhdf5_hl -lhdf5 -ldl -lz -lcurl -lm -lmpi
libtool: link: /usr/bin/mpif90 -I../fortran -O3 -fPIC -o .libs/f90tst_nc4_par f90tst_nc4_par.o  -L/home/romain/NEMO_UTILS/installs/lib ../fortran/.libs/libnetcdff.so /home/romain/NEMO_UTILS/installs/lib/libnetcdf.so /home/romain/NEMO_UTILS/installs/lib/libhdf5_hl.so /home/romain/NEMO_UTILS/installs/lib/libhdf5.so -ldl -lz /usr/lib/x86_64-linux-gnu/libcurl.so -lm -lmpi -pthread -Wl,-rpath -Wl,/home/romain/NEMO_UTILS/installs/lib
/usr/bin/mpif77 -DHAVE_CONFIG_H -I. -I.. -I../libsrc  -I../fortran -I../fortran -I/home/romain/NEMO_UTILS/installs/include -DpgiFortran -I../fortran  -O3 -fPIC -c -o ftst_parallel.o ftst_parallel.F
/bin/bash ../libtool  --tag=F77   --mode=link /usr/bin/mpif77 -I../fortran  -O3 -fPIC  -L/home/romain/NEMO_UTILS/installs/lib -lnetcdf -lhdf5_hl -lhdf5 -lz -lcurl -o ftst_parallel ftst_parallel.o ../fortran/libnetcdff.la -lnetcdf -lhdf5_hl -lhdf5 -ldl -lz -lcurl -lm -lmpi
libtool: link: /usr/bin/mpif77 -I../fortran -O3 -fPIC -o .libs/ftst_parallel ftst_parallel.o  -L/home/romain/NEMO_UTILS/installs/lib ../fortran/.libs/libnetcdff.so /home/romain/NEMO_UTILS/installs/lib/libnetcdf.so /home/romain/NEMO_UTILS/installs/lib/libhdf5_hl.so /home/romain/NEMO_UTILS/installs/lib/libhdf5.so -ldl -lz /usr/lib/x86_64-linux-gnu/libcurl.so -lm -lmpi -pthread -Wl,-rpath -Wl,/home/romain/NEMO_UTILS/installs/lib
/usr/bin/mpif77 -DHAVE_CONFIG_H -I. -I.. -I../libsrc  -I../fortran -I../fortran -I/home/romain/NEMO_UTILS/installs/include -DpgiFortran -I../fortran  -O3 -fPIC -c -o ftst_parallel_nasa.o ftst_parallel_nasa.F
/bin/bash ../libtool  --tag=F77   --mode=link /usr/bin/mpif77 -I../fortran  -O3 -fPIC  -L/home/romain/NEMO_UTILS/installs/lib -lnetcdf -lhdf5_hl -lhdf5 -lz -lcurl -o ftst_parallel_nasa ftst_parallel_nasa.o ../fortran/libnetcdff.la -lnetcdf -lhdf5_hl -lhdf5 -ldl -lz -lcurl -lm -lmpi
libtool: link: /usr/bin/mpif77 -I../fortran -O3 -fPIC -o .libs/ftst_parallel_nasa ftst_parallel_nasa.o  -L/home/romain/NEMO_UTILS/installs/lib ../fortran/.libs/libnetcdff.so /home/romain/NEMO_UTILS/installs/lib/libnetcdf.so /home/romain/NEMO_UTILS/installs/lib/libhdf5_hl.so /home/romain/NEMO_UTILS/installs/lib/libhdf5.so -ldl -lz /usr/lib/x86_64-linux-gnu/libcurl.so -lm -lmpi -pthread -Wl,-rpath -Wl,/home/romain/NEMO_UTILS/installs/lib
/usr/bin/mpif77 -DHAVE_CONFIG_H -I. -I.. -I../libsrc  -I../fortran -I../fortran -I/home/romain/NEMO_UTILS/installs/include -DpgiFortran -I../fortran  -O3 -fPIC -c -o ftest.o ftest.F
/bin/bash ../libtool  --tag=F77   --mode=link /usr/bin/mpif77 -I../fortran  -O3 -fPIC  -L/home/romain/NEMO_UTILS/installs/lib -lnetcdf -lhdf5_hl -lhdf5 -lz -lcurl -o ftest ftest.o f03lib.o ../fortran/libnetcdff.la -lnetcdf -lhdf5_hl -lhdf5 -ldl -lz -lcurl -lm -lmpi
libtool: link: /usr/bin/mpif77 -I../fortran -O3 -fPIC -o .libs/ftest ftest.o f03lib.o  -L/home/romain/NEMO_UTILS/installs/lib ../fortran/.libs/libnetcdff.so /home/romain/NEMO_UTILS/installs/lib/libnetcdf.so /home/romain/NEMO_UTILS/installs/lib/libhdf5_hl.so /home/romain/NEMO_UTILS/installs/lib/libhdf5.so -ldl -lz /usr/lib/x86_64-linux-gnu/libcurl.so -lm -lmpi -pthread -Wl,-rpath -Wl,/home/romain/NEMO_UTILS/installs/lib
/usr/bin/mpif90 -I../fortran  -O3 -fPIC -c -o tst_f90.o  tst_f90.f90
/bin/bash ../libtool  --tag=FC   --mode=link /usr/bin/mpif90 -I../fortran  -O3 -fPIC  -L/home/romain/NEMO_UTILS/installs/lib -lnetcdf -lhdf5_hl -lhdf5 -lz -lcurl -o tst_f90 tst_f90.o ../fortran/libnetcdff.la -lnetcdf -lhdf5_hl -lhdf5 -ldl -lz -lcurl -lm -lmpi
libtool: link: /usr/bin/mpif90 -I../fortran -O3 -fPIC -o .libs/tst_f90 tst_f90.o  -L/home/romain/NEMO_UTILS/installs/lib ../fortran/.libs/libnetcdff.so /home/romain/NEMO_UTILS/installs/lib/libnetcdf.so /home/romain/NEMO_UTILS/installs/lib/libhdf5_hl.so /home/romain/NEMO_UTILS/installs/lib/libhdf5.so -ldl -lz /usr/lib/x86_64-linux-gnu/libcurl.so -lm -lmpi -pthread -Wl,-rpath -Wl,/home/romain/NEMO_UTILS/installs/lib
make[2]: Leaving directory '/home/romain/NEMO_UTILS/sources/NetCDF-fortran/netcdf-fortran-4.4.5/nf_test'
make  check-TESTS
make[2]: Entering directory '/home/romain/NEMO_UTILS/sources/NetCDF-fortran/netcdf-fortran-4.4.5/nf_test'
make[3]: Entering directory '/home/romain/NEMO_UTILS/sources/NetCDF-fortran/netcdf-fortran-4.4.5/nf_test'
PASS: nf_test
PASS: create_fills.sh
PASS: tst_f77_v2
PASS: ftst_vars
PASS: ftst_vars2
PASS: ftst_vars3
PASS: ftst_vars4
PASS: ftst_vars5
PASS: ftst_vars6
PASS: ftst_types
PASS: ftst_types2
PASS: ftst_types3
PASS: ftst_groups
PASS: ftst_path
PASS: ftst_rengrps
PASS: f90tst_vars
PASS: tst_types
PASS: tst_types2
PASS: f90tst_vars_vlen
PASS: tst_f90_nc4
PASS: f90tst_grps
PASS: f90tst_fill
PASS: f90tst_fill2
PASS: f90tst_vars3
PASS: f90tst_vars4
PASS: f90tst_vars2
PASS: f90tst_path
PASS: f90tst_rengrps
PASS: ftst_v2
PASS: tst_io
PASS: run_f90_par_test.sh
PASS: run_f77_par_test.sh
PASS: ftest
PASS: tst_f90
============================================================================
Testsuite summary for netCDF-Fortran 4.4.6-development
============================================================================
# TOTAL: 34
# PASS:  34
# SKIP:  0
# XFAIL: 0
# FAIL:  0
# XPASS: 0
# ERROR: 0
============================================================================
make[3]: Leaving directory '/home/romain/NEMO_UTILS/sources/NetCDF-fortran/netcdf-fortran-4.4.5/nf_test'
make[2]: Leaving directory '/home/romain/NEMO_UTILS/sources/NetCDF-fortran/netcdf-fortran-4.4.5/nf_test'
make[1]: Leaving directory '/home/romain/NEMO_UTILS/sources/NetCDF-fortran/netcdf-fortran-4.4.5/nf_test'
Making check in nf03_test
make[1]: Entering directory '/home/romain/NEMO_UTILS/sources/NetCDF-fortran/netcdf-fortran-4.4.5/nf03_test'
make  nf03_test f03tst_vars f03tst_vars2 f03tst_vars3 f03tst_vars4 f03tst_vars5 f03tst_vars6 f03tst_open_mem f03tst_types f03tst_types2 f03tst_types3 f03tst_groups f03tst_v2 f03tst_parallel f03test tst03_f77_v2
make[2]: Entering directory '/home/romain/NEMO_UTILS/sources/NetCDF-fortran/netcdf-fortran-4.4.5/nf03_test'
/usr/bin/mpif90 -DHAVE_CONFIG_H -I. -I.. -I../libsrc   -I/home/romain/NEMO_UTILS/installs/include -DpgiFortran -I../fortran   -I../fortran -I../nf_test -O3 -fPIC -c -o module_tests.o module_tests.F90
/usr/bin/mpif90 -I../fortran   -I../fortran -I../nf_test -O3 -fPIC -c -o f03lib_f_interfaces.o  f03lib_f_interfaces.f90
/usr/bin/mpif77 -DHAVE_CONFIG_H -I. -I.. -I../libsrc   -I/home/romain/NEMO_UTILS/installs/include -DpgiFortran -I../fortran   -I../fortran -I../nf_test -O3 -fPIC -c -o test03_get.o test03_get.F
/usr/bin/mpif77 -DHAVE_CONFIG_H -I. -I.. -I../libsrc   -I/home/romain/NEMO_UTILS/installs/include -DpgiFortran -I../fortran   -I../fortran -I../nf_test -O3 -fPIC -c -o test03_put.o test03_put.F
/usr/bin/mpif77 -DHAVE_CONFIG_H -I. -I.. -I../libsrc   -I/home/romain/NEMO_UTILS/installs/include -DpgiFortran -I../fortran   -I../fortran -I../nf_test -O3 -fPIC -c -o nf03_error.o nf03_error.F
/usr/bin/mpif77 -DHAVE_CONFIG_H -I. -I.. -I../libsrc   -I/home/romain/NEMO_UTILS/installs/include -DpgiFortran -I../fortran   -I../fortran -I../nf_test -O3 -fPIC -c -o nf03_test.o nf03_test.F
/usr/bin/mpif77 -DHAVE_CONFIG_H -I. -I.. -I../libsrc   -I/home/romain/NEMO_UTILS/installs/include -DpgiFortran -I../fortran   -I../fortran -I../nf_test -O3 -fPIC -c -o test03_read.o test03_read.F
/usr/bin/mpif77 -DHAVE_CONFIG_H -I. -I.. -I../libsrc   -I/home/romain/NEMO_UTILS/installs/include -DpgiFortran -I../fortran   -I../fortran -I../nf_test -O3 -fPIC -c -o test03_write.o test03_write.F
/usr/bin/mpif77 -DHAVE_CONFIG_H -I. -I.. -I../libsrc   -I/home/romain/NEMO_UTILS/installs/include -DpgiFortran -I../fortran   -I../fortran -I../nf_test -O3 -fPIC -c -o util03.o util03.F
depbase=`echo f03lib.o | sed 's|[^/]*$|.deps/&|;s|\.o$||'`;\
/usr/bin/mpicc -DHAVE_CONFIG_H -I. -I.. -I../libsrc   -I/home/romain/NEMO_UTILS/installs/include -DpgiFortran  -O3 -fPIC -DLONGLONG_IS_LONG -MT f03lib.o -MD -MP -MF $depbase.Tpo -c -o f03lib.o f03lib.c &&\
mv -f $depbase.Tpo $depbase.Po
/bin/bash ../libtool  --tag=F77   --mode=link /usr/bin/mpif77 -I../fortran   -I../fortran -I../nf_test -O3 -fPIC  -L/home/romain/NEMO_UTILS/installs/lib -lnetcdf -lhdf5_hl -lhdf5 -lz -lcurl -o nf03_test module_tests.o f03lib_f_interfaces.o test03_get.o test03_put.o nf03_error.o nf03_test.o test03_read.o test03_write.o util03.o f03lib.o ../fortran/libnetcdff.la -lnetcdf -lhdf5_hl -lhdf5 -ldl -lz -lcurl -lm -lmpi
libtool: link: /usr/bin/mpif77 -I../fortran -I../fortran -I../nf_test -O3 -fPIC -o .libs/nf03_test module_tests.o f03lib_f_interfaces.o test03_get.o test03_put.o nf03_error.o nf03_test.o test03_read.o test03_write.o util03.o f03lib.o  -L/home/romain/NEMO_UTILS/installs/lib ../fortran/.libs/libnetcdff.so /home/romain/NEMO_UTILS/installs/lib/libnetcdf.so /home/romain/NEMO_UTILS/installs/lib/libhdf5_hl.so /home/romain/NEMO_UTILS/installs/lib/libhdf5.so -ldl -lz /usr/lib/x86_64-linux-gnu/libcurl.so -lm -lmpi -pthread -Wl,-rpath -Wl,/home/romain/NEMO_UTILS/installs/lib
/usr/bin/mpif77 -DHAVE_CONFIG_H -I. -I.. -I../libsrc   -I/home/romain/NEMO_UTILS/installs/include -DpgiFortran -I../fortran   -I../fortran -I../nf_test -O3 -fPIC -c -o f03tst_vars.o f03tst_vars.F
f03tst_vars.F:48:0:

             data_out(y, x) = 2147483646 + x * y
 
Warning: iteration 1 invokes undefined behavior [-Waggressive-loop-optimizations]
f03tst_vars.F:46:0:

       do x = 1, NX
 
note: within this loop
/usr/bin/mpif77 -DHAVE_CONFIG_H -I. -I.. -I../libsrc   -I/home/romain/NEMO_UTILS/installs/include -DpgiFortran -I../fortran   -I../fortran -I../nf_test -O3 -fPIC -c -o handle_err.o handle_err.F
/bin/bash ../libtool  --tag=F77   --mode=link /usr/bin/mpif77 -I../fortran   -I../fortran -I../nf_test -O3 -fPIC  -L/home/romain/NEMO_UTILS/installs/lib -lnetcdf -lhdf5_hl -lhdf5 -lz -lcurl -o f03tst_vars module_tests.o f03tst_vars.o f03lib_f_interfaces.o f03lib.o handle_err.o ../fortran/libnetcdff.la -lnetcdf -lhdf5_hl -lhdf5 -ldl -lz -lcurl -lm -lmpi
libtool: link: /usr/bin/mpif77 -I../fortran -I../fortran -I../nf_test -O3 -fPIC -o .libs/f03tst_vars module_tests.o f03tst_vars.o f03lib_f_interfaces.o f03lib.o handle_err.o  -L/home/romain/NEMO_UTILS/installs/lib ../fortran/.libs/libnetcdff.so /home/romain/NEMO_UTILS/installs/lib/libnetcdf.so /home/romain/NEMO_UTILS/installs/lib/libhdf5_hl.so /home/romain/NEMO_UTILS/installs/lib/libhdf5.so -ldl -lz /usr/lib/x86_64-linux-gnu/libcurl.so -lm -lmpi -pthread -Wl,-rpath -Wl,/home/romain/NEMO_UTILS/installs/lib
/usr/bin/mpif77 -DHAVE_CONFIG_H -I. -I.. -I../libsrc   -I/home/romain/NEMO_UTILS/installs/include -DpgiFortran -I../fortran   -I../fortran -I../nf_test -O3 -fPIC -c -o f03tst_vars2.o f03tst_vars2.F
/bin/bash ../libtool  --tag=F77   --mode=link /usr/bin/mpif77 -I../fortran   -I../fortran -I../nf_test -O3 -fPIC  -L/home/romain/NEMO_UTILS/installs/lib -lnetcdf -lhdf5_hl -lhdf5 -lz -lcurl -o f03tst_vars2 module_tests.o f03tst_vars2.o f03lib_f_interfaces.o f03lib.o handle_err.o ../fortran/libnetcdff.la -lnetcdf -lhdf5_hl -lhdf5 -ldl -lz -lcurl -lm -lmpi
libtool: link: /usr/bin/mpif77 -I../fortran -I../fortran -I../nf_test -O3 -fPIC -o .libs/f03tst_vars2 module_tests.o f03tst_vars2.o f03lib_f_interfaces.o f03lib.o handle_err.o  -L/home/romain/NEMO_UTILS/installs/lib ../fortran/.libs/libnetcdff.so /home/romain/NEMO_UTILS/installs/lib/libnetcdf.so /home/romain/NEMO_UTILS/installs/lib/libhdf5_hl.so /home/romain/NEMO_UTILS/installs/lib/libhdf5.so -ldl -lz /usr/lib/x86_64-linux-gnu/libcurl.so -lm -lmpi -pthread -Wl,-rpath -Wl,/home/romain/NEMO_UTILS/installs/lib
/usr/bin/mpif77 -DHAVE_CONFIG_H -I. -I.. -I../libsrc   -I/home/romain/NEMO_UTILS/installs/include -DpgiFortran -I../fortran   -I../fortran -I../nf_test -O3 -fPIC -c -o f03tst_vars3.o f03tst_vars3.F
/bin/bash ../libtool  --tag=F77   --mode=link /usr/bin/mpif77 -I../fortran   -I../fortran -I../nf_test -O3 -fPIC  -L/home/romain/NEMO_UTILS/installs/lib -lnetcdf -lhdf5_hl -lhdf5 -lz -lcurl -o f03tst_vars3 module_tests.o f03tst_vars3.o f03lib_f_interfaces.o f03lib.o handle_err.o ../fortran/libnetcdff.la -lnetcdf -lhdf5_hl -lhdf5 -ldl -lz -lcurl -lm -lmpi
libtool: link: /usr/bin/mpif77 -I../fortran -I../fortran -I../nf_test -O3 -fPIC -o .libs/f03tst_vars3 module_tests.o f03tst_vars3.o f03lib_f_interfaces.o f03lib.o handle_err.o  -L/home/romain/NEMO_UTILS/installs/lib ../fortran/.libs/libnetcdff.so /home/romain/NEMO_UTILS/installs/lib/libnetcdf.so /home/romain/NEMO_UTILS/installs/lib/libhdf5_hl.so /home/romain/NEMO_UTILS/installs/lib/libhdf5.so -ldl -lz /usr/lib/x86_64-linux-gnu/libcurl.so -lm -lmpi -pthread -Wl,-rpath -Wl,/home/romain/NEMO_UTILS/installs/lib
/usr/bin/mpif77 -DHAVE_CONFIG_H -I. -I.. -I../libsrc   -I/home/romain/NEMO_UTILS/installs/include -DpgiFortran -I../fortran   -I../fortran -I../nf_test -O3 -fPIC -c -o f03tst_vars4.o f03tst_vars4.F
/bin/bash ../libtool  --tag=F77   --mode=link /usr/bin/mpif77 -I../fortran   -I../fortran -I../nf_test -O3 -fPIC  -L/home/romain/NEMO_UTILS/installs/lib -lnetcdf -lhdf5_hl -lhdf5 -lz -lcurl -o f03tst_vars4 module_tests.o f03tst_vars4.o f03lib_f_interfaces.o f03lib.o handle_err.o ../fortran/libnetcdff.la -lnetcdf -lhdf5_hl -lhdf5 -ldl -lz -lcurl -lm -lmpi
libtool: link: /usr/bin/mpif77 -I../fortran -I../fortran -I../nf_test -O3 -fPIC -o .libs/f03tst_vars4 module_tests.o f03tst_vars4.o f03lib_f_interfaces.o f03lib.o handle_err.o  -L/home/romain/NEMO_UTILS/installs/lib ../fortran/.libs/libnetcdff.so /home/romain/NEMO_UTILS/installs/lib/libnetcdf.so /home/romain/NEMO_UTILS/installs/lib/libhdf5_hl.so /home/romain/NEMO_UTILS/installs/lib/libhdf5.so -ldl -lz /usr/lib/x86_64-linux-gnu/libcurl.so -lm -lmpi -pthread -Wl,-rpath -Wl,/home/romain/NEMO_UTILS/installs/lib
/usr/bin/mpif77 -DHAVE_CONFIG_H -I. -I.. -I../libsrc   -I/home/romain/NEMO_UTILS/installs/include -DpgiFortran -I../fortran   -I../fortran -I../nf_test -O3 -fPIC -c -o f03tst_vars5.o f03tst_vars5.F
/bin/bash ../libtool  --tag=F77   --mode=link /usr/bin/mpif77 -I../fortran   -I../fortran -I../nf_test -O3 -fPIC  -L/home/romain/NEMO_UTILS/installs/lib -lnetcdf -lhdf5_hl -lhdf5 -lz -lcurl -o f03tst_vars5 module_tests.o f03tst_vars5.o f03lib_f_interfaces.o f03lib.o handle_err.o ../fortran/libnetcdff.la -lnetcdf -lhdf5_hl -lhdf5 -ldl -lz -lcurl -lm -lmpi
libtool: link: /usr/bin/mpif77 -I../fortran -I../fortran -I../nf_test -O3 -fPIC -o .libs/f03tst_vars5 module_tests.o f03tst_vars5.o f03lib_f_interfaces.o f03lib.o handle_err.o  -L/home/romain/NEMO_UTILS/installs/lib ../fortran/.libs/libnetcdff.so /home/romain/NEMO_UTILS/installs/lib/libnetcdf.so /home/romain/NEMO_UTILS/installs/lib/libhdf5_hl.so /home/romain/NEMO_UTILS/installs/lib/libhdf5.so -ldl -lz /usr/lib/x86_64-linux-gnu/libcurl.so -lm -lmpi -pthread -Wl,-rpath -Wl,/home/romain/NEMO_UTILS/installs/lib
/usr/bin/mpif77 -DHAVE_CONFIG_H -I. -I.. -I../libsrc   -I/home/romain/NEMO_UTILS/installs/include -DpgiFortran -I../fortran   -I../fortran -I../nf_test -O3 -fPIC -c -o f03tst_vars6.o f03tst_vars6.F
/bin/bash ../libtool  --tag=F77   --mode=link /usr/bin/mpif77 -I../fortran   -I../fortran -I../nf_test -O3 -fPIC  -L/home/romain/NEMO_UTILS/installs/lib -lnetcdf -lhdf5_hl -lhdf5 -lz -lcurl -o f03tst_vars6 module_tests.o f03tst_vars6.o f03lib_f_interfaces.o f03lib.o handle_err.o ../fortran/libnetcdff.la -lnetcdf -lhdf5_hl -lhdf5 -ldl -lz -lcurl -lm -lmpi
libtool: link: /usr/bin/mpif77 -I../fortran -I../fortran -I../nf_test -O3 -fPIC -o .libs/f03tst_vars6 module_tests.o f03tst_vars6.o f03lib_f_interfaces.o f03lib.o handle_err.o  -L/home/romain/NEMO_UTILS/installs/lib ../fortran/.libs/libnetcdff.so /home/romain/NEMO_UTILS/installs/lib/libnetcdf.so /home/romain/NEMO_UTILS/installs/lib/libhdf5_hl.so /home/romain/NEMO_UTILS/installs/lib/libhdf5.so -ldl -lz /usr/lib/x86_64-linux-gnu/libcurl.so -lm -lmpi -pthread -Wl,-rpath -Wl,/home/romain/NEMO_UTILS/installs/lib
/usr/bin/mpif77 -DHAVE_CONFIG_H -I. -I.. -I../libsrc   -I/home/romain/NEMO_UTILS/installs/include -DpgiFortran -I../fortran   -I../fortran -I../nf_test -O3 -fPIC -c -o f03tst_open_mem.o f03tst_open_mem.F
/bin/bash ../libtool  --tag=F77   --mode=link /usr/bin/mpif77 -I../fortran   -I../fortran -I../nf_test -O3 -fPIC  -L/home/romain/NEMO_UTILS/installs/lib -lnetcdf -lhdf5_hl -lhdf5 -lz -lcurl -o f03tst_open_mem module_tests.o f03tst_open_mem.o f03lib_f_interfaces.o f03lib.o handle_err.o ../fortran/libnetcdff.la -lnetcdf -lhdf5_hl -lhdf5 -ldl -lz -lcurl -lm -lmpi
libtool: link: /usr/bin/mpif77 -I../fortran -I../fortran -I../nf_test -O3 -fPIC -o .libs/f03tst_open_mem module_tests.o f03tst_open_mem.o f03lib_f_interfaces.o f03lib.o handle_err.o  -L/home/romain/NEMO_UTILS/installs/lib ../fortran/.libs/libnetcdff.so /home/romain/NEMO_UTILS/installs/lib/libnetcdf.so /home/romain/NEMO_UTILS/installs/lib/libhdf5_hl.so /home/romain/NEMO_UTILS/installs/lib/libhdf5.so -ldl -lz /usr/lib/x86_64-linux-gnu/libcurl.so -lm -lmpi -pthread -Wl,-rpath -Wl,/home/romain/NEMO_UTILS/installs/lib
/usr/bin/mpif77 -DHAVE_CONFIG_H -I. -I.. -I../libsrc   -I/home/romain/NEMO_UTILS/installs/include -DpgiFortran -I../fortran   -I../fortran -I../nf_test -O3 -fPIC -c -o f03tst_types.o f03tst_types.F
/bin/bash ../libtool  --tag=F77   --mode=link /usr/bin/mpif77 -I../fortran   -I../fortran -I../nf_test -O3 -fPIC  -L/home/romain/NEMO_UTILS/installs/lib -lnetcdf -lhdf5_hl -lhdf5 -lz -lcurl -o f03tst_types module_tests.o f03tst_types.o f03lib_f_interfaces.o f03lib.o handle_err.o ../fortran/libnetcdff.la -lnetcdf -lhdf5_hl -lhdf5 -ldl -lz -lcurl -lm -lmpi
libtool: link: /usr/bin/mpif77 -I../fortran -I../fortran -I../nf_test -O3 -fPIC -o .libs/f03tst_types module_tests.o f03tst_types.o f03lib_f_interfaces.o f03lib.o handle_err.o  -L/home/romain/NEMO_UTILS/installs/lib ../fortran/.libs/libnetcdff.so /home/romain/NEMO_UTILS/installs/lib/libnetcdf.so /home/romain/NEMO_UTILS/installs/lib/libhdf5_hl.so /home/romain/NEMO_UTILS/installs/lib/libhdf5.so -ldl -lz /usr/lib/x86_64-linux-gnu/libcurl.so -lm -lmpi -pthread -Wl,-rpath -Wl,/home/romain/NEMO_UTILS/installs/lib
/usr/bin/mpif77 -DHAVE_CONFIG_H -I. -I.. -I../libsrc   -I/home/romain/NEMO_UTILS/installs/include -DpgiFortran -I../fortran   -I../fortran -I../nf_test -O3 -fPIC -c -o f03tst_types2.o f03tst_types2.F
/bin/bash ../libtool  --tag=F77   --mode=link /usr/bin/mpif77 -I../fortran   -I../fortran -I../nf_test -O3 -fPIC  -L/home/romain/NEMO_UTILS/installs/lib -lnetcdf -lhdf5_hl -lhdf5 -lz -lcurl -o f03tst_types2 module_tests.o f03tst_types2.o f03lib_f_interfaces.o f03lib.o handle_err.o ../fortran/libnetcdff.la -lnetcdf -lhdf5_hl -lhdf5 -ldl -lz -lcurl -lm -lmpi
libtool: link: /usr/bin/mpif77 -I../fortran -I../fortran -I../nf_test -O3 -fPIC -o .libs/f03tst_types2 module_tests.o f03tst_types2.o f03lib_f_interfaces.o f03lib.o handle_err.o  -L/home/romain/NEMO_UTILS/installs/lib ../fortran/.libs/libnetcdff.so /home/romain/NEMO_UTILS/installs/lib/libnetcdf.so /home/romain/NEMO_UTILS/installs/lib/libhdf5_hl.so /home/romain/NEMO_UTILS/installs/lib/libhdf5.so -ldl -lz /usr/lib/x86_64-linux-gnu/libcurl.so -lm -lmpi -pthread -Wl,-rpath -Wl,/home/romain/NEMO_UTILS/installs/lib
/usr/bin/mpif77 -DHAVE_CONFIG_H -I. -I.. -I../libsrc   -I/home/romain/NEMO_UTILS/installs/include -DpgiFortran -I../fortran   -I../fortran -I../nf_test -O3 -fPIC -c -o f03tst_types3.o f03tst_types3.F
/bin/bash ../libtool  --tag=F77   --mode=link /usr/bin/mpif77 -I../fortran   -I../fortran -I../nf_test -O3 -fPIC  -L/home/romain/NEMO_UTILS/installs/lib -lnetcdf -lhdf5_hl -lhdf5 -lz -lcurl -o f03tst_types3 module_tests.o f03tst_types3.o f03lib_f_interfaces.o f03lib.o handle_err.o ../fortran/libnetcdff.la -lnetcdf -lhdf5_hl -lhdf5 -ldl -lz -lcurl -lm -lmpi
libtool: link: /usr/bin/mpif77 -I../fortran -I../fortran -I../nf_test -O3 -fPIC -o .libs/f03tst_types3 module_tests.o f03tst_types3.o f03lib_f_interfaces.o f03lib.o handle_err.o  -L/home/romain/NEMO_UTILS/installs/lib ../fortran/.libs/libnetcdff.so /home/romain/NEMO_UTILS/installs/lib/libnetcdf.so /home/romain/NEMO_UTILS/installs/lib/libhdf5_hl.so /home/romain/NEMO_UTILS/installs/lib/libhdf5.so -ldl -lz /usr/lib/x86_64-linux-gnu/libcurl.so -lm -lmpi -pthread -Wl,-rpath -Wl,/home/romain/NEMO_UTILS/installs/lib
/usr/bin/mpif77 -DHAVE_CONFIG_H -I. -I.. -I../libsrc   -I/home/romain/NEMO_UTILS/installs/include -DpgiFortran -I../fortran   -I../fortran -I../nf_test -O3 -fPIC -c -o f03tst_groups.o f03tst_groups.F
/bin/bash ../libtool  --tag=F77   --mode=link /usr/bin/mpif77 -I../fortran   -I../fortran -I../nf_test -O3 -fPIC  -L/home/romain/NEMO_UTILS/installs/lib -lnetcdf -lhdf5_hl -lhdf5 -lz -lcurl -o f03tst_groups module_tests.o f03tst_groups.o f03lib_f_interfaces.o f03lib.o handle_err.o ../fortran/libnetcdff.la -lnetcdf -lhdf5_hl -lhdf5 -ldl -lz -lcurl -lm -lmpi
libtool: link: /usr/bin/mpif77 -I../fortran -I../fortran -I../nf_test -O3 -fPIC -o .libs/f03tst_groups module_tests.o f03tst_groups.o f03lib_f_interfaces.o f03lib.o handle_err.o  -L/home/romain/NEMO_UTILS/installs/lib ../fortran/.libs/libnetcdff.so /home/romain/NEMO_UTILS/installs/lib/libnetcdf.so /home/romain/NEMO_UTILS/installs/lib/libhdf5_hl.so /home/romain/NEMO_UTILS/installs/lib/libhdf5.so -ldl -lz /usr/lib/x86_64-linux-gnu/libcurl.so -lm -lmpi -pthread -Wl,-rpath -Wl,/home/romain/NEMO_UTILS/installs/lib
/usr/bin/mpif77 -DHAVE_CONFIG_H -I. -I.. -I../libsrc   -I/home/romain/NEMO_UTILS/installs/include -DpgiFortran -I../fortran   -I../fortran -I../nf_test -O3 -fPIC -c -o f03tst_v2.o f03tst_v2.F
/bin/bash ../libtool  --tag=F77   --mode=link /usr/bin/mpif77 -I../fortran   -I../fortran -I../nf_test -O3 -fPIC  -L/home/romain/NEMO_UTILS/installs/lib -lnetcdf -lhdf5_hl -lhdf5 -lz -lcurl -o f03tst_v2 f03tst_v2.o ../fortran/libnetcdff.la -lnetcdf -lhdf5_hl -lhdf5 -ldl -lz -lcurl -lm -lmpi
libtool: link: /usr/bin/mpif77 -I../fortran -I../fortran -I../nf_test -O3 -fPIC -o .libs/f03tst_v2 f03tst_v2.o  -L/home/romain/NEMO_UTILS/installs/lib ../fortran/.libs/libnetcdff.so /home/romain/NEMO_UTILS/installs/lib/libnetcdf.so /home/romain/NEMO_UTILS/installs/lib/libhdf5_hl.so /home/romain/NEMO_UTILS/installs/lib/libhdf5.so -ldl -lz /usr/lib/x86_64-linux-gnu/libcurl.so -lm -lmpi -pthread -Wl,-rpath -Wl,/home/romain/NEMO_UTILS/installs/lib
/usr/bin/mpif77 -DHAVE_CONFIG_H -I. -I.. -I../libsrc   -I/home/romain/NEMO_UTILS/installs/include -DpgiFortran -I../fortran   -I../fortran -I../nf_test -O3 -fPIC -c -o f03tst_parallel.o f03tst_parallel.F
/bin/bash ../libtool  --tag=F77   --mode=link /usr/bin/mpif77 -I../fortran   -I../fortran -I../nf_test -O3 -fPIC  -L/home/romain/NEMO_UTILS/installs/lib -lnetcdf -lhdf5_hl -lhdf5 -lz -lcurl -o f03tst_parallel f03tst_parallel.o ../fortran/libnetcdff.la -lnetcdf -lhdf5_hl -lhdf5 -ldl -lz -lcurl -lm -lmpi
libtool: link: /usr/bin/mpif77 -I../fortran -I../fortran -I../nf_test -O3 -fPIC -o .libs/f03tst_parallel f03tst_parallel.o  -L/home/romain/NEMO_UTILS/installs/lib ../fortran/.libs/libnetcdff.so /home/romain/NEMO_UTILS/installs/lib/libnetcdf.so /home/romain/NEMO_UTILS/installs/lib/libhdf5_hl.so /home/romain/NEMO_UTILS/installs/lib/libhdf5.so -ldl -lz /usr/lib/x86_64-linux-gnu/libcurl.so -lm -lmpi -pthread -Wl,-rpath -Wl,/home/romain/NEMO_UTILS/installs/lib
/usr/bin/mpif77 -DHAVE_CONFIG_H -I. -I.. -I../libsrc   -I/home/romain/NEMO_UTILS/installs/include -DpgiFortran -I../fortran   -I../fortran -I../nf_test -O3 -fPIC -c -o f03test.o f03test.F
/bin/bash ../libtool  --tag=F77   --mode=link /usr/bin/mpif77 -I../fortran   -I../fortran -I../nf_test -O3 -fPIC  -L/home/romain/NEMO_UTILS/installs/lib -lnetcdf -lhdf5_hl -lhdf5 -lz -lcurl -o f03test module_tests.o f03test.o f03lib.o ../fortran/libnetcdff.la -lnetcdf -lhdf5_hl -lhdf5 -ldl -lz -lcurl -lm -lmpi
libtool: link: /usr/bin/mpif77 -I../fortran -I../fortran -I../nf_test -O3 -fPIC -o .libs/f03test module_tests.o f03test.o f03lib.o  -L/home/romain/NEMO_UTILS/installs/lib ../fortran/.libs/libnetcdff.so /home/romain/NEMO_UTILS/installs/lib/libnetcdf.so /home/romain/NEMO_UTILS/installs/lib/libhdf5_hl.so /home/romain/NEMO_UTILS/installs/lib/libhdf5.so -ldl -lz /usr/lib/x86_64-linux-gnu/libcurl.so -lm -lmpi -pthread -Wl,-rpath -Wl,/home/romain/NEMO_UTILS/installs/lib
/usr/bin/mpif77 -DHAVE_CONFIG_H -I. -I.. -I../libsrc   -I/home/romain/NEMO_UTILS/installs/include -DpgiFortran -I../fortran   -I../fortran -I../nf_test -O3 -fPIC -c -o tst03_f77_v2.o tst03_f77_v2.F
/bin/bash ../libtool  --tag=F77   --mode=link /usr/bin/mpif77 -I../fortran   -I../fortran -I../nf_test -O3 -fPIC  -L/home/romain/NEMO_UTILS/installs/lib -lnetcdf -lhdf5_hl -lhdf5 -lz -lcurl -o tst03_f77_v2 module_tests.o tst03_f77_v2.o handle_err.o ../fortran/libnetcdff.la -lnetcdf -lhdf5_hl -lhdf5 -ldl -lz -lcurl -lm -lmpi
libtool: link: /usr/bin/mpif77 -I../fortran -I../fortran -I../nf_test -O3 -fPIC -o .libs/tst03_f77_v2 module_tests.o tst03_f77_v2.o handle_err.o  -L/home/romain/NEMO_UTILS/installs/lib ../fortran/.libs/libnetcdff.so /home/romain/NEMO_UTILS/installs/lib/libnetcdf.so /home/romain/NEMO_UTILS/installs/lib/libhdf5_hl.so /home/romain/NEMO_UTILS/installs/lib/libhdf5.so -ldl -lz /usr/lib/x86_64-linux-gnu/libcurl.so -lm -lmpi -pthread -Wl,-rpath -Wl,/home/romain/NEMO_UTILS/installs/lib
make[2]: Leaving directory '/home/romain/NEMO_UTILS/sources/NetCDF-fortran/netcdf-fortran-4.4.5/nf03_test'
make  check-TESTS
make[2]: Entering directory '/home/romain/NEMO_UTILS/sources/NetCDF-fortran/netcdf-fortran-4.4.5/nf03_test'
make[3]: Entering directory '/home/romain/NEMO_UTILS/sources/NetCDF-fortran/netcdf-fortran-4.4.5/nf03_test'
PASS: create_fills.sh
PASS: nf03_test
PASS: f03tst_vars
PASS: f03tst_vars2
PASS: f03tst_vars3
PASS: f03tst_vars4
PASS: f03tst_vars5
PASS: f03tst_vars6
PASS: f03tst_types
PASS: f03tst_types2
PASS: f03tst_types3
PASS: f03tst_groups
PASS: f03tst_open_mem
PASS: f03tst_v2
PASS: f03test
PASS: tst03_f77_v2
============================================================================
Testsuite summary for netCDF-Fortran 4.4.6-development
============================================================================
# TOTAL: 16
# PASS:  16
# SKIP:  0
# XFAIL: 0
# FAIL:  0
# XPASS: 0
# ERROR: 0
============================================================================
make[3]: Leaving directory '/home/romain/NEMO_UTILS/sources/NetCDF-fortran/netcdf-fortran-4.4.5/nf03_test'
make[2]: Leaving directory '/home/romain/NEMO_UTILS/sources/NetCDF-fortran/netcdf-fortran-4.4.5/nf03_test'
make[1]: Leaving directory '/home/romain/NEMO_UTILS/sources/NetCDF-fortran/netcdf-fortran-4.4.5/nf03_test'
Making check in docs
make[1]: Entering directory '/home/romain/NEMO_UTILS/sources/NetCDF-fortran/netcdf-fortran-4.4.5/docs'
make[1]: Nothing to be done for 'check'.
make[1]: Leaving directory '/home/romain/NEMO_UTILS/sources/NetCDF-fortran/netcdf-fortran-4.4.5/docs'
Making check in examples
make[1]: Entering directory '/home/romain/NEMO_UTILS/sources/NetCDF-fortran/netcdf-fortran-4.4.5/examples'
Making check in F77
make[2]: Entering directory '/home/romain/NEMO_UTILS/sources/NetCDF-fortran/netcdf-fortran-4.4.5/examples/F77'
make  simple_xy_wr simple_xy_rd sfc_pres_temp_wr sfc_pres_temp_rd pres_temp_4D_wr pres_temp_4D_rd simple_xy_nc4_wr simple_xy_nc4_rd
make[3]: Entering directory '/home/romain/NEMO_UTILS/sources/NetCDF-fortran/netcdf-fortran-4.4.5/examples/F77'
/usr/bin/mpif77 -I../../fortran   -I../../fortran -O3 -fPIC -c -o simple_xy_wr.o simple_xy_wr.f
/bin/bash ../../libtool  --tag=F77   --mode=link /usr/bin/mpif77 -I../../fortran   -I../../fortran -O3 -fPIC ../../fortran/libnetcdff.la -lnetcdf -L/home/romain/NEMO_UTILS/installs/lib -lnetcdf -lhdf5_hl -lhdf5 -lz -lcurl -o simple_xy_wr simple_xy_wr.o  -lnetcdf -lhdf5_hl -lhdf5 -ldl -lz -lcurl -lm -lmpi
libtool: link: /usr/bin/mpif77 -I../../fortran -I../../fortran -O3 -fPIC -o .libs/simple_xy_wr simple_xy_wr.o  ../../fortran/.libs/libnetcdff.so -L/home/romain/NEMO_UTILS/installs/lib /home/romain/NEMO_UTILS/installs/lib/libnetcdf.so /home/romain/NEMO_UTILS/installs/lib/libhdf5_hl.so /home/romain/NEMO_UTILS/installs/lib/libhdf5.so -ldl -lz /usr/lib/x86_64-linux-gnu/libcurl.so -lm -lmpi -pthread -Wl,-rpath -Wl,/home/romain/NEMO_UTILS/installs/lib
/usr/bin/mpif77 -I../../fortran   -I../../fortran -O3 -fPIC -c -o simple_xy_rd.o simple_xy_rd.f
/bin/bash ../../libtool  --tag=F77   --mode=link /usr/bin/mpif77 -I../../fortran   -I../../fortran -O3 -fPIC ../../fortran/libnetcdff.la -lnetcdf -L/home/romain/NEMO_UTILS/installs/lib -lnetcdf -lhdf5_hl -lhdf5 -lz -lcurl -o simple_xy_rd simple_xy_rd.o  -lnetcdf -lhdf5_hl -lhdf5 -ldl -lz -lcurl -lm -lmpi
libtool: link: /usr/bin/mpif77 -I../../fortran -I../../fortran -O3 -fPIC -o .libs/simple_xy_rd simple_xy_rd.o  ../../fortran/.libs/libnetcdff.so -L/home/romain/NEMO_UTILS/installs/lib /home/romain/NEMO_UTILS/installs/lib/libnetcdf.so /home/romain/NEMO_UTILS/installs/lib/libhdf5_hl.so /home/romain/NEMO_UTILS/installs/lib/libhdf5.so -ldl -lz /usr/lib/x86_64-linux-gnu/libcurl.so -lm -lmpi -pthread -Wl,-rpath -Wl,/home/romain/NEMO_UTILS/installs/lib
/usr/bin/mpif77 -I../../fortran   -I../../fortran -O3 -fPIC -c -o sfc_pres_temp_wr.o sfc_pres_temp_wr.f
/bin/bash ../../libtool  --tag=F77   --mode=link /usr/bin/mpif77 -I../../fortran   -I../../fortran -O3 -fPIC ../../fortran/libnetcdff.la -lnetcdf -L/home/romain/NEMO_UTILS/installs/lib -lnetcdf -lhdf5_hl -lhdf5 -lz -lcurl -o sfc_pres_temp_wr sfc_pres_temp_wr.o  -lnetcdf -lhdf5_hl -lhdf5 -ldl -lz -lcurl -lm -lmpi
libtool: link: /usr/bin/mpif77 -I../../fortran -I../../fortran -O3 -fPIC -o .libs/sfc_pres_temp_wr sfc_pres_temp_wr.o  ../../fortran/.libs/libnetcdff.so -L/home/romain/NEMO_UTILS/installs/lib /home/romain/NEMO_UTILS/installs/lib/libnetcdf.so /home/romain/NEMO_UTILS/installs/lib/libhdf5_hl.so /home/romain/NEMO_UTILS/installs/lib/libhdf5.so -ldl -lz /usr/lib/x86_64-linux-gnu/libcurl.so -lm -lmpi -pthread -Wl,-rpath -Wl,/home/romain/NEMO_UTILS/installs/lib
/usr/bin/mpif77 -I../../fortran   -I../../fortran -O3 -fPIC -c -o sfc_pres_temp_rd.o sfc_pres_temp_rd.f
/bin/bash ../../libtool  --tag=F77   --mode=link /usr/bin/mpif77 -I../../fortran   -I../../fortran -O3 -fPIC ../../fortran/libnetcdff.la -lnetcdf -L/home/romain/NEMO_UTILS/installs/lib -lnetcdf -lhdf5_hl -lhdf5 -lz -lcurl -o sfc_pres_temp_rd sfc_pres_temp_rd.o  -lnetcdf -lhdf5_hl -lhdf5 -ldl -lz -lcurl -lm -lmpi
libtool: link: /usr/bin/mpif77 -I../../fortran -I../../fortran -O3 -fPIC -o .libs/sfc_pres_temp_rd sfc_pres_temp_rd.o  ../../fortran/.libs/libnetcdff.so -L/home/romain/NEMO_UTILS/installs/lib /home/romain/NEMO_UTILS/installs/lib/libnetcdf.so /home/romain/NEMO_UTILS/installs/lib/libhdf5_hl.so /home/romain/NEMO_UTILS/installs/lib/libhdf5.so -ldl -lz /usr/lib/x86_64-linux-gnu/libcurl.so -lm -lmpi -pthread -Wl,-rpath -Wl,/home/romain/NEMO_UTILS/installs/lib
/usr/bin/mpif77 -I../../fortran   -I../../fortran -O3 -fPIC -c -o pres_temp_4D_wr.o pres_temp_4D_wr.f
/bin/bash ../../libtool  --tag=F77   --mode=link /usr/bin/mpif77 -I../../fortran   -I../../fortran -O3 -fPIC ../../fortran/libnetcdff.la -lnetcdf -L/home/romain/NEMO_UTILS/installs/lib -lnetcdf -lhdf5_hl -lhdf5 -lz -lcurl -o pres_temp_4D_wr pres_temp_4D_wr.o  -lnetcdf -lhdf5_hl -lhdf5 -ldl -lz -lcurl -lm -lmpi
libtool: link: /usr/bin/mpif77 -I../../fortran -I../../fortran -O3 -fPIC -o .libs/pres_temp_4D_wr pres_temp_4D_wr.o  ../../fortran/.libs/libnetcdff.so -L/home/romain/NEMO_UTILS/installs/lib /home/romain/NEMO_UTILS/installs/lib/libnetcdf.so /home/romain/NEMO_UTILS/installs/lib/libhdf5_hl.so /home/romain/NEMO_UTILS/installs/lib/libhdf5.so -ldl -lz /usr/lib/x86_64-linux-gnu/libcurl.so -lm -lmpi -pthread -Wl,-rpath -Wl,/home/romain/NEMO_UTILS/installs/lib
/usr/bin/mpif77 -I../../fortran   -I../../fortran -O3 -fPIC -c -o pres_temp_4D_rd.o pres_temp_4D_rd.f
/bin/bash ../../libtool  --tag=F77   --mode=link /usr/bin/mpif77 -I../../fortran   -I../../fortran -O3 -fPIC ../../fortran/libnetcdff.la -lnetcdf -L/home/romain/NEMO_UTILS/installs/lib -lnetcdf -lhdf5_hl -lhdf5 -lz -lcurl -o pres_temp_4D_rd pres_temp_4D_rd.o  -lnetcdf -lhdf5_hl -lhdf5 -ldl -lz -lcurl -lm -lmpi
libtool: link: /usr/bin/mpif77 -I../../fortran -I../../fortran -O3 -fPIC -o .libs/pres_temp_4D_rd pres_temp_4D_rd.o  ../../fortran/.libs/libnetcdff.so -L/home/romain/NEMO_UTILS/installs/lib /home/romain/NEMO_UTILS/installs/lib/libnetcdf.so /home/romain/NEMO_UTILS/installs/lib/libhdf5_hl.so /home/romain/NEMO_UTILS/installs/lib/libhdf5.so -ldl -lz /usr/lib/x86_64-linux-gnu/libcurl.so -lm -lmpi -pthread -Wl,-rpath -Wl,/home/romain/NEMO_UTILS/installs/lib
/usr/bin/mpif77 -I../../fortran   -I../../fortran -O3 -fPIC -c -o simple_xy_nc4_wr.o simple_xy_nc4_wr.f
/bin/bash ../../libtool  --tag=F77   --mode=link /usr/bin/mpif77 -I../../fortran   -I../../fortran -O3 -fPIC ../../fortran/libnetcdff.la -lnetcdf -L/home/romain/NEMO_UTILS/installs/lib -lnetcdf -lhdf5_hl -lhdf5 -lz -lcurl -o simple_xy_nc4_wr simple_xy_nc4_wr.o  -lnetcdf -lhdf5_hl -lhdf5 -ldl -lz -lcurl -lm -lmpi
libtool: link: /usr/bin/mpif77 -I../../fortran -I../../fortran -O3 -fPIC -o .libs/simple_xy_nc4_wr simple_xy_nc4_wr.o  ../../fortran/.libs/libnetcdff.so -L/home/romain/NEMO_UTILS/installs/lib /home/romain/NEMO_UTILS/installs/lib/libnetcdf.so /home/romain/NEMO_UTILS/installs/lib/libhdf5_hl.so /home/romain/NEMO_UTILS/installs/lib/libhdf5.so -ldl -lz /usr/lib/x86_64-linux-gnu/libcurl.so -lm -lmpi -pthread -Wl,-rpath -Wl,/home/romain/NEMO_UTILS/installs/lib
/usr/bin/mpif77 -I../../fortran   -I../../fortran -O3 -fPIC -c -o simple_xy_nc4_rd.o simple_xy_nc4_rd.f
/bin/bash ../../libtool  --tag=F77   --mode=link /usr/bin/mpif77 -I../../fortran   -I../../fortran -O3 -fPIC ../../fortran/libnetcdff.la -lnetcdf -L/home/romain/NEMO_UTILS/installs/lib -lnetcdf -lhdf5_hl -lhdf5 -lz -lcurl -o simple_xy_nc4_rd simple_xy_nc4_rd.o  -lnetcdf -lhdf5_hl -lhdf5 -ldl -lz -lcurl -lm -lmpi
libtool: link: /usr/bin/mpif77 -I../../fortran -I../../fortran -O3 -fPIC -o .libs/simple_xy_nc4_rd simple_xy_nc4_rd.o  ../../fortran/.libs/libnetcdff.so -L/home/romain/NEMO_UTILS/installs/lib /home/romain/NEMO_UTILS/installs/lib/libnetcdf.so /home/romain/NEMO_UTILS/installs/lib/libhdf5_hl.so /home/romain/NEMO_UTILS/installs/lib/libhdf5.so -ldl -lz /usr/lib/x86_64-linux-gnu/libcurl.so -lm -lmpi -pthread -Wl,-rpath -Wl,/home/romain/NEMO_UTILS/installs/lib
make[3]: Leaving directory '/home/romain/NEMO_UTILS/sources/NetCDF-fortran/netcdf-fortran-4.4.5/examples/F77'
make  check-TESTS
make[3]: Entering directory '/home/romain/NEMO_UTILS/sources/NetCDF-fortran/netcdf-fortran-4.4.5/examples/F77'
make[4]: Entering directory '/home/romain/NEMO_UTILS/sources/NetCDF-fortran/netcdf-fortran-4.4.5/examples/F77'
PASS: simple_xy_wr
PASS: simple_xy_rd
PASS: sfc_pres_temp_wr
PASS: sfc_pres_temp_rd
PASS: pres_temp_4D_wr
PASS: pres_temp_4D_rd
PASS: simple_xy_nc4_wr
PASS: simple_xy_nc4_rd
============================================================================
Testsuite summary for netCDF-Fortran 4.4.6-development
============================================================================
# TOTAL: 8
# PASS:  8
# SKIP:  0
# XFAIL: 0
# FAIL:  0
# XPASS: 0
# ERROR: 0
============================================================================
make[4]: Leaving directory '/home/romain/NEMO_UTILS/sources/NetCDF-fortran/netcdf-fortran-4.4.5/examples/F77'
make[3]: Leaving directory '/home/romain/NEMO_UTILS/sources/NetCDF-fortran/netcdf-fortran-4.4.5/examples/F77'
make[2]: Leaving directory '/home/romain/NEMO_UTILS/sources/NetCDF-fortran/netcdf-fortran-4.4.5/examples/F77'
Making check in F90
make[2]: Entering directory '/home/romain/NEMO_UTILS/sources/NetCDF-fortran/netcdf-fortran-4.4.5/examples/F90'
make  check-am
make[3]: Entering directory '/home/romain/NEMO_UTILS/sources/NetCDF-fortran/netcdf-fortran-4.4.5/examples/F90'
make  simple_xy_wr simple_xy_rd sfc_pres_temp_wr sfc_pres_temp_rd pres_temp_4D_wr pres_temp_4D_rd  simple_xy_par_wr simple_xy_par_rd simple_xy_par_wr2 simple_xy_nc4_wr simple_xy_nc4_rd
make[4]: Entering directory '/home/romain/NEMO_UTILS/sources/NetCDF-fortran/netcdf-fortran-4.4.5/examples/F90'
/usr/bin/mpif90 -I../../fortran   -I../../fortran -O3 -fPIC -c -o simple_xy_wr.o  simple_xy_wr.f90
/bin/bash ../../libtool  --tag=FC   --mode=link /usr/bin/mpif90 -I../../fortran   -I../../fortran -O3 -fPIC ../../fortran/libnetcdff.la -lnetcdf -L/home/romain/NEMO_UTILS/installs/lib -lnetcdf -lhdf5_hl -lhdf5 -lz -lcurl -o simple_xy_wr simple_xy_wr.o  -lnetcdf -lhdf5_hl -lhdf5 -ldl -lz -lcurl -lm -lmpi
libtool: link: /usr/bin/mpif90 -I../../fortran -I../../fortran -O3 -fPIC -o .libs/simple_xy_wr simple_xy_wr.o  ../../fortran/.libs/libnetcdff.so -L/home/romain/NEMO_UTILS/installs/lib /home/romain/NEMO_UTILS/installs/lib/libnetcdf.so /home/romain/NEMO_UTILS/installs/lib/libhdf5_hl.so /home/romain/NEMO_UTILS/installs/lib/libhdf5.so -ldl -lz /usr/lib/x86_64-linux-gnu/libcurl.so -lm -lmpi -pthread -Wl,-rpath -Wl,/home/romain/NEMO_UTILS/installs/lib
/usr/bin/mpif90 -I../../fortran   -I../../fortran -O3 -fPIC -c -o simple_xy_rd.o  simple_xy_rd.f90
/bin/bash ../../libtool  --tag=FC   --mode=link /usr/bin/mpif90 -I../../fortran   -I../../fortran -O3 -fPIC ../../fortran/libnetcdff.la -lnetcdf -L/home/romain/NEMO_UTILS/installs/lib -lnetcdf -lhdf5_hl -lhdf5 -lz -lcurl -o simple_xy_rd simple_xy_rd.o  -lnetcdf -lhdf5_hl -lhdf5 -ldl -lz -lcurl -lm -lmpi
libtool: link: /usr/bin/mpif90 -I../../fortran -I../../fortran -O3 -fPIC -o .libs/simple_xy_rd simple_xy_rd.o  ../../fortran/.libs/libnetcdff.so -L/home/romain/NEMO_UTILS/installs/lib /home/romain/NEMO_UTILS/installs/lib/libnetcdf.so /home/romain/NEMO_UTILS/installs/lib/libhdf5_hl.so /home/romain/NEMO_UTILS/installs/lib/libhdf5.so -ldl -lz /usr/lib/x86_64-linux-gnu/libcurl.so -lm -lmpi -pthread -Wl,-rpath -Wl,/home/romain/NEMO_UTILS/installs/lib
/usr/bin/mpif90 -I../../fortran   -I../../fortran -O3 -fPIC -c -o sfc_pres_temp_wr.o  sfc_pres_temp_wr.f90
/bin/bash ../../libtool  --tag=FC   --mode=link /usr/bin/mpif90 -I../../fortran   -I../../fortran -O3 -fPIC ../../fortran/libnetcdff.la -lnetcdf -L/home/romain/NEMO_UTILS/installs/lib -lnetcdf -lhdf5_hl -lhdf5 -lz -lcurl -o sfc_pres_temp_wr sfc_pres_temp_wr.o  -lnetcdf -lhdf5_hl -lhdf5 -ldl -lz -lcurl -lm -lmpi
libtool: link: /usr/bin/mpif90 -I../../fortran -I../../fortran -O3 -fPIC -o .libs/sfc_pres_temp_wr sfc_pres_temp_wr.o  ../../fortran/.libs/libnetcdff.so -L/home/romain/NEMO_UTILS/installs/lib /home/romain/NEMO_UTILS/installs/lib/libnetcdf.so /home/romain/NEMO_UTILS/installs/lib/libhdf5_hl.so /home/romain/NEMO_UTILS/installs/lib/libhdf5.so -ldl -lz /usr/lib/x86_64-linux-gnu/libcurl.so -lm -lmpi -pthread -Wl,-rpath -Wl,/home/romain/NEMO_UTILS/installs/lib
/usr/bin/mpif90 -I../../fortran   -I../../fortran -O3 -fPIC -c -o sfc_pres_temp_rd.o  sfc_pres_temp_rd.f90
/bin/bash ../../libtool  --tag=FC   --mode=link /usr/bin/mpif90 -I../../fortran   -I../../fortran -O3 -fPIC ../../fortran/libnetcdff.la -lnetcdf -L/home/romain/NEMO_UTILS/installs/lib -lnetcdf -lhdf5_hl -lhdf5 -lz -lcurl -o sfc_pres_temp_rd sfc_pres_temp_rd.o  -lnetcdf -lhdf5_hl -lhdf5 -ldl -lz -lcurl -lm -lmpi
libtool: link: /usr/bin/mpif90 -I../../fortran -I../../fortran -O3 -fPIC -o .libs/sfc_pres_temp_rd sfc_pres_temp_rd.o  ../../fortran/.libs/libnetcdff.so -L/home/romain/NEMO_UTILS/installs/lib /home/romain/NEMO_UTILS/installs/lib/libnetcdf.so /home/romain/NEMO_UTILS/installs/lib/libhdf5_hl.so /home/romain/NEMO_UTILS/installs/lib/libhdf5.so -ldl -lz /usr/lib/x86_64-linux-gnu/libcurl.so -lm -lmpi -pthread -Wl,-rpath -Wl,/home/romain/NEMO_UTILS/installs/lib
/usr/bin/mpif90 -I../../fortran   -I../../fortran -O3 -fPIC -c -o pres_temp_4D_wr.o  pres_temp_4D_wr.f90
/bin/bash ../../libtool  --tag=FC   --mode=link /usr/bin/mpif90 -I../../fortran   -I../../fortran -O3 -fPIC ../../fortran/libnetcdff.la -lnetcdf -L/home/romain/NEMO_UTILS/installs/lib -lnetcdf -lhdf5_hl -lhdf5 -lz -lcurl -o pres_temp_4D_wr pres_temp_4D_wr.o  -lnetcdf -lhdf5_hl -lhdf5 -ldl -lz -lcurl -lm -lmpi
libtool: link: /usr/bin/mpif90 -I../../fortran -I../../fortran -O3 -fPIC -o .libs/pres_temp_4D_wr pres_temp_4D_wr.o  ../../fortran/.libs/libnetcdff.so -L/home/romain/NEMO_UTILS/installs/lib /home/romain/NEMO_UTILS/installs/lib/libnetcdf.so /home/romain/NEMO_UTILS/installs/lib/libhdf5_hl.so /home/romain/NEMO_UTILS/installs/lib/libhdf5.so -ldl -lz /usr/lib/x86_64-linux-gnu/libcurl.so -lm -lmpi -pthread -Wl,-rpath -Wl,/home/romain/NEMO_UTILS/installs/lib
/usr/bin/mpif90 -I../../fortran   -I../../fortran -O3 -fPIC -c -o pres_temp_4D_rd.o  pres_temp_4D_rd.f90
/bin/bash ../../libtool  --tag=FC   --mode=link /usr/bin/mpif90 -I../../fortran   -I../../fortran -O3 -fPIC ../../fortran/libnetcdff.la -lnetcdf -L/home/romain/NEMO_UTILS/installs/lib -lnetcdf -lhdf5_hl -lhdf5 -lz -lcurl -o pres_temp_4D_rd pres_temp_4D_rd.o  -lnetcdf -lhdf5_hl -lhdf5 -ldl -lz -lcurl -lm -lmpi
libtool: link: /usr/bin/mpif90 -I../../fortran -I../../fortran -O3 -fPIC -o .libs/pres_temp_4D_rd pres_temp_4D_rd.o  ../../fortran/.libs/libnetcdff.so -L/home/romain/NEMO_UTILS/installs/lib /home/romain/NEMO_UTILS/installs/lib/libnetcdf.so /home/romain/NEMO_UTILS/installs/lib/libhdf5_hl.so /home/romain/NEMO_UTILS/installs/lib/libhdf5.so -ldl -lz /usr/lib/x86_64-linux-gnu/libcurl.so -lm -lmpi -pthread -Wl,-rpath -Wl,/home/romain/NEMO_UTILS/installs/lib
/usr/bin/mpif90 -I../../fortran   -I../../fortran -O3 -fPIC -c -o simple_xy_par_wr.o  simple_xy_par_wr.f90
/bin/bash ../../libtool  --tag=FC   --mode=link /usr/bin/mpif90 -I../../fortran   -I../../fortran -O3 -fPIC ../../fortran/libnetcdff.la -lnetcdf -L/home/romain/NEMO_UTILS/installs/lib -lnetcdf -lhdf5_hl -lhdf5 -lz -lcurl -o simple_xy_par_wr simple_xy_par_wr.o  -lnetcdf -lhdf5_hl -lhdf5 -ldl -lz -lcurl -lm -lmpi
libtool: link: /usr/bin/mpif90 -I../../fortran -I../../fortran -O3 -fPIC -o .libs/simple_xy_par_wr simple_xy_par_wr.o  ../../fortran/.libs/libnetcdff.so -L/home/romain/NEMO_UTILS/installs/lib /home/romain/NEMO_UTILS/installs/lib/libnetcdf.so /home/romain/NEMO_UTILS/installs/lib/libhdf5_hl.so /home/romain/NEMO_UTILS/installs/lib/libhdf5.so -ldl -lz /usr/lib/x86_64-linux-gnu/libcurl.so -lm -lmpi -pthread -Wl,-rpath -Wl,/home/romain/NEMO_UTILS/installs/lib
/usr/bin/mpif90 -I../../fortran   -I../../fortran -O3 -fPIC -c -o simple_xy_par_rd.o  simple_xy_par_rd.f90
/bin/bash ../../libtool  --tag=FC   --mode=link /usr/bin/mpif90 -I../../fortran   -I../../fortran -O3 -fPIC ../../fortran/libnetcdff.la -lnetcdf -L/home/romain/NEMO_UTILS/installs/lib -lnetcdf -lhdf5_hl -lhdf5 -lz -lcurl -o simple_xy_par_rd simple_xy_par_rd.o  -lnetcdf -lhdf5_hl -lhdf5 -ldl -lz -lcurl -lm -lmpi
libtool: link: /usr/bin/mpif90 -I../../fortran -I../../fortran -O3 -fPIC -o .libs/simple_xy_par_rd simple_xy_par_rd.o  ../../fortran/.libs/libnetcdff.so -L/home/romain/NEMO_UTILS/installs/lib /home/romain/NEMO_UTILS/installs/lib/libnetcdf.so /home/romain/NEMO_UTILS/installs/lib/libhdf5_hl.so /home/romain/NEMO_UTILS/installs/lib/libhdf5.so -ldl -lz /usr/lib/x86_64-linux-gnu/libcurl.so -lm -lmpi -pthread -Wl,-rpath -Wl,/home/romain/NEMO_UTILS/installs/lib
/usr/bin/mpif90 -I../../fortran   -I../../fortran -O3 -fPIC -c -o simple_xy_par_wr2.o  simple_xy_par_wr2.f90
/bin/bash ../../libtool  --tag=FC   --mode=link /usr/bin/mpif90 -I../../fortran   -I../../fortran -O3 -fPIC ../../fortran/libnetcdff.la -lnetcdf -L/home/romain/NEMO_UTILS/installs/lib -lnetcdf -lhdf5_hl -lhdf5 -lz -lcurl -o simple_xy_par_wr2 simple_xy_par_wr2.o  -lnetcdf -lhdf5_hl -lhdf5 -ldl -lz -lcurl -lm -lmpi
libtool: link: /usr/bin/mpif90 -I../../fortran -I../../fortran -O3 -fPIC -o .libs/simple_xy_par_wr2 simple_xy_par_wr2.o  ../../fortran/.libs/libnetcdff.so -L/home/romain/NEMO_UTILS/installs/lib /home/romain/NEMO_UTILS/installs/lib/libnetcdf.so /home/romain/NEMO_UTILS/installs/lib/libhdf5_hl.so /home/romain/NEMO_UTILS/installs/lib/libhdf5.so -ldl -lz /usr/lib/x86_64-linux-gnu/libcurl.so -lm -lmpi -pthread -Wl,-rpath -Wl,/home/romain/NEMO_UTILS/installs/lib
/usr/bin/mpif90 -I../../fortran   -I../../fortran -O3 -fPIC -c -o simple_xy_nc4_wr.o  simple_xy_nc4_wr.f90
/bin/bash ../../libtool  --tag=FC   --mode=link /usr/bin/mpif90 -I../../fortran   -I../../fortran -O3 -fPIC ../../fortran/libnetcdff.la -lnetcdf -L/home/romain/NEMO_UTILS/installs/lib -lnetcdf -lhdf5_hl -lhdf5 -lz -lcurl -o simple_xy_nc4_wr simple_xy_nc4_wr.o  -lnetcdf -lhdf5_hl -lhdf5 -ldl -lz -lcurl -lm -lmpi
libtool: link: /usr/bin/mpif90 -I../../fortran -I../../fortran -O3 -fPIC -o .libs/simple_xy_nc4_wr simple_xy_nc4_wr.o  ../../fortran/.libs/libnetcdff.so -L/home/romain/NEMO_UTILS/installs/lib /home/romain/NEMO_UTILS/installs/lib/libnetcdf.so /home/romain/NEMO_UTILS/installs/lib/libhdf5_hl.so /home/romain/NEMO_UTILS/installs/lib/libhdf5.so -ldl -lz /usr/lib/x86_64-linux-gnu/libcurl.so -lm -lmpi -pthread -Wl,-rpath -Wl,/home/romain/NEMO_UTILS/installs/lib
/usr/bin/mpif90 -I../../fortran   -I../../fortran -O3 -fPIC -c -o simple_xy_nc4_rd.o  simple_xy_nc4_rd.f90
/bin/bash ../../libtool  --tag=FC   --mode=link /usr/bin/mpif90 -I../../fortran   -I../../fortran -O3 -fPIC ../../fortran/libnetcdff.la -lnetcdf -L/home/romain/NEMO_UTILS/installs/lib -lnetcdf -lhdf5_hl -lhdf5 -lz -lcurl -o simple_xy_nc4_rd simple_xy_nc4_rd.o  -lnetcdf -lhdf5_hl -lhdf5 -ldl -lz -lcurl -lm -lmpi
libtool: link: /usr/bin/mpif90 -I../../fortran -I../../fortran -O3 -fPIC -o .libs/simple_xy_nc4_rd simple_xy_nc4_rd.o  ../../fortran/.libs/libnetcdff.so -L/home/romain/NEMO_UTILS/installs/lib /home/romain/NEMO_UTILS/installs/lib/libnetcdf.so /home/romain/NEMO_UTILS/installs/lib/libhdf5_hl.so /home/romain/NEMO_UTILS/installs/lib/libhdf5.so -ldl -lz /usr/lib/x86_64-linux-gnu/libcurl.so -lm -lmpi -pthread -Wl,-rpath -Wl,/home/romain/NEMO_UTILS/installs/lib
make[4]: Leaving directory '/home/romain/NEMO_UTILS/sources/NetCDF-fortran/netcdf-fortran-4.4.5/examples/F90'
make  check-TESTS
make[4]: Entering directory '/home/romain/NEMO_UTILS/sources/NetCDF-fortran/netcdf-fortran-4.4.5/examples/F90'
make[5]: Entering directory '/home/romain/NEMO_UTILS/sources/NetCDF-fortran/netcdf-fortran-4.4.5/examples/F90'
PASS: simple_xy_wr
PASS: simple_xy_rd
PASS: sfc_pres_temp_wr
PASS: sfc_pres_temp_rd
PASS: pres_temp_4D_wr
PASS: pres_temp_4D_rd
PASS: run_f90_par_examples.sh
PASS: simple_xy_nc4_wr
PASS: simple_xy_nc4_rd
============================================================================
Testsuite summary for netCDF-Fortran 4.4.6-development
============================================================================
# TOTAL: 9
# PASS:  9
# SKIP:  0
# XFAIL: 0
# FAIL:  0
# XPASS: 0
# ERROR: 0
============================================================================
make[5]: Leaving directory '/home/romain/NEMO_UTILS/sources/NetCDF-fortran/netcdf-fortran-4.4.5/examples/F90'
make[4]: Leaving directory '/home/romain/NEMO_UTILS/sources/NetCDF-fortran/netcdf-fortran-4.4.5/examples/F90'
make[3]: Leaving directory '/home/romain/NEMO_UTILS/sources/NetCDF-fortran/netcdf-fortran-4.4.5/examples/F90'
make[2]: Leaving directory '/home/romain/NEMO_UTILS/sources/NetCDF-fortran/netcdf-fortran-4.4.5/examples/F90'
make[2]: Entering directory '/home/romain/NEMO_UTILS/sources/NetCDF-fortran/netcdf-fortran-4.4.5/examples'
make[2]: Nothing to be done for 'check-am'.
make[2]: Leaving directory '/home/romain/NEMO_UTILS/sources/NetCDF-fortran/netcdf-fortran-4.4.5/examples'
make[1]: Leaving directory '/home/romain/NEMO_UTILS/sources/NetCDF-fortran/netcdf-fortran-4.4.5/examples'
Making check in CMakeExtras
make[1]: Entering directory '/home/romain/NEMO_UTILS/sources/NetCDF-fortran/netcdf-fortran-4.4.5/CMakeExtras'
make[1]: Nothing to be done for 'check'.
make[1]: Leaving directory '/home/romain/NEMO_UTILS/sources/NetCDF-fortran/netcdf-fortran-4.4.5/CMakeExtras'
